<?xml version="1.0" encoding="UTF-8"?>
<testng-results skipped="0" failed="1" ignored="3" total="7" passed="3">
  <reporter-output>
  </reporter-output>
  <suite name="s1" duration-ms="115551" started-at="2021-11-21T09:10:42 GMT+08:00" finished-at="2021-11-21T09:12:37 GMT+08:00">
    <groups>
    </groups>
    <test name="test1" duration-ms="115551" started-at="2021-11-21T09:10:42 GMT+08:00" finished-at="2021-11-21T09:12:37 GMT+08:00">
      <class name="test.hanxinjie.demo.testhanxinjie2">
        <test-method status="PASS" signature="doBeforeClass()[pri:0, instance:test.hanxinjie.demo.testhanxinjie2@458ad742]" name="doBeforeClass" is-config="true" duration-ms="4856" started-at="2021-11-21T09:11:13 GMT+08:00" finished-at="2021-11-21T09:11:18 GMT+08:00">
          <reporter-output>
          </reporter-output>
        </test-method> <!-- doBeforeClass -->
        <test-method status="PASS" signature="test01_collection()[pri:0, instance:test.hanxinjie.demo.testhanxinjie2@458ad742]" name="test01_collection" duration-ms="25354" started-at="2021-11-21T09:11:18 GMT+08:00" finished-at="2021-11-21T09:11:43 GMT+08:00">
          <reporter-output>
          </reporter-output>
        </test-method> <!-- test01_collection -->
        <test-method status="PASS" signature="doAfterMethod()[pri:0, instance:test.hanxinjie.demo.testhanxinjie2@458ad742]" name="doAfterMethod" is-config="true" duration-ms="0" started-at="2021-11-21T09:11:43 GMT+08:00" finished-at="2021-11-21T09:11:43 GMT+08:00">
          <reporter-output>
          </reporter-output>
        </test-method> <!-- doAfterMethod -->
      </class> <!-- test.hanxinjie.demo.testhanxinjie2 -->
      <class name="test.hanxinjie.demo.testhanxinjie1">
        <test-method status="PASS" signature="addListener(org.testng.ITestContext)[pri:0, instance:test.hanxinjie.demo.testhanxinjie1@2344fc66]" name="addListener" is-config="true" duration-ms="0" started-at="2021-11-21T09:10:42 GMT+08:00" description="请求一个监听器" finished-at="2021-11-21T09:10:42 GMT+08:00">
          <params>
            <param index="0">
              <value>
                <![CDATA[org.testng.TestRunner@759fad4]]>
              </value>
            </param>
          </params>
          <reporter-output>
          </reporter-output>
        </test-method> <!-- addListener -->
        <test-method status="PASS" signature="doBeforeClass()[pri:0, instance:test.hanxinjie.demo.testhanxinjie1@2344fc66]" name="doBeforeClass" is-config="true" duration-ms="5960" started-at="2021-11-21T09:10:42 GMT+08:00" finished-at="2021-11-21T09:10:48 GMT+08:00">
          <reporter-output>
          </reporter-output>
        </test-method> <!-- doBeforeClass -->
        <test-method status="PASS" signature="test01_collection()[pri:0, instance:test.hanxinjie.demo.testhanxinjie1@2344fc66]" name="test01_collection" duration-ms="25473" started-at="2021-11-21T09:10:48 GMT+08:00" finished-at="2021-11-21T09:11:13 GMT+08:00">
          <reporter-output>
          </reporter-output>
        </test-method> <!-- test01_collection -->
        <test-method status="PASS" signature="doAfterMethod()[pri:0, instance:test.hanxinjie.demo.testhanxinjie1@2344fc66]" name="doAfterMethod" is-config="true" duration-ms="0" started-at="2021-11-21T09:11:13 GMT+08:00" finished-at="2021-11-21T09:11:13 GMT+08:00">
          <reporter-output>
          </reporter-output>
        </test-method> <!-- doAfterMethod -->
      </class> <!-- test.hanxinjie.demo.testhanxinjie1 -->
      <class name="test.supeixian.demo.Test1">
        <test-method status="PASS" signature="doBeforeClass()[pri:0, instance:test.supeixian.demo.Test1@5afa04c]" name="doBeforeClass" is-config="true" duration-ms="4777" started-at="2021-11-21T09:11:43 GMT+08:00" finished-at="2021-11-21T09:11:48 GMT+08:00">
          <reporter-output>
          </reporter-output>
        </test-method> <!-- doBeforeClass -->
        <test-method status="PASS" signature="test01_collection()[pri:0, instance:test.supeixian.demo.Test1@5afa04c]" name="test01_collection" duration-ms="25369" started-at="2021-11-21T09:11:48 GMT+08:00" finished-at="2021-11-21T09:12:14 GMT+08:00">
          <reporter-output>
          </reporter-output>
        </test-method> <!-- test01_collection -->
        <test-method status="PASS" signature="doAfterMethod()[pri:0, instance:test.supeixian.demo.Test1@5afa04c]" name="doAfterMethod" is-config="true" duration-ms="0" started-at="2021-11-21T09:12:14 GMT+08:00" finished-at="2021-11-21T09:12:14 GMT+08:00">
          <reporter-output>
          </reporter-output>
        </test-method> <!-- doAfterMethod -->
      </class> <!-- test.supeixian.demo.Test1 -->
      <class name="test.supeixian.demo.Test2">
        <test-method status="PASS" signature="doBeforeClass()[pri:0, instance:test.supeixian.demo.Test2@6ea12c19]" name="doBeforeClass" is-config="true" duration-ms="4781" started-at="2021-11-21T09:12:14 GMT+08:00" finished-at="2021-11-21T09:12:18 GMT+08:00">
          <reporter-output>
          </reporter-output>
        </test-method> <!-- doBeforeClass -->
        <test-method status="FAIL" signature="test01_collection()[pri:0, instance:test.supeixian.demo.Test2@6ea12c19]" name="test01_collection" duration-ms="18215" started-at="2021-11-21T09:12:18 GMT+08:00" finished-at="2021-11-21T09:12:37 GMT+08:00">
          <exception class="java.lang.AssertionError">
            <message>
              <![CDATA[expected [http://localhost/jianyuluntan_2.4.6/index.php/denglu.html] but found [http://localhost/jianyuluntan_2.4.6/index.php/user/index/mycollection.html]]]>
            </message>
            <full-stacktrace>
              <![CDATA[java.lang.AssertionError: expected [http://localhost/jianyuluntan_2.4.6/index.php/denglu.html] but found [http://localhost/jianyuluntan_2.4.6/index.php/user/index/mycollection.html]
at org.testng.Assert.fail(Assert.java:99)
at org.testng.Assert.failNotEquals(Assert.java:1037)
at org.testng.Assert.assertEqualsImpl(Assert.java:140)
at org.testng.Assert.assertEquals(Assert.java:122)
at org.testng.Assert.assertEquals(Assert.java:629)
at org.testng.Assert.assertEquals(Assert.java:639)
at test.supeixian.demo.Test2.test01_collection(Unknown Source)
at sun.reflect.NativeMethodAccessorImpl.invoke0(Native Method)
at sun.reflect.NativeMethodAccessorImpl.invoke(NativeMethodAccessorImpl.java:62)
at sun.reflect.DelegatingMethodAccessorImpl.invoke(DelegatingMethodAccessorImpl.java:43)
at java.lang.reflect.Method.invoke(Method.java:498)
at org.testng.internal.MethodInvocationHelper.invokeMethod(MethodInvocationHelper.java:132)
at org.testng.internal.TestInvoker.invokeMethod(TestInvoker.java:599)
at org.testng.internal.TestInvoker.invokeTestMethod(TestInvoker.java:174)
at org.testng.internal.MethodRunner.runInSequence(MethodRunner.java:46)
at org.testng.internal.TestInvoker$MethodInvocationAgent.invoke(TestInvoker.java:822)
at org.testng.internal.TestInvoker.invokeTestMethods(TestInvoker.java:147)
at org.testng.internal.TestMethodWorker.invokeTestMethods(TestMethodWorker.java:146)
at org.testng.internal.TestMethodWorker.run(TestMethodWorker.java:128)
at java.util.ArrayList.forEach(ArrayList.java:1249)
at org.testng.TestRunner.privateRun(TestRunner.java:764)
at org.testng.TestRunner.run(TestRunner.java:585)
at org.testng.SuiteRunner.runTest(SuiteRunner.java:384)
at org.testng.SuiteRunner.runSequentially(SuiteRunner.java:378)
at org.testng.SuiteRunner.privateRun(SuiteRunner.java:337)
at org.testng.SuiteRunner.run(SuiteRunner.java:286)
at org.testng.SuiteRunnerWorker.runSuite(SuiteRunnerWorker.java:53)
at org.testng.SuiteRunnerWorker.run(SuiteRunnerWorker.java:96)
at org.testng.TestNG.runSuitesSequentially(TestNG.java:1218)
at org.testng.TestNG.runSuitesLocally(TestNG.java:1140)
at org.testng.TestNG.runSuites(TestNG.java:1069)
at org.testng.TestNG.run(TestNG.java:1037)
at org.testng.TestNG.privateMain(TestNG.java:1371)
at org.testng.TestNG.main(TestNG.java:1335)
]]>
            </full-stacktrace>
          </exception> <!-- java.lang.AssertionError -->
          <reporter-output>
          </reporter-output>
        </test-method> <!-- test01_collection -->
        <test-method status="PASS" signature="doAfterMethod()[pri:0, instance:test.supeixian.demo.Test2@6ea12c19]" name="doAfterMethod" is-config="true" duration-ms="682" started-at="2021-11-21T09:12:37 GMT+08:00" finished-at="2021-11-21T09:12:37 GMT+08:00">
          <reporter-output>
          </reporter-output>
        </test-method> <!-- doAfterMethod -->
      </class> <!-- test.supeixian.demo.Test2 -->
    </test> <!-- test1 -->
  </suite> <!-- s1 -->
</testng-results>
