<?xml version="1.0" encoding="UTF-8"?>
<!-- Generated by org.testng.reporters.JUnitXMLReporter -->
<testsuite hostname="LAPTOP-MJQEULQN" ignored="3" name="test1" tests="4" failures="1" timestamp="2021-11-21T09:12:37 GMT+08:00" time="115.551" errors="0">
  <testcase name="test01_collection" time="25.473" classname="test.hanxinjie.demo.testhanxinjie1"/>
  <testcase name="test01_collection" time="25.354" classname="test.hanxinjie.demo.testhanxinjie2"/>
  <testcase name="test01_collection" time="25.369" classname="test.supeixian.demo.Test1"/>
  <testcase name="test01_collection" time="18.215" classname="test.supeixian.demo.Test2">
    <failure type="java.lang.AssertionError" message="expected [http://localhost/jianyuluntan_2.4.6/index.php/denglu.html] but found [http://localhost/jianyuluntan_2.4.6/index.php/user/index/mycollection.html]">
      <![CDATA[java.lang.AssertionError: expected [http://localhost/jianyuluntan_2.4.6/index.php/denglu.html] but found [http://localhost/jianyuluntan_2.4.6/index.php/user/index/mycollection.html]
at test.supeixian.demo.Test2.test01_collection(Unknown Source)
at java.util.ArrayList.forEach(ArrayList.java:1249)
... Removed 32 stack frames]]>
    </failure>
  </testcase> <!-- test01_collection -->
  <testcase name="@BeforeSuite addListener" time="0.0" classname="com.webtest.core.BaseTest">
    <ignored/>
  </testcase> <!-- @BeforeSuite addListener -->
  <testcase name="@BeforeSuite addListener" time="0.0" classname="com.webtest.core.BaseTest">
    <ignored/>
  </testcase> <!-- @BeforeSuite addListener -->
  <testcase name="@BeforeSuite addListener" time="0.0" classname="com.webtest.core.BaseTest">
    <ignored/>
  </testcase> <!-- @BeforeSuite addListener -->
</testsuite> <!-- test1 -->
