<!DOCTYPE html>

<html>
  <head>
  <meta charset='utf-8'>
  <title>TestNG reports</title>

    <link type="text/css" href="testng-reports1.css" rel="stylesheet" id="ultra" />
    <link type="text/css" href="testng-reports.css" rel="stylesheet" id="retro" disabled="false"/>
    <script type="text/javascript" src="jquery-3.4.1.min.js"></script>
    <script type="text/javascript" src="testng-reports.js"></script>
    <script type="text/javascript" src="https://www.google.com/jsapi"></script>
    <script type='text/javascript'>
      google.load('visualization', '1', {packages:['table']});
      google.setOnLoadCallback(drawTable);
      var suiteTableInitFunctions = new Array();
      var suiteTableData = new Array();
    </script>
    <!--
      <script type="text/javascript" src="jquery-ui/js/jquery-ui-1.8.16.custom.min.js"></script>
     -->
  </head>

  <body>
    <div class="top-banner-root">
      <span class="top-banner-title-font">Test results</span>
      <button id="button" class="button">Switch Retro Theme</button> <!-- button -->
      <br/>
      <span class="top-banner-font-1">1 suite, 11 failed tests</span>
    </div> <!-- top-banner-root -->
    <div class="navigator-root">
      <div class="navigator-suite-header">
        <span>All suites</span>
        <a href="#" title="Collapse/expand all the suites" class="collapse-all-link">
          <img src="collapseall.gif" class="collapse-all-icon">
          </img> <!-- collapse-all-icon -->
        </a> <!-- collapse-all-link -->
      </div> <!-- navigator-suite-header -->
      <div class="suite">
        <div class="rounded-window">
          <div class="suite-header light-rounded-window-top">
            <a href="#" panel-name="suite-Default_suite" class="navigator-link">
              <span class="suite-name border-failed">Default suite</span>
            </a> <!-- navigator-link -->
          </div> <!-- suite-header light-rounded-window-top -->
          <div class="navigator-suite-content">
            <div class="suite-section-title">
              <span>Info</span>
            </div> <!-- suite-section-title -->
            <div class="suite-section-content">
              <ul>
                <li>
                  <a href="#" panel-name="test-xml-Default_suite" class="navigator-link ">
                    <span>C:\Users\苏培贤\AppData\Local\Temp\testng-eclipse--1250345223\testng-customsuite.xml</span>
                  </a> <!-- navigator-link  -->
                </li>
                <li>
                  <a href="#" panel-name="testlist-Default_suite" class="navigator-link ">
                    <span class="test-stats">1 test</span>
                  </a> <!-- navigator-link  -->
                </li>
                <li>
                  <a href="#" panel-name="group-Default_suite" class="navigator-link ">
                    <span>0 groups</span>
                  </a> <!-- navigator-link  -->
                </li>
                <li>
                  <a href="#" panel-name="times-Default_suite" class="navigator-link ">
                    <span>Times</span>
                  </a> <!-- navigator-link  -->
                </li>
                <li>
                  <a href="#" panel-name="reporter-Default_suite" class="navigator-link ">
                    <span>Reporter output</span>
                  </a> <!-- navigator-link  -->
                </li>
                <li>
                  <a href="#" panel-name="ignored-methods-Default_suite" class="navigator-link ">
                    <span>Ignored methods</span>
                  </a> <!-- navigator-link  -->
                </li>
                <li>
                  <a href="#" panel-name="chronological-Default_suite" class="navigator-link ">
                    <span>Chronological view</span>
                  </a> <!-- navigator-link  -->
                </li>
              </ul>
            </div> <!-- suite-section-content -->
            <div class="result-section">
              <div class="suite-section-title">
                <span>Results</span>
              </div> <!-- suite-section-title -->
              <div class="suite-section-content">
                <ul>
                  <li>
                    <span class="method-stats">35 methods, 11 failed,   24 passed</span>
                  </li>
                  <li>
                    <span class="method-list-title failed">Failed methods</span>
                    <span class="show-or-hide-methods failed">
                      <a href="#" panel-name="suite-Default_suite" class="hide-methods failed suite-Default_suite"> (hide)</a> <!-- hide-methods failed suite-Default_suite -->
                      <a href="#" panel-name="suite-Default_suite" class="show-methods failed suite-Default_suite"> (show)</a> <!-- show-methods failed suite-Default_suite -->
                    </span>
                    <div class="method-list-content failed suite-Default_suite">
                      <span>
                        <img src="failed.png" width="3%"/>
                        <a href="#" panel-name="suite-Default_suite" title="test.supeixian.demo.TestMyTracks" class="method navigator-link" hash-for-method="test06_collection_clicklong">test06_collection_clicklong</a> <!-- method navigator-link -->
                      </span>
                      <br/>
                      <span>
                        <img src="failed.png" width="3%"/>
                        <a href="#" panel-name="suite-Default_suite" title="test.supeixian.demo.TestMyTracks" class="method navigator-link" hash-for-method="test07_collection_more">test07_collection_more</a> <!-- method navigator-link -->
                      </span>
                      <br/>
                      <span>
                        <img src="failed.png" width="3%"/>
                        <a href="#" panel-name="suite-Default_suite" title="test.supeixian.demo.TestMyTracks" class="method navigator-link" hash-for-method="test13_dele_fabulous_record">test13_dele_fabulous_record</a> <!-- method navigator-link -->
                      </span>
                      <br/>
                      <span>
                        <img src="failed.png" width="3%"/>
                        <a href="#" panel-name="suite-Default_suite" title="test.supeixian.demo.TestMyTracks" class="method navigator-link" hash-for-method="test15_into_dislike_post">test15_into_dislike_post</a> <!-- method navigator-link -->
                      </span>
                      <br/>
                      <span>
                        <img src="failed.png" width="3%"/>
                        <a href="#" panel-name="suite-Default_suite" title="test.supeixian.demo.TestMyTracks" class="method navigator-link" hash-for-method="test17_dislike_success">test17_dislike_success</a> <!-- method navigator-link -->
                      </span>
                      <br/>
                      <span>
                        <img src="failed.png" width="3%"/>
                        <a href="#" panel-name="suite-Default_suite" title="test.supeixian.demo.TestMyTracks" class="method navigator-link" hash-for-method="test21_like_follow_post_success">test21_like_follow_post_success</a> <!-- method navigator-link -->
                      </span>
                      <br/>
                      <span>
                        <img src="failed.png" width="3%"/>
                        <a href="#" panel-name="suite-Default_suite" title="test.supeixian.demo.TestMyTracks" class="method navigator-link" hash-for-method="test23_into_details">test23_into_details</a> <!-- method navigator-link -->
                      </span>
                      <br/>
                      <span>
                        <img src="failed.png" width="3%"/>
                        <a href="#" panel-name="suite-Default_suite" title="test.supeixian.demo.TestMyTracks" class="method navigator-link" hash-for-method="test25_dele_disliked_follows_fail">test25_dele_disliked_follows_fail</a> <!-- method navigator-link -->
                      </span>
                      <br/>
                      <span>
                        <img src="failed.png" width="3%"/>
                        <a href="#" panel-name="suite-Default_suite" title="test.supeixian.demo.TestMyTracks" class="method navigator-link" hash-for-method="test26_dislike_follows">test26_dislike_follows</a> <!-- method navigator-link -->
                      </span>
                      <br/>
                      <span>
                        <img src="failed.png" width="3%"/>
                        <a href="#" panel-name="suite-Default_suite" title="test.supeixian.demo.TestMyTracks" class="method navigator-link" hash-for-method="test28_into_payment_page">test28_into_payment_page</a> <!-- method navigator-link -->
                      </span>
                      <br/>
                      <span>
                        <img src="failed.png" width="3%"/>
                        <a href="#" panel-name="suite-Default_suite" title="test.supeixian.demo.TestMyTracks" class="method navigator-link" hash-for-method="test34_visit_history">test34_visit_history</a> <!-- method navigator-link -->
                      </span>
                      <br/>
                    </div> <!-- method-list-content failed suite-Default_suite -->
                  </li>
                  <li>
                    <span class="method-list-title passed">Passed methods</span>
                    <span class="show-or-hide-methods passed">
                      <a href="#" panel-name="suite-Default_suite" class="hide-methods passed suite-Default_suite"> (hide)</a> <!-- hide-methods passed suite-Default_suite -->
                      <a href="#" panel-name="suite-Default_suite" class="show-methods passed suite-Default_suite"> (show)</a> <!-- show-methods passed suite-Default_suite -->
                    </span>
                    <div class="method-list-content passed suite-Default_suite">
                      <span>
                        <img src="passed.png" width="3%"/>
                        <a href="#" panel-name="suite-Default_suite" title="test.supeixian.demo.TestMyTracks" class="method navigator-link" hash-for-method="test01_collection">test01_collection</a> <!-- method navigator-link -->
                      </span>
                      <br/>
                      <span>
                        <img src="passed.png" width="3%"/>
                        <a href="#" panel-name="suite-Default_suite" title="test.supeixian.demo.TestMyTracks" class="method navigator-link" hash-for-method="test02_collection_details">test02_collection_details</a> <!-- method navigator-link -->
                      </span>
                      <br/>
                      <span>
                        <img src="passed.png" width="3%"/>
                        <a href="#" panel-name="suite-Default_suite" title="test.supeixian.demo.TestMyTracks" class="method navigator-link" hash-for-method="test03_collection_delete_success">test03_collection_delete_success</a> <!-- method navigator-link -->
                      </span>
                      <br/>
                      <span>
                        <img src="passed.png" width="3%"/>
                        <a href="#" panel-name="suite-Default_suite" title="test.supeixian.demo.TestMyTracks" class="method navigator-link" hash-for-method="test04_collection_delete_fail">test04_collection_delete_fail</a> <!-- method navigator-link -->
                      </span>
                      <br/>
                      <span>
                        <img src="passed.png" width="3%"/>
                        <a href="#" panel-name="suite-Default_suite" title="test.supeixian.demo.TestMyTracks" class="method navigator-link" hash-for-method="test05_collection_many">test05_collection_many</a> <!-- method navigator-link -->
                      </span>
                      <br/>
                      <span>
                        <img src="passed.png" width="3%"/>
                        <a href="#" panel-name="suite-Default_suite" title="test.supeixian.demo.TestMyTracks" class="method navigator-link" hash-for-method="test08_visited_posts">test08_visited_posts</a> <!-- method navigator-link -->
                      </span>
                      <br/>
                      <span>
                        <img src="passed.png" width="3%"/>
                        <a href="#" panel-name="suite-Default_suite" title="test.supeixian.demo.TestMyTracks" class="method navigator-link" hash-for-method="test09_visited_posts_enter_main">test09_visited_posts_enter_main</a> <!-- method navigator-link -->
                      </span>
                      <br/>
                      <span>
                        <img src="passed.png" width="3%"/>
                        <a href="#" panel-name="suite-Default_suite" title="test.supeixian.demo.TestMyTracks" class="method navigator-link" hash-for-method="test10_fold">test10_fold</a> <!-- method navigator-link -->
                      </span>
                      <br/>
                      <span>
                        <img src="passed.png" width="3%"/>
                        <a href="#" panel-name="suite-Default_suite" title="test.supeixian.demo.TestMyTracks" class="method navigator-link" hash-for-method="test11_fabulous">test11_fabulous</a> <!-- method navigator-link -->
                      </span>
                      <br/>
                      <span>
                        <img src="passed.png" width="3%"/>
                        <a href="#" panel-name="suite-Default_suite" title="test.supeixian.demo.TestMyTracks" class="method navigator-link" hash-for-method="test12_zan_moretime">test12_zan_moretime</a> <!-- method navigator-link -->
                      </span>
                      <br/>
                      <span>
                        <img src="passed.png" width="3%"/>
                        <a href="#" panel-name="suite-Default_suite" title="test.supeixian.demo.TestMyTracks" class="method navigator-link" hash-for-method="test14_fabulous_success">test14_fabulous_success</a> <!-- method navigator-link -->
                      </span>
                      <br/>
                      <span>
                        <img src="passed.png" width="3%"/>
                        <a href="#" panel-name="suite-Default_suite" title="test.supeixian.demo.TestMyTracks" class="method navigator-link" hash-for-method="test16_dele_dislike_post">test16_dele_dislike_post</a> <!-- method navigator-link -->
                      </span>
                      <br/>
                      <span>
                        <img src="passed.png" width="3%"/>
                        <a href="#" panel-name="suite-Default_suite" title="test.supeixian.demo.TestMyTracks" class="method navigator-link" hash-for-method="test18_into_comment">test18_into_comment</a> <!-- method navigator-link -->
                      </span>
                      <br/>
                      <span>
                        <img src="passed.png" width="3%"/>
                        <a href="#" panel-name="suite-Default_suite" title="test.supeixian.demo.TestMyTracks" class="method navigator-link" hash-for-method="test19_from_comment_into_post">test19_from_comment_into_post</a> <!-- method navigator-link -->
                      </span>
                      <br/>
                      <span>
                        <img src="passed.png" width="3%"/>
                        <a href="#" panel-name="suite-Default_suite" title="test.supeixian.demo.TestMyTracks" class="method navigator-link" hash-for-method="test20_dele_like_follow_post">test20_dele_like_follow_post</a> <!-- method navigator-link -->
                      </span>
                      <br/>
                      <span>
                        <img src="passed.png" width="3%"/>
                        <a href="#" panel-name="suite-Default_suite" title="test.supeixian.demo.TestMyTracks" class="method navigator-link" hash-for-method="test22_into_disliked_follow">test22_into_disliked_follow</a> <!-- method navigator-link -->
                      </span>
                      <br/>
                      <span>
                        <img src="passed.png" width="3%"/>
                        <a href="#" panel-name="suite-Default_suite" title="test.supeixian.demo.TestMyTracks" class="method navigator-link" hash-for-method="test24_dele_disliked_follows">test24_dele_disliked_follows</a> <!-- method navigator-link -->
                      </span>
                      <br/>
                      <span>
                        <img src="passed.png" width="3%"/>
                        <a href="#" panel-name="suite-Default_suite" title="test.supeixian.demo.TestMyTracks" class="method navigator-link" hash-for-method="test27_into_payment_history_page">test27_into_payment_history_page</a> <!-- method navigator-link -->
                      </span>
                      <br/>
                      <span>
                        <img src="passed.png" width="3%"/>
                        <a href="#" panel-name="suite-Default_suite" title="test.supeixian.demo.TestMyTracks" class="method navigator-link" hash-for-method="test29_return_page">test29_return_page</a> <!-- method navigator-link -->
                      </span>
                      <br/>
                      <span>
                        <img src="passed.png" width="3%"/>
                        <a href="#" panel-name="suite-Default_suite" title="test.supeixian.demo.TestMyTracks" class="method navigator-link" hash-for-method="test30_scroll_banner">test30_scroll_banner</a> <!-- method navigator-link -->
                      </span>
                      <br/>
                      <span>
                        <img src="passed.png" width="3%"/>
                        <a href="#" panel-name="suite-Default_suite" title="test.supeixian.demo.TestMyTracks" class="method navigator-link" hash-for-method="test31_cai_genteibyself">test31_cai_genteibyself</a> <!-- method navigator-link -->
                      </span>
                      <br/>
                      <span>
                        <img src="passed.png" width="3%"/>
                        <a href="#" panel-name="suite-Default_suite" title="test.supeixian.demo.TestMyTracks" class="method navigator-link" hash-for-method="test32_after_delete_into_mainpage">test32_after_delete_into_mainpage</a> <!-- method navigator-link -->
                      </span>
                      <br/>
                      <span>
                        <img src="passed.png" width="3%"/>
                        <a href="#" panel-name="suite-Default_suite" title="test.supeixian.demo.TestMyTracks" class="method navigator-link" hash-for-method="test33_change_page">test33_change_page</a> <!-- method navigator-link -->
                      </span>
                      <br/>
                      <span>
                        <img src="passed.png" width="3%"/>
                        <a href="#" panel-name="suite-Default_suite" title="test.supeixian.demo.TestMyTracks" class="method navigator-link" hash-for-method="test35_payment_page">test35_payment_page</a> <!-- method navigator-link -->
                      </span>
                      <br/>
                    </div> <!-- method-list-content passed suite-Default_suite -->
                  </li>
                </ul>
              </div> <!-- suite-section-content -->
            </div> <!-- result-section -->
          </div> <!-- navigator-suite-content -->
        </div> <!-- rounded-window -->
      </div> <!-- suite -->
    </div> <!-- navigator-root -->
    <div class="wrapper">
      <div class="main-panel-root">
        <div panel-name="suite-Default_suite" class="panel Default_suite">
          <div class="suite-Default_suite-class-failed">
            <div class="main-panel-header rounded-window-top">
              <img src="failed.png"/>
              <span class="class-name">test.supeixian.demo.TestMyTracks</span>
            </div> <!-- main-panel-header rounded-window-top -->
            <div class="main-panel-content rounded-window-bottom">
              <div class="method">
                <div class="method-content">
                  <a name="test06_collection_clicklong">
                  </a> <!-- test06_collection_clicklong -->
                  <span class="method-name">test06_collection_clicklong</span>
                  <div class="stack-trace">org.openqa.selenium.ElementClickInterceptedException: Element &lt;a class=&quot;text-info&quot; href=&quot;/jianyuluntan_2.4.6/index.php/post/18.html&quot;&gt; is not clickable at point (312,16) because another element &lt;div class=&quot;collapse navbar-collapse&quot;&gt; obscures it
Build info: version: &apos;3.141.59&apos;, revision: &apos;e82be7d358&apos;, time: &apos;2018-11-14T08:25:53&apos;
System info: host: &apos;LAPTOP-MJQEULQN&apos;, ip: &apos;169.254.17.14&apos;, os.name: &apos;Windows 10&apos;, os.arch: &apos;amd64&apos;, os.version: &apos;10.0&apos;, java.version: &apos;11.0.2&apos;
Driver info: org.openqa.selenium.firefox.FirefoxDriver
Capabilities {acceptInsecureCerts: true, browserName: firefox, browserVersion: 86.0, javascriptEnabled: true, moz:accessibilityChecks: false, moz:buildID: 20210222142601, moz:geckodriverVersion: 0.29.0, moz:headless: false, moz:processID: 12052, moz:profile: C:\Users\苏培贤\AppData\Local\..., moz:shutdownTimeout: 60000, moz:useNonSpecCompliantPointerOrigin: false, moz:webdriverClick: true, pageLoadStrategy: normal, platform: WINDOWS, platformName: WINDOWS, platformVersion: 10.0, rotatable: false, setWindowRect: true, strictFileInteractability: false, timeouts: {implicit: 0, pageLoad: 300000, script: 30000}, unhandledPromptBehavior: dismiss and notify}
Session ID: ff5e75c8-3e5e-4931-941c-d00747879ac6
	at java.base/jdk.internal.reflect.NativeConstructorAccessorImpl.newInstance0(Native Method)
	at java.base/jdk.internal.reflect.NativeConstructorAccessorImpl.newInstance(NativeConstructorAccessorImpl.java:62)
	at java.base/jdk.internal.reflect.DelegatingConstructorAccessorImpl.newInstance(DelegatingConstructorAccessorImpl.java:45)
	at java.base/java.lang.reflect.Constructor.newInstance(Constructor.java:490)
	at org.openqa.selenium.remote.http.W3CHttpResponseCodec.createException(W3CHttpResponseCodec.java:187)
	at org.openqa.selenium.remote.http.W3CHttpResponseCodec.decode(W3CHttpResponseCodec.java:122)
	at org.openqa.selenium.remote.http.W3CHttpResponseCodec.decode(W3CHttpResponseCodec.java:49)
	at org.openqa.selenium.remote.HttpCommandExecutor.execute(HttpCommandExecutor.java:158)
	at org.openqa.selenium.remote.service.DriverCommandExecutor.execute(DriverCommandExecutor.java:83)
	at org.openqa.selenium.remote.RemoteWebDriver.execute(RemoteWebDriver.java:552)
	at org.openqa.selenium.remote.RemoteWebElement.execute(RemoteWebElement.java:285)
	at org.openqa.selenium.remote.RemoteWebElement.click(RemoteWebElement.java:84)
	at com.webtest.core.WebDriverEngine.clickLonger(WebDriverEngine.java:159)
	at test.supeixian.demo.TestMyTracks.test06_collection_clicklong(TestMyTracks.java:130)
	at java.base/jdk.internal.reflect.NativeMethodAccessorImpl.invoke0(Native Method)
	at java.base/jdk.internal.reflect.NativeMethodAccessorImpl.invoke(NativeMethodAccessorImpl.java:62)
	at java.base/jdk.internal.reflect.DelegatingMethodAccessorImpl.invoke(DelegatingMethodAccessorImpl.java:43)
	at java.base/java.lang.reflect.Method.invoke(Method.java:566)
	at org.testng.internal.MethodInvocationHelper.invokeMethod(MethodInvocationHelper.java:132)
	at org.testng.internal.TestInvoker.invokeMethod(TestInvoker.java:599)
	at org.testng.internal.TestInvoker.invokeTestMethod(TestInvoker.java:174)
	at org.testng.internal.MethodRunner.runInSequence(MethodRunner.java:46)
	at org.testng.internal.TestInvoker$MethodInvocationAgent.invoke(TestInvoker.java:822)
	at org.testng.internal.TestInvoker.invokeTestMethods(TestInvoker.java:147)
	at org.testng.internal.TestMethodWorker.invokeTestMethods(TestMethodWorker.java:146)
	at org.testng.internal.TestMethodWorker.run(TestMethodWorker.java:128)
	at java.base/java.util.ArrayList.forEach(ArrayList.java:1540)
	at org.testng.TestRunner.privateRun(TestRunner.java:764)
	at org.testng.TestRunner.run(TestRunner.java:585)
	at org.testng.SuiteRunner.runTest(SuiteRunner.java:384)
	at org.testng.SuiteRunner.runSequentially(SuiteRunner.java:378)
	at org.testng.SuiteRunner.privateRun(SuiteRunner.java:337)
	at org.testng.SuiteRunner.run(SuiteRunner.java:286)
	at org.testng.SuiteRunnerWorker.runSuite(SuiteRunnerWorker.java:53)
	at org.testng.SuiteRunnerWorker.run(SuiteRunnerWorker.java:96)
	at org.testng.TestNG.runSuitesSequentially(TestNG.java:1218)
	at org.testng.TestNG.runSuitesLocally(TestNG.java:1140)
	at org.testng.TestNG.runSuites(TestNG.java:1069)
	at org.testng.TestNG.run(TestNG.java:1037)
	at org.testng.remote.AbstractRemoteTestNG.run(AbstractRemoteTestNG.java:115)
	at org.testng.remote.RemoteTestNG.initAndRun(RemoteTestNG.java:251)
	at org.testng.remote.RemoteTestNG.main(RemoteTestNG.java:77)

</div> <!-- stack-trace -->
                </div> <!-- method-content -->
              </div> <!-- method -->
              <div class="method">
                <div class="method-content">
                  <a name="test07_collection_more">
                  </a> <!-- test07_collection_more -->
                  <span class="method-name">test07_collection_more</span>
                  <div class="stack-trace">java.lang.AssertionError: expected [false] but found [true]
	at org.testng.Assert.fail(Assert.java:99)
	at org.testng.Assert.failNotEquals(Assert.java:1037)
	at org.testng.Assert.assertEqualsImpl(Assert.java:140)
	at org.testng.Assert.assertEquals(Assert.java:122)
	at org.testng.Assert.assertEquals(Assert.java:819)
	at org.testng.Assert.assertEquals(Assert.java:829)
	at test.supeixian.demo.TestMyTracks.test07_collection_more(TestMyTracks.java:170)
	at java.base/jdk.internal.reflect.NativeMethodAccessorImpl.invoke0(Native Method)
	at java.base/jdk.internal.reflect.NativeMethodAccessorImpl.invoke(NativeMethodAccessorImpl.java:62)
	at java.base/jdk.internal.reflect.DelegatingMethodAccessorImpl.invoke(DelegatingMethodAccessorImpl.java:43)
	at java.base/java.lang.reflect.Method.invoke(Method.java:566)
	at org.testng.internal.MethodInvocationHelper.invokeMethod(MethodInvocationHelper.java:132)
	at org.testng.internal.TestInvoker.invokeMethod(TestInvoker.java:599)
	at org.testng.internal.TestInvoker.invokeTestMethod(TestInvoker.java:174)
	at org.testng.internal.MethodRunner.runInSequence(MethodRunner.java:46)
	at org.testng.internal.TestInvoker$MethodInvocationAgent.invoke(TestInvoker.java:822)
	at org.testng.internal.TestInvoker.invokeTestMethods(TestInvoker.java:147)
	at org.testng.internal.TestMethodWorker.invokeTestMethods(TestMethodWorker.java:146)
	at org.testng.internal.TestMethodWorker.run(TestMethodWorker.java:128)
	at java.base/java.util.ArrayList.forEach(ArrayList.java:1540)
	at org.testng.TestRunner.privateRun(TestRunner.java:764)
	at org.testng.TestRunner.run(TestRunner.java:585)
	at org.testng.SuiteRunner.runTest(SuiteRunner.java:384)
	at org.testng.SuiteRunner.runSequentially(SuiteRunner.java:378)
	at org.testng.SuiteRunner.privateRun(SuiteRunner.java:337)
	at org.testng.SuiteRunner.run(SuiteRunner.java:286)
	at org.testng.SuiteRunnerWorker.runSuite(SuiteRunnerWorker.java:53)
	at org.testng.SuiteRunnerWorker.run(SuiteRunnerWorker.java:96)
	at org.testng.TestNG.runSuitesSequentially(TestNG.java:1218)
	at org.testng.TestNG.runSuitesLocally(TestNG.java:1140)
	at org.testng.TestNG.runSuites(TestNG.java:1069)
	at org.testng.TestNG.run(TestNG.java:1037)
	at org.testng.remote.AbstractRemoteTestNG.run(AbstractRemoteTestNG.java:115)
	at org.testng.remote.RemoteTestNG.initAndRun(RemoteTestNG.java:251)
	at org.testng.remote.RemoteTestNG.main(RemoteTestNG.java:77)

</div> <!-- stack-trace -->
                </div> <!-- method-content -->
              </div> <!-- method -->
              <div class="method">
                <div class="method-content">
                  <a name="test13_dele_fabulous_record">
                  </a> <!-- test13_dele_fabulous_record -->
                  <span class="method-name">test13_dele_fabulous_record</span>
                  <div class="stack-trace">java.lang.AssertionError: expected [true] but found [false]
	at org.testng.Assert.fail(Assert.java:99)
	at org.testng.Assert.failNotEquals(Assert.java:1037)
	at org.testng.Assert.assertEqualsImpl(Assert.java:140)
	at org.testng.Assert.assertEquals(Assert.java:122)
	at org.testng.Assert.assertEquals(Assert.java:819)
	at org.testng.Assert.assertEquals(Assert.java:829)
	at test.supeixian.demo.TestMyTracks.test13_dele_fabulous_record(TestMyTracks.java:270)
	at java.base/jdk.internal.reflect.NativeMethodAccessorImpl.invoke0(Native Method)
	at java.base/jdk.internal.reflect.NativeMethodAccessorImpl.invoke(NativeMethodAccessorImpl.java:62)
	at java.base/jdk.internal.reflect.DelegatingMethodAccessorImpl.invoke(DelegatingMethodAccessorImpl.java:43)
	at java.base/java.lang.reflect.Method.invoke(Method.java:566)
	at org.testng.internal.MethodInvocationHelper.invokeMethod(MethodInvocationHelper.java:132)
	at org.testng.internal.TestInvoker.invokeMethod(TestInvoker.java:599)
	at org.testng.internal.TestInvoker.invokeTestMethod(TestInvoker.java:174)
	at org.testng.internal.MethodRunner.runInSequence(MethodRunner.java:46)
	at org.testng.internal.TestInvoker$MethodInvocationAgent.invoke(TestInvoker.java:822)
	at org.testng.internal.TestInvoker.invokeTestMethods(TestInvoker.java:147)
	at org.testng.internal.TestMethodWorker.invokeTestMethods(TestMethodWorker.java:146)
	at org.testng.internal.TestMethodWorker.run(TestMethodWorker.java:128)
	at java.base/java.util.ArrayList.forEach(ArrayList.java:1540)
	at org.testng.TestRunner.privateRun(TestRunner.java:764)
	at org.testng.TestRunner.run(TestRunner.java:585)
	at org.testng.SuiteRunner.runTest(SuiteRunner.java:384)
	at org.testng.SuiteRunner.runSequentially(SuiteRunner.java:378)
	at org.testng.SuiteRunner.privateRun(SuiteRunner.java:337)
	at org.testng.SuiteRunner.run(SuiteRunner.java:286)
	at org.testng.SuiteRunnerWorker.runSuite(SuiteRunnerWorker.java:53)
	at org.testng.SuiteRunnerWorker.run(SuiteRunnerWorker.java:96)
	at org.testng.TestNG.runSuitesSequentially(TestNG.java:1218)
	at org.testng.TestNG.runSuitesLocally(TestNG.java:1140)
	at org.testng.TestNG.runSuites(TestNG.java:1069)
	at org.testng.TestNG.run(TestNG.java:1037)
	at org.testng.remote.AbstractRemoteTestNG.run(AbstractRemoteTestNG.java:115)
	at org.testng.remote.RemoteTestNG.initAndRun(RemoteTestNG.java:251)
	at org.testng.remote.RemoteTestNG.main(RemoteTestNG.java:77)

</div> <!-- stack-trace -->
                </div> <!-- method-content -->
              </div> <!-- method -->
              <div class="method">
                <div class="method-content">
                  <a name="test15_into_dislike_post">
                  </a> <!-- test15_into_dislike_post -->
                  <span class="method-name">test15_into_dislike_post</span>
                  <div class="stack-trace">org.openqa.selenium.ElementClickInterceptedException: Element &lt;a class=&quot;nav-link text-dark&quot; href=&quot;/jianyuluntan_2.4.6/index.php/user/index/dislikedpost.html&quot;&gt; is not clickable at point (118,722) because another element &lt;div class=&quot;fixed-bottom text-right&quot;&gt; obscures it
Build info: version: &apos;3.141.59&apos;, revision: &apos;e82be7d358&apos;, time: &apos;2018-11-14T08:25:53&apos;
System info: host: &apos;LAPTOP-MJQEULQN&apos;, ip: &apos;169.254.17.14&apos;, os.name: &apos;Windows 10&apos;, os.arch: &apos;amd64&apos;, os.version: &apos;10.0&apos;, java.version: &apos;11.0.2&apos;
Driver info: org.openqa.selenium.firefox.FirefoxDriver
Capabilities {acceptInsecureCerts: true, browserName: firefox, browserVersion: 86.0, javascriptEnabled: true, moz:accessibilityChecks: false, moz:buildID: 20210222142601, moz:geckodriverVersion: 0.29.0, moz:headless: false, moz:processID: 55096, moz:profile: C:\Users\苏培贤\AppData\Local\..., moz:shutdownTimeout: 60000, moz:useNonSpecCompliantPointerOrigin: false, moz:webdriverClick: true, pageLoadStrategy: normal, platform: WINDOWS, platformName: WINDOWS, platformVersion: 10.0, rotatable: false, setWindowRect: true, strictFileInteractability: false, timeouts: {implicit: 0, pageLoad: 300000, script: 30000}, unhandledPromptBehavior: dismiss and notify}
Session ID: 0a327599-e41e-41af-ba56-907138118d1a
	at java.base/jdk.internal.reflect.NativeConstructorAccessorImpl.newInstance0(Native Method)
	at java.base/jdk.internal.reflect.NativeConstructorAccessorImpl.newInstance(NativeConstructorAccessorImpl.java:62)
	at java.base/jdk.internal.reflect.DelegatingConstructorAccessorImpl.newInstance(DelegatingConstructorAccessorImpl.java:45)
	at java.base/java.lang.reflect.Constructor.newInstance(Constructor.java:490)
	at org.openqa.selenium.remote.http.W3CHttpResponseCodec.createException(W3CHttpResponseCodec.java:187)
	at org.openqa.selenium.remote.http.W3CHttpResponseCodec.decode(W3CHttpResponseCodec.java:122)
	at org.openqa.selenium.remote.http.W3CHttpResponseCodec.decode(W3CHttpResponseCodec.java:49)
	at org.openqa.selenium.remote.HttpCommandExecutor.execute(HttpCommandExecutor.java:158)
	at org.openqa.selenium.remote.service.DriverCommandExecutor.execute(DriverCommandExecutor.java:83)
	at org.openqa.selenium.remote.RemoteWebDriver.execute(RemoteWebDriver.java:552)
	at org.openqa.selenium.remote.RemoteWebElement.execute(RemoteWebElement.java:285)
	at org.openqa.selenium.remote.RemoteWebElement.click(RemoteWebElement.java:84)
	at com.webtest.core.WebDriverEngine.click(WebDriverEngine.java:149)
	at test.supeixian.demo.TestMyTracks.test15_into_dislike_post(TestMyTracks.java:298)
	at java.base/jdk.internal.reflect.NativeMethodAccessorImpl.invoke0(Native Method)
	at java.base/jdk.internal.reflect.NativeMethodAccessorImpl.invoke(NativeMethodAccessorImpl.java:62)
	at java.base/jdk.internal.reflect.DelegatingMethodAccessorImpl.invoke(DelegatingMethodAccessorImpl.java:43)
	at java.base/java.lang.reflect.Method.invoke(Method.java:566)
	at org.testng.internal.MethodInvocationHelper.invokeMethod(MethodInvocationHelper.java:132)
	at org.testng.internal.TestInvoker.invokeMethod(TestInvoker.java:599)
	at org.testng.internal.TestInvoker.invokeTestMethod(TestInvoker.java:174)
	at org.testng.internal.MethodRunner.runInSequence(MethodRunner.java:46)
	at org.testng.internal.TestInvoker$MethodInvocationAgent.invoke(TestInvoker.java:822)
	at org.testng.internal.TestInvoker.invokeTestMethods(TestInvoker.java:147)
	at org.testng.internal.TestMethodWorker.invokeTestMethods(TestMethodWorker.java:146)
	at org.testng.internal.TestMethodWorker.run(TestMethodWorker.java:128)
	at java.base/java.util.ArrayList.forEach(ArrayList.java:1540)
	at org.testng.TestRunner.privateRun(TestRunner.java:764)
	at org.testng.TestRunner.run(TestRunner.java:585)
	at org.testng.SuiteRunner.runTest(SuiteRunner.java:384)
	at org.testng.SuiteRunner.runSequentially(SuiteRunner.java:378)
	at org.testng.SuiteRunner.privateRun(SuiteRunner.java:337)
	at org.testng.SuiteRunner.run(SuiteRunner.java:286)
	at org.testng.SuiteRunnerWorker.runSuite(SuiteRunnerWorker.java:53)
	at org.testng.SuiteRunnerWorker.run(SuiteRunnerWorker.java:96)
	at org.testng.TestNG.runSuitesSequentially(TestNG.java:1218)
	at org.testng.TestNG.runSuitesLocally(TestNG.java:1140)
	at org.testng.TestNG.runSuites(TestNG.java:1069)
	at org.testng.TestNG.run(TestNG.java:1037)
	at org.testng.remote.AbstractRemoteTestNG.run(AbstractRemoteTestNG.java:115)
	at org.testng.remote.RemoteTestNG.initAndRun(RemoteTestNG.java:251)
	at org.testng.remote.RemoteTestNG.main(RemoteTestNG.java:77)

</div> <!-- stack-trace -->
                </div> <!-- method-content -->
              </div> <!-- method -->
              <div class="method">
                <div class="method-content">
                  <a name="test17_dislike_success">
                  </a> <!-- test17_dislike_success -->
                  <span class="method-name">test17_dislike_success</span>
                  <div class="stack-trace">org.openqa.selenium.ElementClickInterceptedException: Element &lt;a class=&quot;nav-link text-dark&quot; href=&quot;/jianyuluntan_2.4.6/index.php/user/index/dislikedpost.html&quot;&gt; is not clickable at point (118,722) because another element &lt;div class=&quot;fixed-bottom text-right&quot;&gt; obscures it
Build info: version: &apos;3.141.59&apos;, revision: &apos;e82be7d358&apos;, time: &apos;2018-11-14T08:25:53&apos;
System info: host: &apos;LAPTOP-MJQEULQN&apos;, ip: &apos;169.254.17.14&apos;, os.name: &apos;Windows 10&apos;, os.arch: &apos;amd64&apos;, os.version: &apos;10.0&apos;, java.version: &apos;11.0.2&apos;
Driver info: org.openqa.selenium.firefox.FirefoxDriver
Capabilities {acceptInsecureCerts: true, browserName: firefox, browserVersion: 86.0, javascriptEnabled: true, moz:accessibilityChecks: false, moz:buildID: 20210222142601, moz:geckodriverVersion: 0.29.0, moz:headless: false, moz:processID: 21564, moz:profile: C:\Users\苏培贤\AppData\Local\..., moz:shutdownTimeout: 60000, moz:useNonSpecCompliantPointerOrigin: false, moz:webdriverClick: true, pageLoadStrategy: normal, platform: WINDOWS, platformName: WINDOWS, platformVersion: 10.0, rotatable: false, setWindowRect: true, strictFileInteractability: false, timeouts: {implicit: 0, pageLoad: 300000, script: 30000}, unhandledPromptBehavior: dismiss and notify}
Session ID: d175278b-27b9-4724-9413-937269b4fd6e
	at java.base/jdk.internal.reflect.NativeConstructorAccessorImpl.newInstance0(Native Method)
	at java.base/jdk.internal.reflect.NativeConstructorAccessorImpl.newInstance(NativeConstructorAccessorImpl.java:62)
	at java.base/jdk.internal.reflect.DelegatingConstructorAccessorImpl.newInstance(DelegatingConstructorAccessorImpl.java:45)
	at java.base/java.lang.reflect.Constructor.newInstance(Constructor.java:490)
	at org.openqa.selenium.remote.http.W3CHttpResponseCodec.createException(W3CHttpResponseCodec.java:187)
	at org.openqa.selenium.remote.http.W3CHttpResponseCodec.decode(W3CHttpResponseCodec.java:122)
	at org.openqa.selenium.remote.http.W3CHttpResponseCodec.decode(W3CHttpResponseCodec.java:49)
	at org.openqa.selenium.remote.HttpCommandExecutor.execute(HttpCommandExecutor.java:158)
	at org.openqa.selenium.remote.service.DriverCommandExecutor.execute(DriverCommandExecutor.java:83)
	at org.openqa.selenium.remote.RemoteWebDriver.execute(RemoteWebDriver.java:552)
	at org.openqa.selenium.remote.RemoteWebElement.execute(RemoteWebElement.java:285)
	at org.openqa.selenium.remote.RemoteWebElement.click(RemoteWebElement.java:84)
	at com.webtest.core.WebDriverEngine.click(WebDriverEngine.java:149)
	at test.supeixian.demo.TestMyTracks.test17_dislike_success(TestMyTracks.java:339)
	at java.base/jdk.internal.reflect.NativeMethodAccessorImpl.invoke0(Native Method)
	at java.base/jdk.internal.reflect.NativeMethodAccessorImpl.invoke(NativeMethodAccessorImpl.java:62)
	at java.base/jdk.internal.reflect.DelegatingMethodAccessorImpl.invoke(DelegatingMethodAccessorImpl.java:43)
	at java.base/java.lang.reflect.Method.invoke(Method.java:566)
	at org.testng.internal.MethodInvocationHelper.invokeMethod(MethodInvocationHelper.java:132)
	at org.testng.internal.TestInvoker.invokeMethod(TestInvoker.java:599)
	at org.testng.internal.TestInvoker.invokeTestMethod(TestInvoker.java:174)
	at org.testng.internal.MethodRunner.runInSequence(MethodRunner.java:46)
	at org.testng.internal.TestInvoker$MethodInvocationAgent.invoke(TestInvoker.java:822)
	at org.testng.internal.TestInvoker.invokeTestMethods(TestInvoker.java:147)
	at org.testng.internal.TestMethodWorker.invokeTestMethods(TestMethodWorker.java:146)
	at org.testng.internal.TestMethodWorker.run(TestMethodWorker.java:128)
	at java.base/java.util.ArrayList.forEach(ArrayList.java:1540)
	at org.testng.TestRunner.privateRun(TestRunner.java:764)
	at org.testng.TestRunner.run(TestRunner.java:585)
	at org.testng.SuiteRunner.runTest(SuiteRunner.java:384)
	at org.testng.SuiteRunner.runSequentially(SuiteRunner.java:378)
	at org.testng.SuiteRunner.privateRun(SuiteRunner.java:337)
	at org.testng.SuiteRunner.run(SuiteRunner.java:286)
	at org.testng.SuiteRunnerWorker.runSuite(SuiteRunnerWorker.java:53)
	at org.testng.SuiteRunnerWorker.run(SuiteRunnerWorker.java:96)
	at org.testng.TestNG.runSuitesSequentially(TestNG.java:1218)
	at org.testng.TestNG.runSuitesLocally(TestNG.java:1140)
	at org.testng.TestNG.runSuites(TestNG.java:1069)
	at org.testng.TestNG.run(TestNG.java:1037)
	at org.testng.remote.AbstractRemoteTestNG.run(AbstractRemoteTestNG.java:115)
	at org.testng.remote.RemoteTestNG.initAndRun(RemoteTestNG.java:251)
	at org.testng.remote.RemoteTestNG.main(RemoteTestNG.java:77)

</div> <!-- stack-trace -->
                </div> <!-- method-content -->
              </div> <!-- method -->
              <div class="method">
                <div class="method-content">
                  <a name="test21_like_follow_post_success">
                  </a> <!-- test21_like_follow_post_success -->
                  <span class="method-name">test21_like_follow_post_success</span>
                  <div class="stack-trace">org.openqa.selenium.ElementClickInterceptedException: Element &lt;a class=&quot;nav-link text-dark&quot; href=&quot;/jianyuluntan_2.4.6/index.php/user/index/likedfollow.html&quot;&gt; is not clickable at point (118,710) because another element &lt;div class=&quot;fixed-bottom text-right&quot;&gt; obscures it
Build info: version: &apos;3.141.59&apos;, revision: &apos;e82be7d358&apos;, time: &apos;2018-11-14T08:25:53&apos;
System info: host: &apos;LAPTOP-MJQEULQN&apos;, ip: &apos;169.254.17.14&apos;, os.name: &apos;Windows 10&apos;, os.arch: &apos;amd64&apos;, os.version: &apos;10.0&apos;, java.version: &apos;11.0.2&apos;
Driver info: org.openqa.selenium.firefox.FirefoxDriver
Capabilities {acceptInsecureCerts: true, browserName: firefox, browserVersion: 86.0, javascriptEnabled: true, moz:accessibilityChecks: false, moz:buildID: 20210222142601, moz:geckodriverVersion: 0.29.0, moz:headless: false, moz:processID: 2000, moz:profile: C:\Users\苏培贤\AppData\Local\..., moz:shutdownTimeout: 60000, moz:useNonSpecCompliantPointerOrigin: false, moz:webdriverClick: true, pageLoadStrategy: normal, platform: WINDOWS, platformName: WINDOWS, platformVersion: 10.0, rotatable: false, setWindowRect: true, strictFileInteractability: false, timeouts: {implicit: 0, pageLoad: 300000, script: 30000}, unhandledPromptBehavior: dismiss and notify}
Session ID: f3cedb23-e56d-4ab0-8614-473b9b7b4a14
	at java.base/jdk.internal.reflect.NativeConstructorAccessorImpl.newInstance0(Native Method)
	at java.base/jdk.internal.reflect.NativeConstructorAccessorImpl.newInstance(NativeConstructorAccessorImpl.java:62)
	at java.base/jdk.internal.reflect.DelegatingConstructorAccessorImpl.newInstance(DelegatingConstructorAccessorImpl.java:45)
	at java.base/java.lang.reflect.Constructor.newInstance(Constructor.java:490)
	at org.openqa.selenium.remote.http.W3CHttpResponseCodec.createException(W3CHttpResponseCodec.java:187)
	at org.openqa.selenium.remote.http.W3CHttpResponseCodec.decode(W3CHttpResponseCodec.java:122)
	at org.openqa.selenium.remote.http.W3CHttpResponseCodec.decode(W3CHttpResponseCodec.java:49)
	at org.openqa.selenium.remote.HttpCommandExecutor.execute(HttpCommandExecutor.java:158)
	at org.openqa.selenium.remote.service.DriverCommandExecutor.execute(DriverCommandExecutor.java:83)
	at org.openqa.selenium.remote.RemoteWebDriver.execute(RemoteWebDriver.java:552)
	at org.openqa.selenium.remote.RemoteWebElement.execute(RemoteWebElement.java:285)
	at org.openqa.selenium.remote.RemoteWebElement.click(RemoteWebElement.java:84)
	at com.webtest.core.WebDriverEngine.click(WebDriverEngine.java:149)
	at test.supeixian.demo.TestMyTracks.test21_like_follow_post_success(TestMyTracks.java:401)
	at java.base/jdk.internal.reflect.NativeMethodAccessorImpl.invoke0(Native Method)
	at java.base/jdk.internal.reflect.NativeMethodAccessorImpl.invoke(NativeMethodAccessorImpl.java:62)
	at java.base/jdk.internal.reflect.DelegatingMethodAccessorImpl.invoke(DelegatingMethodAccessorImpl.java:43)
	at java.base/java.lang.reflect.Method.invoke(Method.java:566)
	at org.testng.internal.MethodInvocationHelper.invokeMethod(MethodInvocationHelper.java:132)
	at org.testng.internal.TestInvoker.invokeMethod(TestInvoker.java:599)
	at org.testng.internal.TestInvoker.invokeTestMethod(TestInvoker.java:174)
	at org.testng.internal.MethodRunner.runInSequence(MethodRunner.java:46)
	at org.testng.internal.TestInvoker$MethodInvocationAgent.invoke(TestInvoker.java:822)
	at org.testng.internal.TestInvoker.invokeTestMethods(TestInvoker.java:147)
	at org.testng.internal.TestMethodWorker.invokeTestMethods(TestMethodWorker.java:146)
	at org.testng.internal.TestMethodWorker.run(TestMethodWorker.java:128)
	at java.base/java.util.ArrayList.forEach(ArrayList.java:1540)
	at org.testng.TestRunner.privateRun(TestRunner.java:764)
	at org.testng.TestRunner.run(TestRunner.java:585)
	at org.testng.SuiteRunner.runTest(SuiteRunner.java:384)
	at org.testng.SuiteRunner.runSequentially(SuiteRunner.java:378)
	at org.testng.SuiteRunner.privateRun(SuiteRunner.java:337)
	at org.testng.SuiteRunner.run(SuiteRunner.java:286)
	at org.testng.SuiteRunnerWorker.runSuite(SuiteRunnerWorker.java:53)
	at org.testng.SuiteRunnerWorker.run(SuiteRunnerWorker.java:96)
	at org.testng.TestNG.runSuitesSequentially(TestNG.java:1218)
	at org.testng.TestNG.runSuitesLocally(TestNG.java:1140)
	at org.testng.TestNG.runSuites(TestNG.java:1069)
	at org.testng.TestNG.run(TestNG.java:1037)
	at org.testng.remote.AbstractRemoteTestNG.run(AbstractRemoteTestNG.java:115)
	at org.testng.remote.RemoteTestNG.initAndRun(RemoteTestNG.java:251)
	at org.testng.remote.RemoteTestNG.main(RemoteTestNG.java:77)

</div> <!-- stack-trace -->
                </div> <!-- method-content -->
              </div> <!-- method -->
              <div class="method">
                <div class="method-content">
                  <a name="test23_into_details">
                  </a> <!-- test23_into_details -->
                  <span class="method-name">test23_into_details</span>
                  <div class="stack-trace">java.lang.AssertionError: expected [http://localhost/jianyuluntan_2.4.6/index.php/user/index/dislikedfollow.html] but found [http://localhost/jianyuluntan_2.4.6/index.php/post/1.html]
	at org.testng.Assert.fail(Assert.java:99)
	at org.testng.Assert.failNotEquals(Assert.java:1037)
	at org.testng.Assert.assertEqualsImpl(Assert.java:140)
	at org.testng.Assert.assertEquals(Assert.java:122)
	at org.testng.Assert.assertEquals(Assert.java:629)
	at org.testng.Assert.assertEquals(Assert.java:639)
	at test.supeixian.demo.TestMyTracks.test23_into_details(TestMyTracks.java:431)
	at java.base/jdk.internal.reflect.NativeMethodAccessorImpl.invoke0(Native Method)
	at java.base/jdk.internal.reflect.NativeMethodAccessorImpl.invoke(NativeMethodAccessorImpl.java:62)
	at java.base/jdk.internal.reflect.DelegatingMethodAccessorImpl.invoke(DelegatingMethodAccessorImpl.java:43)
	at java.base/java.lang.reflect.Method.invoke(Method.java:566)
	at org.testng.internal.MethodInvocationHelper.invokeMethod(MethodInvocationHelper.java:132)
	at org.testng.internal.TestInvoker.invokeMethod(TestInvoker.java:599)
	at org.testng.internal.TestInvoker.invokeTestMethod(TestInvoker.java:174)
	at org.testng.internal.MethodRunner.runInSequence(MethodRunner.java:46)
	at org.testng.internal.TestInvoker$MethodInvocationAgent.invoke(TestInvoker.java:822)
	at org.testng.internal.TestInvoker.invokeTestMethods(TestInvoker.java:147)
	at org.testng.internal.TestMethodWorker.invokeTestMethods(TestMethodWorker.java:146)
	at org.testng.internal.TestMethodWorker.run(TestMethodWorker.java:128)
	at java.base/java.util.ArrayList.forEach(ArrayList.java:1540)
	at org.testng.TestRunner.privateRun(TestRunner.java:764)
	at org.testng.TestRunner.run(TestRunner.java:585)
	at org.testng.SuiteRunner.runTest(SuiteRunner.java:384)
	at org.testng.SuiteRunner.runSequentially(SuiteRunner.java:378)
	at org.testng.SuiteRunner.privateRun(SuiteRunner.java:337)
	at org.testng.SuiteRunner.run(SuiteRunner.java:286)
	at org.testng.SuiteRunnerWorker.runSuite(SuiteRunnerWorker.java:53)
	at org.testng.SuiteRunnerWorker.run(SuiteRunnerWorker.java:96)
	at org.testng.TestNG.runSuitesSequentially(TestNG.java:1218)
	at org.testng.TestNG.runSuitesLocally(TestNG.java:1140)
	at org.testng.TestNG.runSuites(TestNG.java:1069)
	at org.testng.TestNG.run(TestNG.java:1037)
	at org.testng.remote.AbstractRemoteTestNG.run(AbstractRemoteTestNG.java:115)
	at org.testng.remote.RemoteTestNG.initAndRun(RemoteTestNG.java:251)
	at org.testng.remote.RemoteTestNG.main(RemoteTestNG.java:77)

</div> <!-- stack-trace -->
                </div> <!-- method-content -->
              </div> <!-- method -->
              <div class="method">
                <div class="method-content">
                  <a name="test25_dele_disliked_follows_fail">
                  </a> <!-- test25_dele_disliked_follows_fail -->
                  <span class="method-name">test25_dele_disliked_follows_fail</span>
                  <div class="stack-trace">java.lang.AssertionError: expected [false] but found [true]
	at org.testng.Assert.fail(Assert.java:99)
	at org.testng.Assert.failNotEquals(Assert.java:1037)
	at org.testng.Assert.assertEqualsImpl(Assert.java:140)
	at org.testng.Assert.assertEquals(Assert.java:122)
	at org.testng.Assert.assertEquals(Assert.java:819)
	at org.testng.Assert.assertEquals(Assert.java:829)
	at test.supeixian.demo.TestMyTracks.test25_dele_disliked_follows_fail(TestMyTracks.java:464)
	at java.base/jdk.internal.reflect.NativeMethodAccessorImpl.invoke0(Native Method)
	at java.base/jdk.internal.reflect.NativeMethodAccessorImpl.invoke(NativeMethodAccessorImpl.java:62)
	at java.base/jdk.internal.reflect.DelegatingMethodAccessorImpl.invoke(DelegatingMethodAccessorImpl.java:43)
	at java.base/java.lang.reflect.Method.invoke(Method.java:566)
	at org.testng.internal.MethodInvocationHelper.invokeMethod(MethodInvocationHelper.java:132)
	at org.testng.internal.TestInvoker.invokeMethod(TestInvoker.java:599)
	at org.testng.internal.TestInvoker.invokeTestMethod(TestInvoker.java:174)
	at org.testng.internal.MethodRunner.runInSequence(MethodRunner.java:46)
	at org.testng.internal.TestInvoker$MethodInvocationAgent.invoke(TestInvoker.java:822)
	at org.testng.internal.TestInvoker.invokeTestMethods(TestInvoker.java:147)
	at org.testng.internal.TestMethodWorker.invokeTestMethods(TestMethodWorker.java:146)
	at org.testng.internal.TestMethodWorker.run(TestMethodWorker.java:128)
	at java.base/java.util.ArrayList.forEach(ArrayList.java:1540)
	at org.testng.TestRunner.privateRun(TestRunner.java:764)
	at org.testng.TestRunner.run(TestRunner.java:585)
	at org.testng.SuiteRunner.runTest(SuiteRunner.java:384)
	at org.testng.SuiteRunner.runSequentially(SuiteRunner.java:378)
	at org.testng.SuiteRunner.privateRun(SuiteRunner.java:337)
	at org.testng.SuiteRunner.run(SuiteRunner.java:286)
	at org.testng.SuiteRunnerWorker.runSuite(SuiteRunnerWorker.java:53)
	at org.testng.SuiteRunnerWorker.run(SuiteRunnerWorker.java:96)
	at org.testng.TestNG.runSuitesSequentially(TestNG.java:1218)
	at org.testng.TestNG.runSuitesLocally(TestNG.java:1140)
	at org.testng.TestNG.runSuites(TestNG.java:1069)
	at org.testng.TestNG.run(TestNG.java:1037)
	at org.testng.remote.AbstractRemoteTestNG.run(AbstractRemoteTestNG.java:115)
	at org.testng.remote.RemoteTestNG.initAndRun(RemoteTestNG.java:251)
	at org.testng.remote.RemoteTestNG.main(RemoteTestNG.java:77)

</div> <!-- stack-trace -->
                </div> <!-- method-content -->
              </div> <!-- method -->
              <div class="method">
                <div class="method-content">
                  <a name="test26_dislike_follows">
                  </a> <!-- test26_dislike_follows -->
                  <span class="method-name">test26_dislike_follows</span>
                  <div class="stack-trace">org.openqa.selenium.ElementClickInterceptedException: Element &lt;a class=&quot;nav-link text-dark&quot; href=&quot;/jianyuluntan_2.4.6/index.php/user/index/dislikedfollow.html&quot;&gt; is not clickable at point (118,710) because another element &lt;div class=&quot;fixed-bottom text-right&quot;&gt; obscures it
Build info: version: &apos;3.141.59&apos;, revision: &apos;e82be7d358&apos;, time: &apos;2018-11-14T08:25:53&apos;
System info: host: &apos;LAPTOP-MJQEULQN&apos;, ip: &apos;169.254.17.14&apos;, os.name: &apos;Windows 10&apos;, os.arch: &apos;amd64&apos;, os.version: &apos;10.0&apos;, java.version: &apos;11.0.2&apos;
Driver info: org.openqa.selenium.firefox.FirefoxDriver
Capabilities {acceptInsecureCerts: true, browserName: firefox, browserVersion: 86.0, javascriptEnabled: true, moz:accessibilityChecks: false, moz:buildID: 20210222142601, moz:geckodriverVersion: 0.29.0, moz:headless: false, moz:processID: 48464, moz:profile: C:\Users\苏培贤\AppData\Local\..., moz:shutdownTimeout: 60000, moz:useNonSpecCompliantPointerOrigin: false, moz:webdriverClick: true, pageLoadStrategy: normal, platform: WINDOWS, platformName: WINDOWS, platformVersion: 10.0, rotatable: false, setWindowRect: true, strictFileInteractability: false, timeouts: {implicit: 0, pageLoad: 300000, script: 30000}, unhandledPromptBehavior: dismiss and notify}
Session ID: 347d4e80-1f26-4965-8b1c-eaead6bc35f5
	at java.base/jdk.internal.reflect.NativeConstructorAccessorImpl.newInstance0(Native Method)
	at java.base/jdk.internal.reflect.NativeConstructorAccessorImpl.newInstance(NativeConstructorAccessorImpl.java:62)
	at java.base/jdk.internal.reflect.DelegatingConstructorAccessorImpl.newInstance(DelegatingConstructorAccessorImpl.java:45)
	at java.base/java.lang.reflect.Constructor.newInstance(Constructor.java:490)
	at org.openqa.selenium.remote.http.W3CHttpResponseCodec.createException(W3CHttpResponseCodec.java:187)
	at org.openqa.selenium.remote.http.W3CHttpResponseCodec.decode(W3CHttpResponseCodec.java:122)
	at org.openqa.selenium.remote.http.W3CHttpResponseCodec.decode(W3CHttpResponseCodec.java:49)
	at org.openqa.selenium.remote.HttpCommandExecutor.execute(HttpCommandExecutor.java:158)
	at org.openqa.selenium.remote.service.DriverCommandExecutor.execute(DriverCommandExecutor.java:83)
	at org.openqa.selenium.remote.RemoteWebDriver.execute(RemoteWebDriver.java:552)
	at org.openqa.selenium.remote.RemoteWebElement.execute(RemoteWebElement.java:285)
	at org.openqa.selenium.remote.RemoteWebElement.click(RemoteWebElement.java:84)
	at com.webtest.core.WebDriverEngine.click(WebDriverEngine.java:149)
	at test.supeixian.demo.TestMyTracks.test26_dislike_follows(TestMyTracks.java:483)
	at java.base/jdk.internal.reflect.NativeMethodAccessorImpl.invoke0(Native Method)
	at java.base/jdk.internal.reflect.NativeMethodAccessorImpl.invoke(NativeMethodAccessorImpl.java:62)
	at java.base/jdk.internal.reflect.DelegatingMethodAccessorImpl.invoke(DelegatingMethodAccessorImpl.java:43)
	at java.base/java.lang.reflect.Method.invoke(Method.java:566)
	at org.testng.internal.MethodInvocationHelper.invokeMethod(MethodInvocationHelper.java:132)
	at org.testng.internal.TestInvoker.invokeMethod(TestInvoker.java:599)
	at org.testng.internal.TestInvoker.invokeTestMethod(TestInvoker.java:174)
	at org.testng.internal.MethodRunner.runInSequence(MethodRunner.java:46)
	at org.testng.internal.TestInvoker$MethodInvocationAgent.invoke(TestInvoker.java:822)
	at org.testng.internal.TestInvoker.invokeTestMethods(TestInvoker.java:147)
	at org.testng.internal.TestMethodWorker.invokeTestMethods(TestMethodWorker.java:146)
	at org.testng.internal.TestMethodWorker.run(TestMethodWorker.java:128)
	at java.base/java.util.ArrayList.forEach(ArrayList.java:1540)
	at org.testng.TestRunner.privateRun(TestRunner.java:764)
	at org.testng.TestRunner.run(TestRunner.java:585)
	at org.testng.SuiteRunner.runTest(SuiteRunner.java:384)
	at org.testng.SuiteRunner.runSequentially(SuiteRunner.java:378)
	at org.testng.SuiteRunner.privateRun(SuiteRunner.java:337)
	at org.testng.SuiteRunner.run(SuiteRunner.java:286)
	at org.testng.SuiteRunnerWorker.runSuite(SuiteRunnerWorker.java:53)
	at org.testng.SuiteRunnerWorker.run(SuiteRunnerWorker.java:96)
	at org.testng.TestNG.runSuitesSequentially(TestNG.java:1218)
	at org.testng.TestNG.runSuitesLocally(TestNG.java:1140)
	at org.testng.TestNG.runSuites(TestNG.java:1069)
	at org.testng.TestNG.run(TestNG.java:1037)
	at org.testng.remote.AbstractRemoteTestNG.run(AbstractRemoteTestNG.java:115)
	at org.testng.remote.RemoteTestNG.initAndRun(RemoteTestNG.java:251)
	at org.testng.remote.RemoteTestNG.main(RemoteTestNG.java:77)

</div> <!-- stack-trace -->
                </div> <!-- method-content -->
              </div> <!-- method -->
              <div class="method">
                <div class="method-content">
                  <a name="test28_into_payment_page">
                  </a> <!-- test28_into_payment_page -->
                  <span class="method-name">test28_into_payment_page</span>
                  <div class="stack-trace">java.lang.AssertionError: expected [http://localhost/jianyuluntan_2.4.6/index.php/user/index/pointspaidposts.html] but found [http://localhost/jianyuluntan_2.4.6/index.php/post/22.html]
	at org.testng.Assert.fail(Assert.java:99)
	at org.testng.Assert.failNotEquals(Assert.java:1037)
	at org.testng.Assert.assertEqualsImpl(Assert.java:140)
	at org.testng.Assert.assertEquals(Assert.java:122)
	at org.testng.Assert.assertEquals(Assert.java:629)
	at org.testng.Assert.assertEquals(Assert.java:639)
	at test.supeixian.demo.TestMyTracks.test28_into_payment_page(TestMyTracks.java:513)
	at java.base/jdk.internal.reflect.NativeMethodAccessorImpl.invoke0(Native Method)
	at java.base/jdk.internal.reflect.NativeMethodAccessorImpl.invoke(NativeMethodAccessorImpl.java:62)
	at java.base/jdk.internal.reflect.DelegatingMethodAccessorImpl.invoke(DelegatingMethodAccessorImpl.java:43)
	at java.base/java.lang.reflect.Method.invoke(Method.java:566)
	at org.testng.internal.MethodInvocationHelper.invokeMethod(MethodInvocationHelper.java:132)
	at org.testng.internal.TestInvoker.invokeMethod(TestInvoker.java:599)
	at org.testng.internal.TestInvoker.invokeTestMethod(TestInvoker.java:174)
	at org.testng.internal.MethodRunner.runInSequence(MethodRunner.java:46)
	at org.testng.internal.TestInvoker$MethodInvocationAgent.invoke(TestInvoker.java:822)
	at org.testng.internal.TestInvoker.invokeTestMethods(TestInvoker.java:147)
	at org.testng.internal.TestMethodWorker.invokeTestMethods(TestMethodWorker.java:146)
	at org.testng.internal.TestMethodWorker.run(TestMethodWorker.java:128)
	at java.base/java.util.ArrayList.forEach(ArrayList.java:1540)
	at org.testng.TestRunner.privateRun(TestRunner.java:764)
	at org.testng.TestRunner.run(TestRunner.java:585)
	at org.testng.SuiteRunner.runTest(SuiteRunner.java:384)
	at org.testng.SuiteRunner.runSequentially(SuiteRunner.java:378)
	at org.testng.SuiteRunner.privateRun(SuiteRunner.java:337)
	at org.testng.SuiteRunner.run(SuiteRunner.java:286)
	at org.testng.SuiteRunnerWorker.runSuite(SuiteRunnerWorker.java:53)
	at org.testng.SuiteRunnerWorker.run(SuiteRunnerWorker.java:96)
	at org.testng.TestNG.runSuitesSequentially(TestNG.java:1218)
	at org.testng.TestNG.runSuitesLocally(TestNG.java:1140)
	at org.testng.TestNG.runSuites(TestNG.java:1069)
	at org.testng.TestNG.run(TestNG.java:1037)
	at org.testng.remote.AbstractRemoteTestNG.run(AbstractRemoteTestNG.java:115)
	at org.testng.remote.RemoteTestNG.initAndRun(RemoteTestNG.java:251)
	at org.testng.remote.RemoteTestNG.main(RemoteTestNG.java:77)

</div> <!-- stack-trace -->
                </div> <!-- method-content -->
              </div> <!-- method -->
              <div class="method">
                <div class="method-content">
                  <a name="test34_visit_history">
                  </a> <!-- test34_visit_history -->
                  <span class="method-name">test34_visit_history</span>
                  <div class="stack-trace">java.lang.AssertionError: expected [false] but found [true]
	at org.testng.Assert.fail(Assert.java:99)
	at org.testng.Assert.failNotEquals(Assert.java:1037)
	at org.testng.Assert.assertEqualsImpl(Assert.java:140)
	at org.testng.Assert.assertEquals(Assert.java:122)
	at org.testng.Assert.assertEquals(Assert.java:819)
	at org.testng.Assert.assertEquals(Assert.java:829)
	at test.supeixian.demo.TestMyTracks.test34_visit_history(TestMyTracks.java:611)
	at java.base/jdk.internal.reflect.NativeMethodAccessorImpl.invoke0(Native Method)
	at java.base/jdk.internal.reflect.NativeMethodAccessorImpl.invoke(NativeMethodAccessorImpl.java:62)
	at java.base/jdk.internal.reflect.DelegatingMethodAccessorImpl.invoke(DelegatingMethodAccessorImpl.java:43)
	at java.base/java.lang.reflect.Method.invoke(Method.java:566)
	at org.testng.internal.MethodInvocationHelper.invokeMethod(MethodInvocationHelper.java:132)
	at org.testng.internal.TestInvoker.invokeMethod(TestInvoker.java:599)
	at org.testng.internal.TestInvoker.invokeTestMethod(TestInvoker.java:174)
	at org.testng.internal.MethodRunner.runInSequence(MethodRunner.java:46)
	at org.testng.internal.TestInvoker$MethodInvocationAgent.invoke(TestInvoker.java:822)
	at org.testng.internal.TestInvoker.invokeTestMethods(TestInvoker.java:147)
	at org.testng.internal.TestMethodWorker.invokeTestMethods(TestMethodWorker.java:146)
	at org.testng.internal.TestMethodWorker.run(TestMethodWorker.java:128)
	at java.base/java.util.ArrayList.forEach(ArrayList.java:1540)
	at org.testng.TestRunner.privateRun(TestRunner.java:764)
	at org.testng.TestRunner.run(TestRunner.java:585)
	at org.testng.SuiteRunner.runTest(SuiteRunner.java:384)
	at org.testng.SuiteRunner.runSequentially(SuiteRunner.java:378)
	at org.testng.SuiteRunner.privateRun(SuiteRunner.java:337)
	at org.testng.SuiteRunner.run(SuiteRunner.java:286)
	at org.testng.SuiteRunnerWorker.runSuite(SuiteRunnerWorker.java:53)
	at org.testng.SuiteRunnerWorker.run(SuiteRunnerWorker.java:96)
	at org.testng.TestNG.runSuitesSequentially(TestNG.java:1218)
	at org.testng.TestNG.runSuitesLocally(TestNG.java:1140)
	at org.testng.TestNG.runSuites(TestNG.java:1069)
	at org.testng.TestNG.run(TestNG.java:1037)
	at org.testng.remote.AbstractRemoteTestNG.run(AbstractRemoteTestNG.java:115)
	at org.testng.remote.RemoteTestNG.initAndRun(RemoteTestNG.java:251)
	at org.testng.remote.RemoteTestNG.main(RemoteTestNG.java:77)

</div> <!-- stack-trace -->
                </div> <!-- method-content -->
              </div> <!-- method -->
            </div> <!-- main-panel-content rounded-window-bottom -->
          </div> <!-- suite-Default_suite-class-failed -->
          <div class="suite-Default_suite-class-passed">
            <div class="main-panel-header rounded-window-top">
              <img src="passed.png"/>
              <span class="class-name">test.supeixian.demo.TestMyTracks</span>
            </div> <!-- main-panel-header rounded-window-top -->
            <div class="main-panel-content rounded-window-bottom">
              <div class="method">
                <div class="method-content">
                  <a name="test01_collection">
                  </a> <!-- test01_collection -->
                  <span class="method-name">test01_collection</span>
                </div> <!-- method-content -->
              </div> <!-- method -->
              <div class="method">
                <div class="method-content">
                  <a name="test02_collection_details">
                  </a> <!-- test02_collection_details -->
                  <span class="method-name">test02_collection_details</span>
                </div> <!-- method-content -->
              </div> <!-- method -->
              <div class="method">
                <div class="method-content">
                  <a name="test03_collection_delete_success">
                  </a> <!-- test03_collection_delete_success -->
                  <span class="method-name">test03_collection_delete_success</span>
                </div> <!-- method-content -->
              </div> <!-- method -->
              <div class="method">
                <div class="method-content">
                  <a name="test04_collection_delete_fail">
                  </a> <!-- test04_collection_delete_fail -->
                  <span class="method-name">test04_collection_delete_fail</span>
                </div> <!-- method-content -->
              </div> <!-- method -->
              <div class="method">
                <div class="method-content">
                  <a name="test05_collection_many">
                  </a> <!-- test05_collection_many -->
                  <span class="method-name">test05_collection_many</span>
                </div> <!-- method-content -->
              </div> <!-- method -->
              <div class="method">
                <div class="method-content">
                  <a name="test08_visited_posts">
                  </a> <!-- test08_visited_posts -->
                  <span class="method-name">test08_visited_posts</span>
                </div> <!-- method-content -->
              </div> <!-- method -->
              <div class="method">
                <div class="method-content">
                  <a name="test09_visited_posts_enter_main">
                  </a> <!-- test09_visited_posts_enter_main -->
                  <span class="method-name">test09_visited_posts_enter_main</span>
                </div> <!-- method-content -->
              </div> <!-- method -->
              <div class="method">
                <div class="method-content">
                  <a name="test10_fold">
                  </a> <!-- test10_fold -->
                  <span class="method-name">test10_fold</span>
                </div> <!-- method-content -->
              </div> <!-- method -->
              <div class="method">
                <div class="method-content">
                  <a name="test11_fabulous">
                  </a> <!-- test11_fabulous -->
                  <span class="method-name">test11_fabulous</span>
                </div> <!-- method-content -->
              </div> <!-- method -->
              <div class="method">
                <div class="method-content">
                  <a name="test12_zan_moretime">
                  </a> <!-- test12_zan_moretime -->
                  <span class="method-name">test12_zan_moretime</span>
                </div> <!-- method-content -->
              </div> <!-- method -->
              <div class="method">
                <div class="method-content">
                  <a name="test14_fabulous_success">
                  </a> <!-- test14_fabulous_success -->
                  <span class="method-name">test14_fabulous_success</span>
                </div> <!-- method-content -->
              </div> <!-- method -->
              <div class="method">
                <div class="method-content">
                  <a name="test16_dele_dislike_post">
                  </a> <!-- test16_dele_dislike_post -->
                  <span class="method-name">test16_dele_dislike_post</span>
                </div> <!-- method-content -->
              </div> <!-- method -->
              <div class="method">
                <div class="method-content">
                  <a name="test18_into_comment">
                  </a> <!-- test18_into_comment -->
                  <span class="method-name">test18_into_comment</span>
                </div> <!-- method-content -->
              </div> <!-- method -->
              <div class="method">
                <div class="method-content">
                  <a name="test19_from_comment_into_post">
                  </a> <!-- test19_from_comment_into_post -->
                  <span class="method-name">test19_from_comment_into_post</span>
                </div> <!-- method-content -->
              </div> <!-- method -->
              <div class="method">
                <div class="method-content">
                  <a name="test20_dele_like_follow_post">
                  </a> <!-- test20_dele_like_follow_post -->
                  <span class="method-name">test20_dele_like_follow_post</span>
                </div> <!-- method-content -->
              </div> <!-- method -->
              <div class="method">
                <div class="method-content">
                  <a name="test22_into_disliked_follow">
                  </a> <!-- test22_into_disliked_follow -->
                  <span class="method-name">test22_into_disliked_follow</span>
                </div> <!-- method-content -->
              </div> <!-- method -->
              <div class="method">
                <div class="method-content">
                  <a name="test24_dele_disliked_follows">
                  </a> <!-- test24_dele_disliked_follows -->
                  <span class="method-name">test24_dele_disliked_follows</span>
                </div> <!-- method-content -->
              </div> <!-- method -->
              <div class="method">
                <div class="method-content">
                  <a name="test27_into_payment_history_page">
                  </a> <!-- test27_into_payment_history_page -->
                  <span class="method-name">test27_into_payment_history_page</span>
                </div> <!-- method-content -->
              </div> <!-- method -->
              <div class="method">
                <div class="method-content">
                  <a name="test29_return_page">
                  </a> <!-- test29_return_page -->
                  <span class="method-name">test29_return_page</span>
                </div> <!-- method-content -->
              </div> <!-- method -->
              <div class="method">
                <div class="method-content">
                  <a name="test30_scroll_banner">
                  </a> <!-- test30_scroll_banner -->
                  <span class="method-name">test30_scroll_banner</span>
                </div> <!-- method-content -->
              </div> <!-- method -->
              <div class="method">
                <div class="method-content">
                  <a name="test31_cai_genteibyself">
                  </a> <!-- test31_cai_genteibyself -->
                  <span class="method-name">test31_cai_genteibyself</span>
                </div> <!-- method-content -->
              </div> <!-- method -->
              <div class="method">
                <div class="method-content">
                  <a name="test32_after_delete_into_mainpage">
                  </a> <!-- test32_after_delete_into_mainpage -->
                  <span class="method-name">test32_after_delete_into_mainpage</span>
                </div> <!-- method-content -->
              </div> <!-- method -->
              <div class="method">
                <div class="method-content">
                  <a name="test33_change_page">
                  </a> <!-- test33_change_page -->
                  <span class="method-name">test33_change_page</span>
                </div> <!-- method-content -->
              </div> <!-- method -->
              <div class="method">
                <div class="method-content">
                  <a name="test35_payment_page">
                  </a> <!-- test35_payment_page -->
                  <span class="method-name">test35_payment_page</span>
                </div> <!-- method-content -->
              </div> <!-- method -->
            </div> <!-- main-panel-content rounded-window-bottom -->
          </div> <!-- suite-Default_suite-class-passed -->
        </div> <!-- panel Default_suite -->
        <div panel-name="test-xml-Default_suite" class="panel">
          <div class="main-panel-header rounded-window-top">
            <span class="header-content">C:\Users\苏培贤\AppData\Local\Temp\testng-eclipse--1250345223\testng-customsuite.xml</span>
          </div> <!-- main-panel-header rounded-window-top -->
          <div class="main-panel-content rounded-window-bottom">
            <pre>
&lt;?xml version=&quot;1.0&quot; encoding=&quot;UTF-8&quot;?&gt;
&lt;!DOCTYPE suite SYSTEM &quot;https://testng.org/testng-1.0.dtd&quot;&gt;
&lt;suite name=&quot;Default suite&quot; guice-stage=&quot;DEVELOPMENT&quot;&gt;
  &lt;test thread-count=&quot;5&quot; name=&quot;Default test&quot; verbose=&quot;2&quot;&gt;
    &lt;classes&gt;
      &lt;class name=&quot;test.supeixian.demo.TestMyTracks&quot;/&gt;
    &lt;/classes&gt;
  &lt;/test&gt; &lt;!-- Default test --&gt;
&lt;/suite&gt; &lt;!-- Default suite --&gt;
            </pre>
          </div> <!-- main-panel-content rounded-window-bottom -->
        </div> <!-- panel -->
        <div panel-name="testlist-Default_suite" class="panel">
          <div class="main-panel-header rounded-window-top">
            <span class="header-content">Tests for Default suite</span>
          </div> <!-- main-panel-header rounded-window-top -->
          <div class="main-panel-content rounded-window-bottom">
            <ul>
              <li>
                <span class="test-name">Default test (1 class)</span>
              </li>
            </ul>
          </div> <!-- main-panel-content rounded-window-bottom -->
        </div> <!-- panel -->
        <div panel-name="group-Default_suite" class="panel">
          <div class="main-panel-header rounded-window-top">
            <span class="header-content">Groups for Default suite</span>
          </div> <!-- main-panel-header rounded-window-top -->
          <div class="main-panel-content rounded-window-bottom">
          </div> <!-- main-panel-content rounded-window-bottom -->
        </div> <!-- panel -->
        <div panel-name="times-Default_suite" class="panel">
          <div class="main-panel-header rounded-window-top">
            <span class="header-content">Times for Default suite</span>
          </div> <!-- main-panel-header rounded-window-top -->
          <div class="main-panel-content rounded-window-bottom">
            <div class="times-div">
              <script type="text/javascript">
suiteTableInitFunctions.push('tableData_Default_suite');
function tableData_Default_suite() {
var data = new google.visualization.DataTable();
data.addColumn('number', 'Number');
data.addColumn('string', 'Method');
data.addColumn('string', 'Class');
data.addColumn('number', 'Time (ms)');
data.addRows(35);
data.setCell(0, 0, 0)
data.setCell(0, 1, 'test12_zan_moretime')
data.setCell(0, 2, 'test.supeixian.demo.TestMyTracks')
data.setCell(0, 3, 50158);
data.setCell(1, 0, 1)
data.setCell(1, 1, 'test34_visit_history')
data.setCell(1, 2, 'test.supeixian.demo.TestMyTracks')
data.setCell(1, 3, 34090);
data.setCell(2, 0, 2)
data.setCell(2, 1, 'test05_collection_many')
data.setCell(2, 2, 'test.supeixian.demo.TestMyTracks')
data.setCell(2, 3, 31932);
data.setCell(3, 0, 3)
data.setCell(3, 1, 'test13_dele_fabulous_record')
data.setCell(3, 2, 'test.supeixian.demo.TestMyTracks')
data.setCell(3, 3, 31281);
data.setCell(4, 0, 4)
data.setCell(4, 1, 'test14_fabulous_success')
data.setCell(4, 2, 'test.supeixian.demo.TestMyTracks')
data.setCell(4, 3, 28482);
data.setCell(5, 0, 5)
data.setCell(5, 1, 'test02_collection_details')
data.setCell(5, 2, 'test.supeixian.demo.TestMyTracks')
data.setCell(5, 3, 28198);
data.setCell(6, 0, 6)
data.setCell(6, 1, 'test07_collection_more')
data.setCell(6, 2, 'test.supeixian.demo.TestMyTracks')
data.setCell(6, 3, 28082);
data.setCell(7, 0, 7)
data.setCell(7, 1, 'test17_dislike_success')
data.setCell(7, 2, 'test.supeixian.demo.TestMyTracks')
data.setCell(7, 3, 27224);
data.setCell(8, 0, 8)
data.setCell(8, 1, 'test01_collection')
data.setCell(8, 2, 'test.supeixian.demo.TestMyTracks')
data.setCell(8, 3, 25254);
data.setCell(9, 0, 9)
data.setCell(9, 1, 'test03_collection_delete_success')
data.setCell(9, 2, 'test.supeixian.demo.TestMyTracks')
data.setCell(9, 3, 25087);
data.setCell(10, 0, 10)
data.setCell(10, 1, 'test04_collection_delete_fail')
data.setCell(10, 2, 'test.supeixian.demo.TestMyTracks')
data.setCell(10, 3, 25082);
data.setCell(11, 0, 11)
data.setCell(11, 1, 'test09_visited_posts_enter_main')
data.setCell(11, 2, 'test.supeixian.demo.TestMyTracks')
data.setCell(11, 3, 24950);
data.setCell(12, 0, 12)
data.setCell(12, 1, 'test26_dislike_follows')
data.setCell(12, 2, 'test.supeixian.demo.TestMyTracks')
data.setCell(12, 3, 24473);
data.setCell(13, 0, 13)
data.setCell(13, 1, 'test29_return_page')
data.setCell(13, 2, 'test.supeixian.demo.TestMyTracks')
data.setCell(13, 3, 22130);
data.setCell(14, 0, 14)
data.setCell(14, 1, 'test08_visited_posts')
data.setCell(14, 2, 'test.supeixian.demo.TestMyTracks')
data.setCell(14, 3, 22035);
data.setCell(15, 0, 15)
data.setCell(15, 1, 'test19_from_comment_into_post')
data.setCell(15, 2, 'test.supeixian.demo.TestMyTracks')
data.setCell(15, 3, 21997);
data.setCell(16, 0, 16)
data.setCell(16, 1, 'test20_dele_like_follow_post')
data.setCell(16, 2, 'test.supeixian.demo.TestMyTracks')
data.setCell(16, 3, 21975);
data.setCell(17, 0, 17)
data.setCell(17, 1, 'test27_into_payment_history_page')
data.setCell(17, 2, 'test.supeixian.demo.TestMyTracks')
data.setCell(17, 3, 21933);
data.setCell(18, 0, 18)
data.setCell(18, 1, 'test22_into_disliked_follow')
data.setCell(18, 2, 'test.supeixian.demo.TestMyTracks')
data.setCell(18, 3, 21932);
data.setCell(19, 0, 19)
data.setCell(19, 1, 'test16_dele_dislike_post')
data.setCell(19, 2, 'test.supeixian.demo.TestMyTracks')
data.setCell(19, 3, 21898);
data.setCell(20, 0, 20)
data.setCell(20, 1, 'test18_into_comment')
data.setCell(20, 2, 'test.supeixian.demo.TestMyTracks')
data.setCell(20, 3, 21871);
data.setCell(21, 0, 21)
data.setCell(21, 1, 'test11_fabulous')
data.setCell(21, 2, 'test.supeixian.demo.TestMyTracks')
data.setCell(21, 3, 21871);
data.setCell(22, 0, 22)
data.setCell(22, 1, 'test33_change_page')
data.setCell(22, 2, 'test.supeixian.demo.TestMyTracks')
data.setCell(22, 3, 21524);
data.setCell(23, 0, 23)
data.setCell(23, 1, 'test28_into_payment_page')
data.setCell(23, 2, 'test.supeixian.demo.TestMyTracks')
data.setCell(23, 3, 21453);
data.setCell(24, 0, 24)
data.setCell(24, 1, 'test35_payment_page')
data.setCell(24, 2, 'test.supeixian.demo.TestMyTracks')
data.setCell(24, 3, 21440);
data.setCell(25, 0, 25)
data.setCell(25, 1, 'test32_after_delete_into_mainpage')
data.setCell(25, 2, 'test.supeixian.demo.TestMyTracks')
data.setCell(25, 3, 21406);
data.setCell(26, 0, 26)
data.setCell(26, 1, 'test23_into_details')
data.setCell(26, 2, 'test.supeixian.demo.TestMyTracks')
data.setCell(26, 3, 21301);
data.setCell(27, 0, 27)
data.setCell(27, 1, 'test06_collection_clicklong')
data.setCell(27, 2, 'test.supeixian.demo.TestMyTracks')
data.setCell(27, 3, 21277);
data.setCell(28, 0, 28)
data.setCell(28, 1, 'test21_like_follow_post_success')
data.setCell(28, 2, 'test.supeixian.demo.TestMyTracks')
data.setCell(28, 3, 21275);
data.setCell(29, 0, 29)
data.setCell(29, 1, 'test31_cai_genteibyself')
data.setCell(29, 2, 'test.supeixian.demo.TestMyTracks')
data.setCell(29, 3, 21229);
data.setCell(30, 0, 30)
data.setCell(30, 1, 'test24_dele_disliked_follows')
data.setCell(30, 2, 'test.supeixian.demo.TestMyTracks')
data.setCell(30, 3, 18960);
data.setCell(31, 0, 31)
data.setCell(31, 1, 'test30_scroll_banner')
data.setCell(31, 2, 'test.supeixian.demo.TestMyTracks')
data.setCell(31, 3, 18783);
data.setCell(32, 0, 32)
data.setCell(32, 1, 'test10_fold')
data.setCell(32, 2, 'test.supeixian.demo.TestMyTracks')
data.setCell(32, 3, 18781);
data.setCell(33, 0, 33)
data.setCell(33, 1, 'test25_dele_disliked_follows_fail')
data.setCell(33, 2, 'test.supeixian.demo.TestMyTracks')
data.setCell(33, 3, 18213);
data.setCell(34, 0, 34)
data.setCell(34, 1, 'test15_into_dislike_post')
data.setCell(34, 2, 'test.supeixian.demo.TestMyTracks')
data.setCell(34, 3, 18185);
window.suiteTableData['Default_suite']= { tableData: data, tableDiv: 'times-div-Default_suite'}
return data;
}
              </script>
              <span class="suite-total-time">Total running time: 14 minutes</span>
              <div id="times-div-Default_suite">
              </div> <!-- times-div-Default_suite -->
            </div> <!-- times-div -->
          </div> <!-- main-panel-content rounded-window-bottom -->
        </div> <!-- panel -->
        <div panel-name="reporter-Default_suite" class="panel">
          <div class="main-panel-header rounded-window-top">
            <span class="header-content">Reporter output for Default suite</span>
          </div> <!-- main-panel-header rounded-window-top -->
          <div class="main-panel-content rounded-window-bottom">
          </div> <!-- main-panel-content rounded-window-bottom -->
        </div> <!-- panel -->
        <div panel-name="ignored-methods-Default_suite" class="panel">
          <div class="main-panel-header rounded-window-top">
            <span class="header-content">0 ignored methods</span>
          </div> <!-- main-panel-header rounded-window-top -->
          <div class="main-panel-content rounded-window-bottom">
          </div> <!-- main-panel-content rounded-window-bottom -->
        </div> <!-- panel -->
        <div panel-name="chronological-Default_suite" class="panel">
          <div class="main-panel-header rounded-window-top">
            <span class="header-content">Methods in chronological order</span>
          </div> <!-- main-panel-header rounded-window-top -->
          <div class="main-panel-content rounded-window-bottom">
            <div class="chronological-class">
              <div class="chronological-class-name">test.supeixian.demo.TestMyTracks</div> <!-- chronological-class-name -->
              <div class="configuration-suite before">
                <span class="method-name">addListener(org.testng.TestRunner@8d23cd8)</span>
                <span class="method-start">0 ms</span>
              </div> <!-- configuration-suite before -->
              <div class="configuration-method before">
                <span class="method-name">doBeforeClass</span>
                <span class="method-start">25 ms</span>
              </div> <!-- configuration-method before -->
              <div class="test-method">
                <span class="method-name">test01_collection</span>
                <span class="method-start">5438 ms</span>
              </div> <!-- test-method -->
              <div class="configuration-method before">
                <span class="method-name">doBeforeClass</span>
                <span class="method-start">30694 ms</span>
              </div> <!-- configuration-method before -->
              <div class="test-method">
                <span class="method-name">test02_collection_details</span>
                <span class="method-start">34870 ms</span>
              </div> <!-- test-method -->
              <div class="configuration-method before">
                <span class="method-name">doBeforeClass</span>
                <span class="method-start">63068 ms</span>
              </div> <!-- configuration-method before -->
              <div class="test-method">
                <span class="method-name">test03_collection_delete_success</span>
                <span class="method-start">67249 ms</span>
              </div> <!-- test-method -->
              <div class="configuration-method before">
                <span class="method-name">doBeforeClass</span>
                <span class="method-start">92336 ms</span>
              </div> <!-- configuration-method before -->
              <div class="test-method">
                <span class="method-name">test04_collection_delete_fail</span>
                <span class="method-start">97017 ms</span>
              </div> <!-- test-method -->
              <div class="configuration-method before">
                <span class="method-name">doBeforeClass</span>
                <span class="method-start">122100 ms</span>
              </div> <!-- configuration-method before -->
              <div class="test-method">
                <span class="method-name">test05_collection_many</span>
                <span class="method-start">126182 ms</span>
              </div> <!-- test-method -->
              <div class="configuration-method before">
                <span class="method-name">doBeforeClass</span>
                <span class="method-start">158115 ms</span>
              </div> <!-- configuration-method before -->
              <div class="test-method">
                <img src="failed.png">
                </img>
                <span class="method-name">test06_collection_clicklong</span>
                <span class="method-start">162299 ms</span>
              </div> <!-- test-method -->
              <div class="configuration-method before">
                <span class="method-name">doBeforeClass</span>
                <span class="method-start">183660 ms</span>
              </div> <!-- configuration-method before -->
              <div class="test-method">
                <img src="failed.png">
                </img>
                <span class="method-name">test07_collection_more</span>
                <span class="method-start">187869 ms</span>
              </div> <!-- test-method -->
              <div class="configuration-method before">
                <span class="method-name">doBeforeClass</span>
                <span class="method-start">216031 ms</span>
              </div> <!-- configuration-method before -->
              <div class="test-method">
                <span class="method-name">test08_visited_posts</span>
                <span class="method-start">220720 ms</span>
              </div> <!-- test-method -->
              <div class="configuration-method before">
                <span class="method-name">doBeforeClass</span>
                <span class="method-start">242756 ms</span>
              </div> <!-- configuration-method before -->
              <div class="test-method">
                <span class="method-name">test09_visited_posts_enter_main</span>
                <span class="method-start">247435 ms</span>
              </div> <!-- test-method -->
              <div class="configuration-method before">
                <span class="method-name">doBeforeClass</span>
                <span class="method-start">272386 ms</span>
              </div> <!-- configuration-method before -->
              <div class="test-method">
                <span class="method-name">test10_fold</span>
                <span class="method-start">276537 ms</span>
              </div> <!-- test-method -->
              <div class="configuration-method before">
                <span class="method-name">doBeforeClass</span>
                <span class="method-start">295319 ms</span>
              </div> <!-- configuration-method before -->
              <div class="test-method">
                <span class="method-name">test11_fabulous</span>
                <span class="method-start">300002 ms</span>
              </div> <!-- test-method -->
              <div class="configuration-method before">
                <span class="method-name">doBeforeClass</span>
                <span class="method-start">321874 ms</span>
              </div> <!-- configuration-method before -->
              <div class="test-method">
                <span class="method-name">test12_zan_moretime</span>
                <span class="method-start">325970 ms</span>
              </div> <!-- test-method -->
              <div class="configuration-method before">
                <span class="method-name">doBeforeClass</span>
                <span class="method-start">376129 ms</span>
              </div> <!-- configuration-method before -->
              <div class="test-method">
                <img src="failed.png">
                </img>
                <span class="method-name">test13_dele_fabulous_record</span>
                <span class="method-start">380819 ms</span>
              </div> <!-- test-method -->
              <div class="configuration-method before">
                <span class="method-name">doBeforeClass</span>
                <span class="method-start">412166 ms</span>
              </div> <!-- configuration-method before -->
              <div class="test-method">
                <span class="method-name">test14_fabulous_success</span>
                <span class="method-start">416853 ms</span>
              </div> <!-- test-method -->
              <div class="configuration-method before">
                <span class="method-name">doBeforeClass</span>
                <span class="method-start">445336 ms</span>
              </div> <!-- configuration-method before -->
              <div class="test-method">
                <img src="failed.png">
                </img>
                <span class="method-name">test15_into_dislike_post</span>
                <span class="method-start">450021 ms</span>
              </div> <!-- test-method -->
              <div class="configuration-method before">
                <span class="method-name">doBeforeClass</span>
                <span class="method-start">468275 ms</span>
              </div> <!-- configuration-method before -->
              <div class="test-method">
                <span class="method-name">test16_dele_dislike_post</span>
                <span class="method-start">472938 ms</span>
              </div> <!-- test-method -->
              <div class="configuration-method before">
                <span class="method-name">doBeforeClass</span>
                <span class="method-start">494837 ms</span>
              </div> <!-- configuration-method before -->
              <div class="test-method">
                <img src="failed.png">
                </img>
                <span class="method-name">test17_dislike_success</span>
                <span class="method-start">499518 ms</span>
              </div> <!-- test-method -->
              <div class="configuration-method before">
                <span class="method-name">doBeforeClass</span>
                <span class="method-start">526816 ms</span>
              </div> <!-- configuration-method before -->
              <div class="test-method">
                <span class="method-name">test18_into_comment</span>
                <span class="method-start">531504 ms</span>
              </div> <!-- test-method -->
              <div class="configuration-method before">
                <span class="method-name">doBeforeClass</span>
                <span class="method-start">553376 ms</span>
              </div> <!-- configuration-method before -->
              <div class="test-method">
                <span class="method-name">test19_from_comment_into_post</span>
                <span class="method-start">558076 ms</span>
              </div> <!-- test-method -->
              <div class="configuration-method before">
                <span class="method-name">doBeforeClass</span>
                <span class="method-start">580074 ms</span>
              </div> <!-- configuration-method before -->
              <div class="test-method">
                <span class="method-name">test20_dele_like_follow_post</span>
                <span class="method-start">584755 ms</span>
              </div> <!-- test-method -->
              <div class="configuration-method before">
                <span class="method-name">doBeforeClass</span>
                <span class="method-start">606731 ms</span>
              </div> <!-- configuration-method before -->
              <div class="test-method">
                <img src="failed.png">
                </img>
                <span class="method-name">test21_like_follow_post_success</span>
                <span class="method-start">611401 ms</span>
              </div> <!-- test-method -->
              <div class="configuration-method before">
                <span class="method-name">doBeforeClass</span>
                <span class="method-start">632745 ms</span>
              </div> <!-- configuration-method before -->
              <div class="test-method">
                <span class="method-name">test22_into_disliked_follow</span>
                <span class="method-start">637421 ms</span>
              </div> <!-- test-method -->
              <div class="configuration-method before">
                <span class="method-name">doBeforeClass</span>
                <span class="method-start">659353 ms</span>
              </div> <!-- configuration-method before -->
              <div class="test-method">
                <img src="failed.png">
                </img>
                <span class="method-name">test23_into_details</span>
                <span class="method-start">664038 ms</span>
              </div> <!-- test-method -->
              <div class="configuration-method before">
                <span class="method-name">doBeforeClass</span>
                <span class="method-start">685407 ms</span>
              </div> <!-- configuration-method before -->
              <div class="test-method">
                <span class="method-name">test24_dele_disliked_follows</span>
                <span class="method-start">690107 ms</span>
              </div> <!-- test-method -->
              <div class="configuration-method before">
                <span class="method-name">doBeforeClass</span>
                <span class="method-start">709068 ms</span>
              </div> <!-- configuration-method before -->
              <div class="test-method">
                <img src="failed.png">
                </img>
                <span class="method-name">test25_dele_disliked_follows_fail</span>
                <span class="method-start">713772 ms</span>
              </div> <!-- test-method -->
              <div class="configuration-method before">
                <span class="method-name">doBeforeClass</span>
                <span class="method-start">732055 ms</span>
              </div> <!-- configuration-method before -->
              <div class="test-method">
                <img src="failed.png">
                </img>
                <span class="method-name">test26_dislike_follows</span>
                <span class="method-start">737239 ms</span>
              </div> <!-- test-method -->
              <div class="configuration-method before">
                <span class="method-name">doBeforeClass</span>
                <span class="method-start">761783 ms</span>
              </div> <!-- configuration-method before -->
              <div class="test-method">
                <span class="method-name">test27_into_payment_history_page</span>
                <span class="method-start">766939 ms</span>
              </div> <!-- test-method -->
              <div class="configuration-method before">
                <span class="method-name">doBeforeClass</span>
                <span class="method-start">788873 ms</span>
              </div> <!-- configuration-method before -->
              <div class="test-method">
                <img src="failed.png">
                </img>
                <span class="method-name">test28_into_payment_page</span>
                <span class="method-start">793573 ms</span>
              </div> <!-- test-method -->
              <div class="configuration-method before">
                <span class="method-name">doBeforeClass</span>
                <span class="method-start">815093 ms</span>
              </div> <!-- configuration-method before -->
              <div class="test-method">
                <span class="method-name">test29_return_page</span>
                <span class="method-start">820308 ms</span>
              </div> <!-- test-method -->
              <div class="configuration-method before">
                <span class="method-name">doBeforeClass</span>
                <span class="method-start">842438 ms</span>
              </div> <!-- configuration-method before -->
              <div class="test-method">
                <span class="method-name">test30_scroll_banner</span>
                <span class="method-start">847623 ms</span>
              </div> <!-- test-method -->
              <div class="configuration-method before">
                <span class="method-name">doBeforeClass</span>
                <span class="method-start">866406 ms</span>
              </div> <!-- configuration-method before -->
              <div class="test-method">
                <span class="method-name">test31_cai_genteibyself</span>
                <span class="method-start">871105 ms</span>
              </div> <!-- test-method -->
              <div class="configuration-method before">
                <span class="method-name">doBeforeClass</span>
                <span class="method-start">892337 ms</span>
              </div> <!-- configuration-method before -->
              <div class="test-method">
                <span class="method-name">test32_after_delete_into_mainpage</span>
                <span class="method-start">897508 ms</span>
              </div> <!-- test-method -->
              <div class="configuration-method before">
                <span class="method-name">doBeforeClass</span>
                <span class="method-start">918916 ms</span>
              </div> <!-- configuration-method before -->
              <div class="test-method">
                <span class="method-name">test33_change_page</span>
                <span class="method-start">924125 ms</span>
              </div> <!-- test-method -->
              <div class="configuration-method before">
                <span class="method-name">doBeforeClass</span>
                <span class="method-start">945651 ms</span>
              </div> <!-- configuration-method before -->
              <div class="test-method">
                <img src="failed.png">
                </img>
                <span class="method-name">test34_visit_history</span>
                <span class="method-start">950874 ms</span>
              </div> <!-- test-method -->
              <div class="configuration-method before">
                <span class="method-name">doBeforeClass</span>
                <span class="method-start">985071 ms</span>
              </div> <!-- configuration-method before -->
              <div class="test-method">
                <span class="method-name">test35_payment_page</span>
                <span class="method-start">990275 ms</span>
              </div> <!-- test-method -->
          </div> <!-- main-panel-content rounded-window-bottom -->
        </div> <!-- panel -->
      </div> <!-- main-panel-root -->
    </div> <!-- wrapper -->
  </body>
<script type="text/javascript" src="testng-reports2.js"></script>
</html>
