<?xml version="1.0" encoding="UTF-8"?>
<testng-results ignored="0" total="35" passed="24" failed="11" skipped="0">
  <reporter-output>
  </reporter-output>
  <suite started-at="2021-11-09T21:13:07 GMT+08:00" name="Default suite" finished-at="2021-11-09T21:29:59 GMT+08:00" duration-ms="1011716">
    <groups>
    </groups>
    <test started-at="2021-11-09T21:13:07 GMT+08:00" name="Default test" finished-at="2021-11-09T21:29:59 GMT+08:00" duration-ms="1011716">
      <class name="test.supeixian.demo.TestMyTracks">
        <test-method is-config="true" signature="addListener(org.testng.ITestContext)[pri:0, instance:test.supeixian.demo.TestMyTracks@6a6afff2]" started-at="2021-11-09T21:13:07 GMT+08:00" name="addListener" description="请求一个监听器" finished-at="2021-11-09T21:13:07 GMT+08:00" duration-ms="9" status="PASS">
          <params>
            <param index="0">
              <value>
                <![CDATA[org.testng.TestRunner@8d23cd8]]>
              </value>
            </param>
          </params>
          <reporter-output>
          </reporter-output>
        </test-method> <!-- addListener -->
        <test-method is-config="true" signature="doBeforeClass()[pri:0, instance:test.supeixian.demo.TestMyTracks@6a6afff2]" started-at="2021-11-09T21:13:07 GMT+08:00" name="doBeforeClass" finished-at="2021-11-09T21:13:12 GMT+08:00" duration-ms="5412" status="PASS">
          <reporter-output>
          </reporter-output>
        </test-method> <!-- doBeforeClass -->
        <test-method signature="test01_collection()[pri:0, instance:test.supeixian.demo.TestMyTracks@6a6afff2]" started-at="2021-11-09T21:13:12 GMT+08:00" name="test01_collection" finished-at="2021-11-09T21:13:38 GMT+08:00" duration-ms="25254" status="PASS">
          <reporter-output>
          </reporter-output>
        </test-method> <!-- test01_collection -->
        <test-method is-config="true" signature="doBeforeClass()[pri:0, instance:test.supeixian.demo.TestMyTracks@6a6afff2]" started-at="2021-11-09T21:13:38 GMT+08:00" name="doBeforeClass" finished-at="2021-11-09T21:13:42 GMT+08:00" duration-ms="4175" status="PASS">
          <reporter-output>
          </reporter-output>
        </test-method> <!-- doBeforeClass -->
        <test-method signature="test02_collection_details()[pri:0, instance:test.supeixian.demo.TestMyTracks@6a6afff2]" started-at="2021-11-09T21:13:42 GMT+08:00" name="test02_collection_details" finished-at="2021-11-09T21:14:10 GMT+08:00" duration-ms="28198" status="PASS">
          <reporter-output>
          </reporter-output>
        </test-method> <!-- test02_collection_details -->
        <test-method is-config="true" signature="doBeforeClass()[pri:0, instance:test.supeixian.demo.TestMyTracks@6a6afff2]" started-at="2021-11-09T21:14:10 GMT+08:00" name="doBeforeClass" finished-at="2021-11-09T21:14:14 GMT+08:00" duration-ms="4181" status="PASS">
          <reporter-output>
          </reporter-output>
        </test-method> <!-- doBeforeClass -->
        <test-method signature="test03_collection_delete_success()[pri:0, instance:test.supeixian.demo.TestMyTracks@6a6afff2]" started-at="2021-11-09T21:14:14 GMT+08:00" name="test03_collection_delete_success" finished-at="2021-11-09T21:14:39 GMT+08:00" duration-ms="25087" status="PASS">
          <reporter-output>
          </reporter-output>
        </test-method> <!-- test03_collection_delete_success -->
        <test-method is-config="true" signature="doBeforeClass()[pri:0, instance:test.supeixian.demo.TestMyTracks@6a6afff2]" started-at="2021-11-09T21:14:39 GMT+08:00" name="doBeforeClass" finished-at="2021-11-09T21:14:44 GMT+08:00" duration-ms="4681" status="PASS">
          <reporter-output>
          </reporter-output>
        </test-method> <!-- doBeforeClass -->
        <test-method signature="test04_collection_delete_fail()[pri:0, instance:test.supeixian.demo.TestMyTracks@6a6afff2]" started-at="2021-11-09T21:14:44 GMT+08:00" name="test04_collection_delete_fail" finished-at="2021-11-09T21:15:09 GMT+08:00" duration-ms="25082" status="PASS">
          <reporter-output>
          </reporter-output>
        </test-method> <!-- test04_collection_delete_fail -->
        <test-method is-config="true" signature="doBeforeClass()[pri:0, instance:test.supeixian.demo.TestMyTracks@6a6afff2]" started-at="2021-11-09T21:15:09 GMT+08:00" name="doBeforeClass" finished-at="2021-11-09T21:15:13 GMT+08:00" duration-ms="4082" status="PASS">
          <reporter-output>
          </reporter-output>
        </test-method> <!-- doBeforeClass -->
        <test-method signature="test05_collection_many()[pri:0, instance:test.supeixian.demo.TestMyTracks@6a6afff2]" started-at="2021-11-09T21:15:13 GMT+08:00" name="test05_collection_many" finished-at="2021-11-09T21:15:45 GMT+08:00" duration-ms="31932" status="PASS">
          <reporter-output>
          </reporter-output>
        </test-method> <!-- test05_collection_many -->
        <test-method is-config="true" signature="doBeforeClass()[pri:0, instance:test.supeixian.demo.TestMyTracks@6a6afff2]" started-at="2021-11-09T21:15:45 GMT+08:00" name="doBeforeClass" finished-at="2021-11-09T21:15:49 GMT+08:00" duration-ms="4184" status="PASS">
          <reporter-output>
          </reporter-output>
        </test-method> <!-- doBeforeClass -->
        <test-method signature="test06_collection_clicklong()[pri:0, instance:test.supeixian.demo.TestMyTracks@6a6afff2]" started-at="2021-11-09T21:15:49 GMT+08:00" name="test06_collection_clicklong" finished-at="2021-11-09T21:16:11 GMT+08:00" duration-ms="21277" status="FAIL">
          <exception class="org.openqa.selenium.ElementClickInterceptedException">
            <message>
              <![CDATA[Element <a class="text-info" href="/jianyuluntan_2.4.6/index.php/post/18.html"> is not clickable at point (312,16) because another element <div class="collapse navbar-collapse"> obscures it
Build info: version: '3.141.59', revision: 'e82be7d358', time: '2018-11-14T08:25:53'
System info: host: 'LAPTOP-MJQEULQN', ip: '169.254.17.14', os.name: 'Windows 10', os.arch: 'amd64', os.version: '10.0', java.version: '11.0.2'
Driver info: org.openqa.selenium.firefox.FirefoxDriver
Capabilities {acceptInsecureCerts: true, browserName: firefox, browserVersion: 86.0, javascriptEnabled: true, moz:accessibilityChecks: false, moz:buildID: 20210222142601, moz:geckodriverVersion: 0.29.0, moz:headless: false, moz:processID: 12052, moz:profile: C:\Users\苏培贤\AppData\Local\..., moz:shutdownTimeout: 60000, moz:useNonSpecCompliantPointerOrigin: false, moz:webdriverClick: true, pageLoadStrategy: normal, platform: WINDOWS, platformName: WINDOWS, platformVersion: 10.0, rotatable: false, setWindowRect: true, strictFileInteractability: false, timeouts: {implicit: 0, pageLoad: 300000, script: 30000}, unhandledPromptBehavior: dismiss and notify}
Session ID: ff5e75c8-3e5e-4931-941c-d00747879ac6]]>
            </message>
            <full-stacktrace>
              <![CDATA[org.openqa.selenium.ElementClickInterceptedException: Element <a class="text-info" href="/jianyuluntan_2.4.6/index.php/post/18.html"> is not clickable at point (312,16) because another element <div class="collapse navbar-collapse"> obscures it
Build info: version: '3.141.59', revision: 'e82be7d358', time: '2018-11-14T08:25:53'
System info: host: 'LAPTOP-MJQEULQN', ip: '169.254.17.14', os.name: 'Windows 10', os.arch: 'amd64', os.version: '10.0', java.version: '11.0.2'
Driver info: org.openqa.selenium.firefox.FirefoxDriver
Capabilities {acceptInsecureCerts: true, browserName: firefox, browserVersion: 86.0, javascriptEnabled: true, moz:accessibilityChecks: false, moz:buildID: 20210222142601, moz:geckodriverVersion: 0.29.0, moz:headless: false, moz:processID: 12052, moz:profile: C:\Users\苏培贤\AppData\Local\..., moz:shutdownTimeout: 60000, moz:useNonSpecCompliantPointerOrigin: false, moz:webdriverClick: true, pageLoadStrategy: normal, platform: WINDOWS, platformName: WINDOWS, platformVersion: 10.0, rotatable: false, setWindowRect: true, strictFileInteractability: false, timeouts: {implicit: 0, pageLoad: 300000, script: 30000}, unhandledPromptBehavior: dismiss and notify}
Session ID: ff5e75c8-3e5e-4931-941c-d00747879ac6
at java.base/jdk.internal.reflect.NativeConstructorAccessorImpl.newInstance0(Native Method)
at java.base/jdk.internal.reflect.NativeConstructorAccessorImpl.newInstance(NativeConstructorAccessorImpl.java:62)
at java.base/jdk.internal.reflect.DelegatingConstructorAccessorImpl.newInstance(DelegatingConstructorAccessorImpl.java:45)
at java.base/java.lang.reflect.Constructor.newInstance(Constructor.java:490)
at org.openqa.selenium.remote.http.W3CHttpResponseCodec.createException(W3CHttpResponseCodec.java:187)
at org.openqa.selenium.remote.http.W3CHttpResponseCodec.decode(W3CHttpResponseCodec.java:122)
at org.openqa.selenium.remote.http.W3CHttpResponseCodec.decode(W3CHttpResponseCodec.java:49)
at org.openqa.selenium.remote.HttpCommandExecutor.execute(HttpCommandExecutor.java:158)
at org.openqa.selenium.remote.service.DriverCommandExecutor.execute(DriverCommandExecutor.java:83)
at org.openqa.selenium.remote.RemoteWebDriver.execute(RemoteWebDriver.java:552)
at org.openqa.selenium.remote.RemoteWebElement.execute(RemoteWebElement.java:285)
at org.openqa.selenium.remote.RemoteWebElement.click(RemoteWebElement.java:84)
at com.webtest.core.WebDriverEngine.clickLonger(WebDriverEngine.java:159)
at test.supeixian.demo.TestMyTracks.test06_collection_clicklong(TestMyTracks.java:130)
at java.base/jdk.internal.reflect.NativeMethodAccessorImpl.invoke0(Native Method)
at java.base/jdk.internal.reflect.NativeMethodAccessorImpl.invoke(NativeMethodAccessorImpl.java:62)
at java.base/jdk.internal.reflect.DelegatingMethodAccessorImpl.invoke(DelegatingMethodAccessorImpl.java:43)
at java.base/java.lang.reflect.Method.invoke(Method.java:566)
at org.testng.internal.MethodInvocationHelper.invokeMethod(MethodInvocationHelper.java:132)
at org.testng.internal.TestInvoker.invokeMethod(TestInvoker.java:599)
at org.testng.internal.TestInvoker.invokeTestMethod(TestInvoker.java:174)
at org.testng.internal.MethodRunner.runInSequence(MethodRunner.java:46)
at org.testng.internal.TestInvoker$MethodInvocationAgent.invoke(TestInvoker.java:822)
at org.testng.internal.TestInvoker.invokeTestMethods(TestInvoker.java:147)
at org.testng.internal.TestMethodWorker.invokeTestMethods(TestMethodWorker.java:146)
at org.testng.internal.TestMethodWorker.run(TestMethodWorker.java:128)
at java.base/java.util.ArrayList.forEach(ArrayList.java:1540)
at org.testng.TestRunner.privateRun(TestRunner.java:764)
at org.testng.TestRunner.run(TestRunner.java:585)
at org.testng.SuiteRunner.runTest(SuiteRunner.java:384)
at org.testng.SuiteRunner.runSequentially(SuiteRunner.java:378)
at org.testng.SuiteRunner.privateRun(SuiteRunner.java:337)
at org.testng.SuiteRunner.run(SuiteRunner.java:286)
at org.testng.SuiteRunnerWorker.runSuite(SuiteRunnerWorker.java:53)
at org.testng.SuiteRunnerWorker.run(SuiteRunnerWorker.java:96)
at org.testng.TestNG.runSuitesSequentially(TestNG.java:1218)
at org.testng.TestNG.runSuitesLocally(TestNG.java:1140)
at org.testng.TestNG.runSuites(TestNG.java:1069)
at org.testng.TestNG.run(TestNG.java:1037)
at org.testng.remote.AbstractRemoteTestNG.run(AbstractRemoteTestNG.java:115)
at org.testng.remote.RemoteTestNG.initAndRun(RemoteTestNG.java:251)
at org.testng.remote.RemoteTestNG.main(RemoteTestNG.java:77)
]]>
            </full-stacktrace>
          </exception> <!-- org.openqa.selenium.ElementClickInterceptedException -->
          <reporter-output>
          </reporter-output>
        </test-method> <!-- test06_collection_clicklong -->
        <test-method is-config="true" signature="doBeforeClass()[pri:0, instance:test.supeixian.demo.TestMyTracks@6a6afff2]" started-at="2021-11-09T21:16:11 GMT+08:00" name="doBeforeClass" finished-at="2021-11-09T21:16:15 GMT+08:00" duration-ms="4208" status="PASS">
          <reporter-output>
          </reporter-output>
        </test-method> <!-- doBeforeClass -->
        <test-method signature="test07_collection_more()[pri:0, instance:test.supeixian.demo.TestMyTracks@6a6afff2]" started-at="2021-11-09T21:16:15 GMT+08:00" name="test07_collection_more" finished-at="2021-11-09T21:16:43 GMT+08:00" duration-ms="28082" status="FAIL">
          <exception class="java.lang.AssertionError">
            <message>
              <![CDATA[expected [false] but found [true]]]>
            </message>
            <full-stacktrace>
              <![CDATA[java.lang.AssertionError: expected [false] but found [true]
at org.testng.Assert.fail(Assert.java:99)
at org.testng.Assert.failNotEquals(Assert.java:1037)
at org.testng.Assert.assertEqualsImpl(Assert.java:140)
at org.testng.Assert.assertEquals(Assert.java:122)
at org.testng.Assert.assertEquals(Assert.java:819)
at org.testng.Assert.assertEquals(Assert.java:829)
at test.supeixian.demo.TestMyTracks.test07_collection_more(TestMyTracks.java:170)
at java.base/jdk.internal.reflect.NativeMethodAccessorImpl.invoke0(Native Method)
at java.base/jdk.internal.reflect.NativeMethodAccessorImpl.invoke(NativeMethodAccessorImpl.java:62)
at java.base/jdk.internal.reflect.DelegatingMethodAccessorImpl.invoke(DelegatingMethodAccessorImpl.java:43)
at java.base/java.lang.reflect.Method.invoke(Method.java:566)
at org.testng.internal.MethodInvocationHelper.invokeMethod(MethodInvocationHelper.java:132)
at org.testng.internal.TestInvoker.invokeMethod(TestInvoker.java:599)
at org.testng.internal.TestInvoker.invokeTestMethod(TestInvoker.java:174)
at org.testng.internal.MethodRunner.runInSequence(MethodRunner.java:46)
at org.testng.internal.TestInvoker$MethodInvocationAgent.invoke(TestInvoker.java:822)
at org.testng.internal.TestInvoker.invokeTestMethods(TestInvoker.java:147)
at org.testng.internal.TestMethodWorker.invokeTestMethods(TestMethodWorker.java:146)
at org.testng.internal.TestMethodWorker.run(TestMethodWorker.java:128)
at java.base/java.util.ArrayList.forEach(ArrayList.java:1540)
at org.testng.TestRunner.privateRun(TestRunner.java:764)
at org.testng.TestRunner.run(TestRunner.java:585)
at org.testng.SuiteRunner.runTest(SuiteRunner.java:384)
at org.testng.SuiteRunner.runSequentially(SuiteRunner.java:378)
at org.testng.SuiteRunner.privateRun(SuiteRunner.java:337)
at org.testng.SuiteRunner.run(SuiteRunner.java:286)
at org.testng.SuiteRunnerWorker.runSuite(SuiteRunnerWorker.java:53)
at org.testng.SuiteRunnerWorker.run(SuiteRunnerWorker.java:96)
at org.testng.TestNG.runSuitesSequentially(TestNG.java:1218)
at org.testng.TestNG.runSuitesLocally(TestNG.java:1140)
at org.testng.TestNG.runSuites(TestNG.java:1069)
at org.testng.TestNG.run(TestNG.java:1037)
at org.testng.remote.AbstractRemoteTestNG.run(AbstractRemoteTestNG.java:115)
at org.testng.remote.RemoteTestNG.initAndRun(RemoteTestNG.java:251)
at org.testng.remote.RemoteTestNG.main(RemoteTestNG.java:77)
]]>
            </full-stacktrace>
          </exception> <!-- java.lang.AssertionError -->
          <reporter-output>
          </reporter-output>
        </test-method> <!-- test07_collection_more -->
        <test-method is-config="true" signature="doBeforeClass()[pri:0, instance:test.supeixian.demo.TestMyTracks@6a6afff2]" started-at="2021-11-09T21:16:43 GMT+08:00" name="doBeforeClass" finished-at="2021-11-09T21:16:48 GMT+08:00" duration-ms="4689" status="PASS">
          <reporter-output>
          </reporter-output>
        </test-method> <!-- doBeforeClass -->
        <test-method signature="test08_visited_posts()[pri:0, instance:test.supeixian.demo.TestMyTracks@6a6afff2]" started-at="2021-11-09T21:16:48 GMT+08:00" name="test08_visited_posts" finished-at="2021-11-09T21:17:10 GMT+08:00" duration-ms="22035" status="PASS">
          <reporter-output>
          </reporter-output>
        </test-method> <!-- test08_visited_posts -->
        <test-method is-config="true" signature="doBeforeClass()[pri:0, instance:test.supeixian.demo.TestMyTracks@6a6afff2]" started-at="2021-11-09T21:17:10 GMT+08:00" name="doBeforeClass" finished-at="2021-11-09T21:17:14 GMT+08:00" duration-ms="4679" status="PASS">
          <reporter-output>
          </reporter-output>
        </test-method> <!-- doBeforeClass -->
        <test-method signature="test09_visited_posts_enter_main()[pri:0, instance:test.supeixian.demo.TestMyTracks@6a6afff2]" started-at="2021-11-09T21:17:14 GMT+08:00" name="test09_visited_posts_enter_main" finished-at="2021-11-09T21:17:39 GMT+08:00" duration-ms="24950" status="PASS">
          <reporter-output>
          </reporter-output>
        </test-method> <!-- test09_visited_posts_enter_main -->
        <test-method is-config="true" signature="doBeforeClass()[pri:0, instance:test.supeixian.demo.TestMyTracks@6a6afff2]" started-at="2021-11-09T21:17:39 GMT+08:00" name="doBeforeClass" finished-at="2021-11-09T21:17:44 GMT+08:00" duration-ms="4150" status="PASS">
          <reporter-output>
          </reporter-output>
        </test-method> <!-- doBeforeClass -->
        <test-method signature="test10_fold()[pri:0, instance:test.supeixian.demo.TestMyTracks@6a6afff2]" started-at="2021-11-09T21:17:44 GMT+08:00" name="test10_fold" finished-at="2021-11-09T21:18:02 GMT+08:00" duration-ms="18781" status="PASS">
          <reporter-output>
          </reporter-output>
        </test-method> <!-- test10_fold -->
        <test-method is-config="true" signature="doBeforeClass()[pri:0, instance:test.supeixian.demo.TestMyTracks@6a6afff2]" started-at="2021-11-09T21:18:02 GMT+08:00" name="doBeforeClass" finished-at="2021-11-09T21:18:07 GMT+08:00" duration-ms="4683" status="PASS">
          <reporter-output>
          </reporter-output>
        </test-method> <!-- doBeforeClass -->
        <test-method signature="test11_fabulous()[pri:0, instance:test.supeixian.demo.TestMyTracks@6a6afff2]" started-at="2021-11-09T21:18:07 GMT+08:00" name="test11_fabulous" finished-at="2021-11-09T21:18:29 GMT+08:00" duration-ms="21871" status="PASS">
          <reporter-output>
          </reporter-output>
        </test-method> <!-- test11_fabulous -->
        <test-method is-config="true" signature="doBeforeClass()[pri:0, instance:test.supeixian.demo.TestMyTracks@6a6afff2]" started-at="2021-11-09T21:18:29 GMT+08:00" name="doBeforeClass" finished-at="2021-11-09T21:18:33 GMT+08:00" duration-ms="4096" status="PASS">
          <reporter-output>
          </reporter-output>
        </test-method> <!-- doBeforeClass -->
        <test-method signature="test12_zan_moretime()[pri:0, instance:test.supeixian.demo.TestMyTracks@6a6afff2]" started-at="2021-11-09T21:18:33 GMT+08:00" name="test12_zan_moretime" finished-at="2021-11-09T21:19:23 GMT+08:00" duration-ms="50158" status="PASS">
          <reporter-output>
          </reporter-output>
        </test-method> <!-- test12_zan_moretime -->
        <test-method is-config="true" signature="doBeforeClass()[pri:0, instance:test.supeixian.demo.TestMyTracks@6a6afff2]" started-at="2021-11-09T21:19:23 GMT+08:00" name="doBeforeClass" finished-at="2021-11-09T21:19:28 GMT+08:00" duration-ms="4690" status="PASS">
          <reporter-output>
          </reporter-output>
        </test-method> <!-- doBeforeClass -->
        <test-method signature="test13_dele_fabulous_record()[pri:0, instance:test.supeixian.demo.TestMyTracks@6a6afff2]" started-at="2021-11-09T21:19:28 GMT+08:00" name="test13_dele_fabulous_record" finished-at="2021-11-09T21:19:59 GMT+08:00" duration-ms="31281" status="FAIL">
          <exception class="java.lang.AssertionError">
            <message>
              <![CDATA[expected [true] but found [false]]]>
            </message>
            <full-stacktrace>
              <![CDATA[java.lang.AssertionError: expected [true] but found [false]
at org.testng.Assert.fail(Assert.java:99)
at org.testng.Assert.failNotEquals(Assert.java:1037)
at org.testng.Assert.assertEqualsImpl(Assert.java:140)
at org.testng.Assert.assertEquals(Assert.java:122)
at org.testng.Assert.assertEquals(Assert.java:819)
at org.testng.Assert.assertEquals(Assert.java:829)
at test.supeixian.demo.TestMyTracks.test13_dele_fabulous_record(TestMyTracks.java:270)
at java.base/jdk.internal.reflect.NativeMethodAccessorImpl.invoke0(Native Method)
at java.base/jdk.internal.reflect.NativeMethodAccessorImpl.invoke(NativeMethodAccessorImpl.java:62)
at java.base/jdk.internal.reflect.DelegatingMethodAccessorImpl.invoke(DelegatingMethodAccessorImpl.java:43)
at java.base/java.lang.reflect.Method.invoke(Method.java:566)
at org.testng.internal.MethodInvocationHelper.invokeMethod(MethodInvocationHelper.java:132)
at org.testng.internal.TestInvoker.invokeMethod(TestInvoker.java:599)
at org.testng.internal.TestInvoker.invokeTestMethod(TestInvoker.java:174)
at org.testng.internal.MethodRunner.runInSequence(MethodRunner.java:46)
at org.testng.internal.TestInvoker$MethodInvocationAgent.invoke(TestInvoker.java:822)
at org.testng.internal.TestInvoker.invokeTestMethods(TestInvoker.java:147)
at org.testng.internal.TestMethodWorker.invokeTestMethods(TestMethodWorker.java:146)
at org.testng.internal.TestMethodWorker.run(TestMethodWorker.java:128)
at java.base/java.util.ArrayList.forEach(ArrayList.java:1540)
at org.testng.TestRunner.privateRun(TestRunner.java:764)
at org.testng.TestRunner.run(TestRunner.java:585)
at org.testng.SuiteRunner.runTest(SuiteRunner.java:384)
at org.testng.SuiteRunner.runSequentially(SuiteRunner.java:378)
at org.testng.SuiteRunner.privateRun(SuiteRunner.java:337)
at org.testng.SuiteRunner.run(SuiteRunner.java:286)
at org.testng.SuiteRunnerWorker.runSuite(SuiteRunnerWorker.java:53)
at org.testng.SuiteRunnerWorker.run(SuiteRunnerWorker.java:96)
at org.testng.TestNG.runSuitesSequentially(TestNG.java:1218)
at org.testng.TestNG.runSuitesLocally(TestNG.java:1140)
at org.testng.TestNG.runSuites(TestNG.java:1069)
at org.testng.TestNG.run(TestNG.java:1037)
at org.testng.remote.AbstractRemoteTestNG.run(AbstractRemoteTestNG.java:115)
at org.testng.remote.RemoteTestNG.initAndRun(RemoteTestNG.java:251)
at org.testng.remote.RemoteTestNG.main(RemoteTestNG.java:77)
]]>
            </full-stacktrace>
          </exception> <!-- java.lang.AssertionError -->
          <reporter-output>
          </reporter-output>
        </test-method> <!-- test13_dele_fabulous_record -->
        <test-method is-config="true" signature="doBeforeClass()[pri:0, instance:test.supeixian.demo.TestMyTracks@6a6afff2]" started-at="2021-11-09T21:19:59 GMT+08:00" name="doBeforeClass" finished-at="2021-11-09T21:20:04 GMT+08:00" duration-ms="4687" status="PASS">
          <reporter-output>
          </reporter-output>
        </test-method> <!-- doBeforeClass -->
        <test-method signature="test14_fabulous_success()[pri:0, instance:test.supeixian.demo.TestMyTracks@6a6afff2]" started-at="2021-11-09T21:20:04 GMT+08:00" name="test14_fabulous_success" finished-at="2021-11-09T21:20:32 GMT+08:00" duration-ms="28482" status="PASS">
          <reporter-output>
          </reporter-output>
        </test-method> <!-- test14_fabulous_success -->
        <test-method is-config="true" signature="doBeforeClass()[pri:0, instance:test.supeixian.demo.TestMyTracks@6a6afff2]" started-at="2021-11-09T21:20:32 GMT+08:00" name="doBeforeClass" finished-at="2021-11-09T21:20:37 GMT+08:00" duration-ms="4685" status="PASS">
          <reporter-output>
          </reporter-output>
        </test-method> <!-- doBeforeClass -->
        <test-method signature="test15_into_dislike_post()[pri:0, instance:test.supeixian.demo.TestMyTracks@6a6afff2]" started-at="2021-11-09T21:20:37 GMT+08:00" name="test15_into_dislike_post" finished-at="2021-11-09T21:20:55 GMT+08:00" duration-ms="18185" status="FAIL">
          <exception class="org.openqa.selenium.ElementClickInterceptedException">
            <message>
              <![CDATA[Element <a class="nav-link text-dark" href="/jianyuluntan_2.4.6/index.php/user/index/dislikedpost.html"> is not clickable at point (118,722) because another element <div class="fixed-bottom text-right"> obscures it
Build info: version: '3.141.59', revision: 'e82be7d358', time: '2018-11-14T08:25:53'
System info: host: 'LAPTOP-MJQEULQN', ip: '169.254.17.14', os.name: 'Windows 10', os.arch: 'amd64', os.version: '10.0', java.version: '11.0.2'
Driver info: org.openqa.selenium.firefox.FirefoxDriver
Capabilities {acceptInsecureCerts: true, browserName: firefox, browserVersion: 86.0, javascriptEnabled: true, moz:accessibilityChecks: false, moz:buildID: 20210222142601, moz:geckodriverVersion: 0.29.0, moz:headless: false, moz:processID: 55096, moz:profile: C:\Users\苏培贤\AppData\Local\..., moz:shutdownTimeout: 60000, moz:useNonSpecCompliantPointerOrigin: false, moz:webdriverClick: true, pageLoadStrategy: normal, platform: WINDOWS, platformName: WINDOWS, platformVersion: 10.0, rotatable: false, setWindowRect: true, strictFileInteractability: false, timeouts: {implicit: 0, pageLoad: 300000, script: 30000}, unhandledPromptBehavior: dismiss and notify}
Session ID: 0a327599-e41e-41af-ba56-907138118d1a]]>
            </message>
            <full-stacktrace>
              <![CDATA[org.openqa.selenium.ElementClickInterceptedException: Element <a class="nav-link text-dark" href="/jianyuluntan_2.4.6/index.php/user/index/dislikedpost.html"> is not clickable at point (118,722) because another element <div class="fixed-bottom text-right"> obscures it
Build info: version: '3.141.59', revision: 'e82be7d358', time: '2018-11-14T08:25:53'
System info: host: 'LAPTOP-MJQEULQN', ip: '169.254.17.14', os.name: 'Windows 10', os.arch: 'amd64', os.version: '10.0', java.version: '11.0.2'
Driver info: org.openqa.selenium.firefox.FirefoxDriver
Capabilities {acceptInsecureCerts: true, browserName: firefox, browserVersion: 86.0, javascriptEnabled: true, moz:accessibilityChecks: false, moz:buildID: 20210222142601, moz:geckodriverVersion: 0.29.0, moz:headless: false, moz:processID: 55096, moz:profile: C:\Users\苏培贤\AppData\Local\..., moz:shutdownTimeout: 60000, moz:useNonSpecCompliantPointerOrigin: false, moz:webdriverClick: true, pageLoadStrategy: normal, platform: WINDOWS, platformName: WINDOWS, platformVersion: 10.0, rotatable: false, setWindowRect: true, strictFileInteractability: false, timeouts: {implicit: 0, pageLoad: 300000, script: 30000}, unhandledPromptBehavior: dismiss and notify}
Session ID: 0a327599-e41e-41af-ba56-907138118d1a
at java.base/jdk.internal.reflect.NativeConstructorAccessorImpl.newInstance0(Native Method)
at java.base/jdk.internal.reflect.NativeConstructorAccessorImpl.newInstance(NativeConstructorAccessorImpl.java:62)
at java.base/jdk.internal.reflect.DelegatingConstructorAccessorImpl.newInstance(DelegatingConstructorAccessorImpl.java:45)
at java.base/java.lang.reflect.Constructor.newInstance(Constructor.java:490)
at org.openqa.selenium.remote.http.W3CHttpResponseCodec.createException(W3CHttpResponseCodec.java:187)
at org.openqa.selenium.remote.http.W3CHttpResponseCodec.decode(W3CHttpResponseCodec.java:122)
at org.openqa.selenium.remote.http.W3CHttpResponseCodec.decode(W3CHttpResponseCodec.java:49)
at org.openqa.selenium.remote.HttpCommandExecutor.execute(HttpCommandExecutor.java:158)
at org.openqa.selenium.remote.service.DriverCommandExecutor.execute(DriverCommandExecutor.java:83)
at org.openqa.selenium.remote.RemoteWebDriver.execute(RemoteWebDriver.java:552)
at org.openqa.selenium.remote.RemoteWebElement.execute(RemoteWebElement.java:285)
at org.openqa.selenium.remote.RemoteWebElement.click(RemoteWebElement.java:84)
at com.webtest.core.WebDriverEngine.click(WebDriverEngine.java:149)
at test.supeixian.demo.TestMyTracks.test15_into_dislike_post(TestMyTracks.java:298)
at java.base/jdk.internal.reflect.NativeMethodAccessorImpl.invoke0(Native Method)
at java.base/jdk.internal.reflect.NativeMethodAccessorImpl.invoke(NativeMethodAccessorImpl.java:62)
at java.base/jdk.internal.reflect.DelegatingMethodAccessorImpl.invoke(DelegatingMethodAccessorImpl.java:43)
at java.base/java.lang.reflect.Method.invoke(Method.java:566)
at org.testng.internal.MethodInvocationHelper.invokeMethod(MethodInvocationHelper.java:132)
at org.testng.internal.TestInvoker.invokeMethod(TestInvoker.java:599)
at org.testng.internal.TestInvoker.invokeTestMethod(TestInvoker.java:174)
at org.testng.internal.MethodRunner.runInSequence(MethodRunner.java:46)
at org.testng.internal.TestInvoker$MethodInvocationAgent.invoke(TestInvoker.java:822)
at org.testng.internal.TestInvoker.invokeTestMethods(TestInvoker.java:147)
at org.testng.internal.TestMethodWorker.invokeTestMethods(TestMethodWorker.java:146)
at org.testng.internal.TestMethodWorker.run(TestMethodWorker.java:128)
at java.base/java.util.ArrayList.forEach(ArrayList.java:1540)
at org.testng.TestRunner.privateRun(TestRunner.java:764)
at org.testng.TestRunner.run(TestRunner.java:585)
at org.testng.SuiteRunner.runTest(SuiteRunner.java:384)
at org.testng.SuiteRunner.runSequentially(SuiteRunner.java:378)
at org.testng.SuiteRunner.privateRun(SuiteRunner.java:337)
at org.testng.SuiteRunner.run(SuiteRunner.java:286)
at org.testng.SuiteRunnerWorker.runSuite(SuiteRunnerWorker.java:53)
at org.testng.SuiteRunnerWorker.run(SuiteRunnerWorker.java:96)
at org.testng.TestNG.runSuitesSequentially(TestNG.java:1218)
at org.testng.TestNG.runSuitesLocally(TestNG.java:1140)
at org.testng.TestNG.runSuites(TestNG.java:1069)
at org.testng.TestNG.run(TestNG.java:1037)
at org.testng.remote.AbstractRemoteTestNG.run(AbstractRemoteTestNG.java:115)
at org.testng.remote.RemoteTestNG.initAndRun(RemoteTestNG.java:251)
at org.testng.remote.RemoteTestNG.main(RemoteTestNG.java:77)
]]>
            </full-stacktrace>
          </exception> <!-- org.openqa.selenium.ElementClickInterceptedException -->
          <reporter-output>
          </reporter-output>
        </test-method> <!-- test15_into_dislike_post -->
        <test-method is-config="true" signature="doBeforeClass()[pri:0, instance:test.supeixian.demo.TestMyTracks@6a6afff2]" started-at="2021-11-09T21:20:55 GMT+08:00" name="doBeforeClass" finished-at="2021-11-09T21:21:00 GMT+08:00" duration-ms="4663" status="PASS">
          <reporter-output>
          </reporter-output>
        </test-method> <!-- doBeforeClass -->
        <test-method signature="test16_dele_dislike_post()[pri:0, instance:test.supeixian.demo.TestMyTracks@6a6afff2]" started-at="2021-11-09T21:21:00 GMT+08:00" name="test16_dele_dislike_post" finished-at="2021-11-09T21:21:22 GMT+08:00" duration-ms="21898" status="PASS">
          <reporter-output>
          </reporter-output>
        </test-method> <!-- test16_dele_dislike_post -->
        <test-method is-config="true" signature="doBeforeClass()[pri:0, instance:test.supeixian.demo.TestMyTracks@6a6afff2]" started-at="2021-11-09T21:21:22 GMT+08:00" name="doBeforeClass" finished-at="2021-11-09T21:21:27 GMT+08:00" duration-ms="4681" status="PASS">
          <reporter-output>
          </reporter-output>
        </test-method> <!-- doBeforeClass -->
        <test-method signature="test17_dislike_success()[pri:0, instance:test.supeixian.demo.TestMyTracks@6a6afff2]" started-at="2021-11-09T21:21:27 GMT+08:00" name="test17_dislike_success" finished-at="2021-11-09T21:21:54 GMT+08:00" duration-ms="27224" status="FAIL">
          <exception class="org.openqa.selenium.ElementClickInterceptedException">
            <message>
              <![CDATA[Element <a class="nav-link text-dark" href="/jianyuluntan_2.4.6/index.php/user/index/dislikedpost.html"> is not clickable at point (118,722) because another element <div class="fixed-bottom text-right"> obscures it
Build info: version: '3.141.59', revision: 'e82be7d358', time: '2018-11-14T08:25:53'
System info: host: 'LAPTOP-MJQEULQN', ip: '169.254.17.14', os.name: 'Windows 10', os.arch: 'amd64', os.version: '10.0', java.version: '11.0.2'
Driver info: org.openqa.selenium.firefox.FirefoxDriver
Capabilities {acceptInsecureCerts: true, browserName: firefox, browserVersion: 86.0, javascriptEnabled: true, moz:accessibilityChecks: false, moz:buildID: 20210222142601, moz:geckodriverVersion: 0.29.0, moz:headless: false, moz:processID: 21564, moz:profile: C:\Users\苏培贤\AppData\Local\..., moz:shutdownTimeout: 60000, moz:useNonSpecCompliantPointerOrigin: false, moz:webdriverClick: true, pageLoadStrategy: normal, platform: WINDOWS, platformName: WINDOWS, platformVersion: 10.0, rotatable: false, setWindowRect: true, strictFileInteractability: false, timeouts: {implicit: 0, pageLoad: 300000, script: 30000}, unhandledPromptBehavior: dismiss and notify}
Session ID: d175278b-27b9-4724-9413-937269b4fd6e]]>
            </message>
            <full-stacktrace>
              <![CDATA[org.openqa.selenium.ElementClickInterceptedException: Element <a class="nav-link text-dark" href="/jianyuluntan_2.4.6/index.php/user/index/dislikedpost.html"> is not clickable at point (118,722) because another element <div class="fixed-bottom text-right"> obscures it
Build info: version: '3.141.59', revision: 'e82be7d358', time: '2018-11-14T08:25:53'
System info: host: 'LAPTOP-MJQEULQN', ip: '169.254.17.14', os.name: 'Windows 10', os.arch: 'amd64', os.version: '10.0', java.version: '11.0.2'
Driver info: org.openqa.selenium.firefox.FirefoxDriver
Capabilities {acceptInsecureCerts: true, browserName: firefox, browserVersion: 86.0, javascriptEnabled: true, moz:accessibilityChecks: false, moz:buildID: 20210222142601, moz:geckodriverVersion: 0.29.0, moz:headless: false, moz:processID: 21564, moz:profile: C:\Users\苏培贤\AppData\Local\..., moz:shutdownTimeout: 60000, moz:useNonSpecCompliantPointerOrigin: false, moz:webdriverClick: true, pageLoadStrategy: normal, platform: WINDOWS, platformName: WINDOWS, platformVersion: 10.0, rotatable: false, setWindowRect: true, strictFileInteractability: false, timeouts: {implicit: 0, pageLoad: 300000, script: 30000}, unhandledPromptBehavior: dismiss and notify}
Session ID: d175278b-27b9-4724-9413-937269b4fd6e
at java.base/jdk.internal.reflect.NativeConstructorAccessorImpl.newInstance0(Native Method)
at java.base/jdk.internal.reflect.NativeConstructorAccessorImpl.newInstance(NativeConstructorAccessorImpl.java:62)
at java.base/jdk.internal.reflect.DelegatingConstructorAccessorImpl.newInstance(DelegatingConstructorAccessorImpl.java:45)
at java.base/java.lang.reflect.Constructor.newInstance(Constructor.java:490)
at org.openqa.selenium.remote.http.W3CHttpResponseCodec.createException(W3CHttpResponseCodec.java:187)
at org.openqa.selenium.remote.http.W3CHttpResponseCodec.decode(W3CHttpResponseCodec.java:122)
at org.openqa.selenium.remote.http.W3CHttpResponseCodec.decode(W3CHttpResponseCodec.java:49)
at org.openqa.selenium.remote.HttpCommandExecutor.execute(HttpCommandExecutor.java:158)
at org.openqa.selenium.remote.service.DriverCommandExecutor.execute(DriverCommandExecutor.java:83)
at org.openqa.selenium.remote.RemoteWebDriver.execute(RemoteWebDriver.java:552)
at org.openqa.selenium.remote.RemoteWebElement.execute(RemoteWebElement.java:285)
at org.openqa.selenium.remote.RemoteWebElement.click(RemoteWebElement.java:84)
at com.webtest.core.WebDriverEngine.click(WebDriverEngine.java:149)
at test.supeixian.demo.TestMyTracks.test17_dislike_success(TestMyTracks.java:339)
at java.base/jdk.internal.reflect.NativeMethodAccessorImpl.invoke0(Native Method)
at java.base/jdk.internal.reflect.NativeMethodAccessorImpl.invoke(NativeMethodAccessorImpl.java:62)
at java.base/jdk.internal.reflect.DelegatingMethodAccessorImpl.invoke(DelegatingMethodAccessorImpl.java:43)
at java.base/java.lang.reflect.Method.invoke(Method.java:566)
at org.testng.internal.MethodInvocationHelper.invokeMethod(MethodInvocationHelper.java:132)
at org.testng.internal.TestInvoker.invokeMethod(TestInvoker.java:599)
at org.testng.internal.TestInvoker.invokeTestMethod(TestInvoker.java:174)
at org.testng.internal.MethodRunner.runInSequence(MethodRunner.java:46)
at org.testng.internal.TestInvoker$MethodInvocationAgent.invoke(TestInvoker.java:822)
at org.testng.internal.TestInvoker.invokeTestMethods(TestInvoker.java:147)
at org.testng.internal.TestMethodWorker.invokeTestMethods(TestMethodWorker.java:146)
at org.testng.internal.TestMethodWorker.run(TestMethodWorker.java:128)
at java.base/java.util.ArrayList.forEach(ArrayList.java:1540)
at org.testng.TestRunner.privateRun(TestRunner.java:764)
at org.testng.TestRunner.run(TestRunner.java:585)
at org.testng.SuiteRunner.runTest(SuiteRunner.java:384)
at org.testng.SuiteRunner.runSequentially(SuiteRunner.java:378)
at org.testng.SuiteRunner.privateRun(SuiteRunner.java:337)
at org.testng.SuiteRunner.run(SuiteRunner.java:286)
at org.testng.SuiteRunnerWorker.runSuite(SuiteRunnerWorker.java:53)
at org.testng.SuiteRunnerWorker.run(SuiteRunnerWorker.java:96)
at org.testng.TestNG.runSuitesSequentially(TestNG.java:1218)
at org.testng.TestNG.runSuitesLocally(TestNG.java:1140)
at org.testng.TestNG.runSuites(TestNG.java:1069)
at org.testng.TestNG.run(TestNG.java:1037)
at org.testng.remote.AbstractRemoteTestNG.run(AbstractRemoteTestNG.java:115)
at org.testng.remote.RemoteTestNG.initAndRun(RemoteTestNG.java:251)
at org.testng.remote.RemoteTestNG.main(RemoteTestNG.java:77)
]]>
            </full-stacktrace>
          </exception> <!-- org.openqa.selenium.ElementClickInterceptedException -->
          <reporter-output>
          </reporter-output>
        </test-method> <!-- test17_dislike_success -->
        <test-method is-config="true" signature="doBeforeClass()[pri:0, instance:test.supeixian.demo.TestMyTracks@6a6afff2]" started-at="2021-11-09T21:21:54 GMT+08:00" name="doBeforeClass" finished-at="2021-11-09T21:21:59 GMT+08:00" duration-ms="4688" status="PASS">
          <reporter-output>
          </reporter-output>
        </test-method> <!-- doBeforeClass -->
        <test-method signature="test18_into_comment()[pri:0, instance:test.supeixian.demo.TestMyTracks@6a6afff2]" started-at="2021-11-09T21:21:59 GMT+08:00" name="test18_into_comment" finished-at="2021-11-09T21:22:20 GMT+08:00" duration-ms="21871" status="PASS">
          <reporter-output>
          </reporter-output>
        </test-method> <!-- test18_into_comment -->
        <test-method is-config="true" signature="doBeforeClass()[pri:0, instance:test.supeixian.demo.TestMyTracks@6a6afff2]" started-at="2021-11-09T21:22:20 GMT+08:00" name="doBeforeClass" finished-at="2021-11-09T21:22:25 GMT+08:00" duration-ms="4700" status="PASS">
          <reporter-output>
          </reporter-output>
        </test-method> <!-- doBeforeClass -->
        <test-method signature="test19_from_comment_into_post()[pri:0, instance:test.supeixian.demo.TestMyTracks@6a6afff2]" started-at="2021-11-09T21:22:25 GMT+08:00" name="test19_from_comment_into_post" finished-at="2021-11-09T21:22:47 GMT+08:00" duration-ms="21997" status="PASS">
          <reporter-output>
          </reporter-output>
        </test-method> <!-- test19_from_comment_into_post -->
        <test-method is-config="true" signature="doBeforeClass()[pri:0, instance:test.supeixian.demo.TestMyTracks@6a6afff2]" started-at="2021-11-09T21:22:47 GMT+08:00" name="doBeforeClass" finished-at="2021-11-09T21:22:52 GMT+08:00" duration-ms="4680" status="PASS">
          <reporter-output>
          </reporter-output>
        </test-method> <!-- doBeforeClass -->
        <test-method signature="test20_dele_like_follow_post()[pri:0, instance:test.supeixian.demo.TestMyTracks@6a6afff2]" started-at="2021-11-09T21:22:52 GMT+08:00" name="test20_dele_like_follow_post" finished-at="2021-11-09T21:23:14 GMT+08:00" duration-ms="21975" status="PASS">
          <reporter-output>
          </reporter-output>
        </test-method> <!-- test20_dele_like_follow_post -->
        <test-method is-config="true" signature="doBeforeClass()[pri:0, instance:test.supeixian.demo.TestMyTracks@6a6afff2]" started-at="2021-11-09T21:23:14 GMT+08:00" name="doBeforeClass" finished-at="2021-11-09T21:23:18 GMT+08:00" duration-ms="4670" status="PASS">
          <reporter-output>
          </reporter-output>
        </test-method> <!-- doBeforeClass -->
        <test-method signature="test21_like_follow_post_success()[pri:0, instance:test.supeixian.demo.TestMyTracks@6a6afff2]" started-at="2021-11-09T21:23:18 GMT+08:00" name="test21_like_follow_post_success" finished-at="2021-11-09T21:23:40 GMT+08:00" duration-ms="21275" status="FAIL">
          <exception class="org.openqa.selenium.ElementClickInterceptedException">
            <message>
              <![CDATA[Element <a class="nav-link text-dark" href="/jianyuluntan_2.4.6/index.php/user/index/likedfollow.html"> is not clickable at point (118,710) because another element <div class="fixed-bottom text-right"> obscures it
Build info: version: '3.141.59', revision: 'e82be7d358', time: '2018-11-14T08:25:53'
System info: host: 'LAPTOP-MJQEULQN', ip: '169.254.17.14', os.name: 'Windows 10', os.arch: 'amd64', os.version: '10.0', java.version: '11.0.2'
Driver info: org.openqa.selenium.firefox.FirefoxDriver
Capabilities {acceptInsecureCerts: true, browserName: firefox, browserVersion: 86.0, javascriptEnabled: true, moz:accessibilityChecks: false, moz:buildID: 20210222142601, moz:geckodriverVersion: 0.29.0, moz:headless: false, moz:processID: 2000, moz:profile: C:\Users\苏培贤\AppData\Local\..., moz:shutdownTimeout: 60000, moz:useNonSpecCompliantPointerOrigin: false, moz:webdriverClick: true, pageLoadStrategy: normal, platform: WINDOWS, platformName: WINDOWS, platformVersion: 10.0, rotatable: false, setWindowRect: true, strictFileInteractability: false, timeouts: {implicit: 0, pageLoad: 300000, script: 30000}, unhandledPromptBehavior: dismiss and notify}
Session ID: f3cedb23-e56d-4ab0-8614-473b9b7b4a14]]>
            </message>
            <full-stacktrace>
              <![CDATA[org.openqa.selenium.ElementClickInterceptedException: Element <a class="nav-link text-dark" href="/jianyuluntan_2.4.6/index.php/user/index/likedfollow.html"> is not clickable at point (118,710) because another element <div class="fixed-bottom text-right"> obscures it
Build info: version: '3.141.59', revision: 'e82be7d358', time: '2018-11-14T08:25:53'
System info: host: 'LAPTOP-MJQEULQN', ip: '169.254.17.14', os.name: 'Windows 10', os.arch: 'amd64', os.version: '10.0', java.version: '11.0.2'
Driver info: org.openqa.selenium.firefox.FirefoxDriver
Capabilities {acceptInsecureCerts: true, browserName: firefox, browserVersion: 86.0, javascriptEnabled: true, moz:accessibilityChecks: false, moz:buildID: 20210222142601, moz:geckodriverVersion: 0.29.0, moz:headless: false, moz:processID: 2000, moz:profile: C:\Users\苏培贤\AppData\Local\..., moz:shutdownTimeout: 60000, moz:useNonSpecCompliantPointerOrigin: false, moz:webdriverClick: true, pageLoadStrategy: normal, platform: WINDOWS, platformName: WINDOWS, platformVersion: 10.0, rotatable: false, setWindowRect: true, strictFileInteractability: false, timeouts: {implicit: 0, pageLoad: 300000, script: 30000}, unhandledPromptBehavior: dismiss and notify}
Session ID: f3cedb23-e56d-4ab0-8614-473b9b7b4a14
at java.base/jdk.internal.reflect.NativeConstructorAccessorImpl.newInstance0(Native Method)
at java.base/jdk.internal.reflect.NativeConstructorAccessorImpl.newInstance(NativeConstructorAccessorImpl.java:62)
at java.base/jdk.internal.reflect.DelegatingConstructorAccessorImpl.newInstance(DelegatingConstructorAccessorImpl.java:45)
at java.base/java.lang.reflect.Constructor.newInstance(Constructor.java:490)
at org.openqa.selenium.remote.http.W3CHttpResponseCodec.createException(W3CHttpResponseCodec.java:187)
at org.openqa.selenium.remote.http.W3CHttpResponseCodec.decode(W3CHttpResponseCodec.java:122)
at org.openqa.selenium.remote.http.W3CHttpResponseCodec.decode(W3CHttpResponseCodec.java:49)
at org.openqa.selenium.remote.HttpCommandExecutor.execute(HttpCommandExecutor.java:158)
at org.openqa.selenium.remote.service.DriverCommandExecutor.execute(DriverCommandExecutor.java:83)
at org.openqa.selenium.remote.RemoteWebDriver.execute(RemoteWebDriver.java:552)
at org.openqa.selenium.remote.RemoteWebElement.execute(RemoteWebElement.java:285)
at org.openqa.selenium.remote.RemoteWebElement.click(RemoteWebElement.java:84)
at com.webtest.core.WebDriverEngine.click(WebDriverEngine.java:149)
at test.supeixian.demo.TestMyTracks.test21_like_follow_post_success(TestMyTracks.java:401)
at java.base/jdk.internal.reflect.NativeMethodAccessorImpl.invoke0(Native Method)
at java.base/jdk.internal.reflect.NativeMethodAccessorImpl.invoke(NativeMethodAccessorImpl.java:62)
at java.base/jdk.internal.reflect.DelegatingMethodAccessorImpl.invoke(DelegatingMethodAccessorImpl.java:43)
at java.base/java.lang.reflect.Method.invoke(Method.java:566)
at org.testng.internal.MethodInvocationHelper.invokeMethod(MethodInvocationHelper.java:132)
at org.testng.internal.TestInvoker.invokeMethod(TestInvoker.java:599)
at org.testng.internal.TestInvoker.invokeTestMethod(TestInvoker.java:174)
at org.testng.internal.MethodRunner.runInSequence(MethodRunner.java:46)
at org.testng.internal.TestInvoker$MethodInvocationAgent.invoke(TestInvoker.java:822)
at org.testng.internal.TestInvoker.invokeTestMethods(TestInvoker.java:147)
at org.testng.internal.TestMethodWorker.invokeTestMethods(TestMethodWorker.java:146)
at org.testng.internal.TestMethodWorker.run(TestMethodWorker.java:128)
at java.base/java.util.ArrayList.forEach(ArrayList.java:1540)
at org.testng.TestRunner.privateRun(TestRunner.java:764)
at org.testng.TestRunner.run(TestRunner.java:585)
at org.testng.SuiteRunner.runTest(SuiteRunner.java:384)
at org.testng.SuiteRunner.runSequentially(SuiteRunner.java:378)
at org.testng.SuiteRunner.privateRun(SuiteRunner.java:337)
at org.testng.SuiteRunner.run(SuiteRunner.java:286)
at org.testng.SuiteRunnerWorker.runSuite(SuiteRunnerWorker.java:53)
at org.testng.SuiteRunnerWorker.run(SuiteRunnerWorker.java:96)
at org.testng.TestNG.runSuitesSequentially(TestNG.java:1218)
at org.testng.TestNG.runSuitesLocally(TestNG.java:1140)
at org.testng.TestNG.runSuites(TestNG.java:1069)
at org.testng.TestNG.run(TestNG.java:1037)
at org.testng.remote.AbstractRemoteTestNG.run(AbstractRemoteTestNG.java:115)
at org.testng.remote.RemoteTestNG.initAndRun(RemoteTestNG.java:251)
at org.testng.remote.RemoteTestNG.main(RemoteTestNG.java:77)
]]>
            </full-stacktrace>
          </exception> <!-- org.openqa.selenium.ElementClickInterceptedException -->
          <reporter-output>
          </reporter-output>
        </test-method> <!-- test21_like_follow_post_success -->
        <test-method is-config="true" signature="doBeforeClass()[pri:0, instance:test.supeixian.demo.TestMyTracks@6a6afff2]" started-at="2021-11-09T21:23:40 GMT+08:00" name="doBeforeClass" finished-at="2021-11-09T21:23:44 GMT+08:00" duration-ms="4676" status="PASS">
          <reporter-output>
          </reporter-output>
        </test-method> <!-- doBeforeClass -->
        <test-method signature="test22_into_disliked_follow()[pri:0, instance:test.supeixian.demo.TestMyTracks@6a6afff2]" started-at="2021-11-09T21:23:44 GMT+08:00" name="test22_into_disliked_follow" finished-at="2021-11-09T21:24:06 GMT+08:00" duration-ms="21932" status="PASS">
          <reporter-output>
          </reporter-output>
        </test-method> <!-- test22_into_disliked_follow -->
        <test-method is-config="true" signature="doBeforeClass()[pri:0, instance:test.supeixian.demo.TestMyTracks@6a6afff2]" started-at="2021-11-09T21:24:06 GMT+08:00" name="doBeforeClass" finished-at="2021-11-09T21:24:11 GMT+08:00" duration-ms="4685" status="PASS">
          <reporter-output>
          </reporter-output>
        </test-method> <!-- doBeforeClass -->
        <test-method signature="test23_into_details()[pri:0, instance:test.supeixian.demo.TestMyTracks@6a6afff2]" started-at="2021-11-09T21:24:11 GMT+08:00" name="test23_into_details" finished-at="2021-11-09T21:24:32 GMT+08:00" duration-ms="21301" status="FAIL">
          <exception class="java.lang.AssertionError">
            <message>
              <![CDATA[expected [http://localhost/jianyuluntan_2.4.6/index.php/user/index/dislikedfollow.html] but found [http://localhost/jianyuluntan_2.4.6/index.php/post/1.html]]]>
            </message>
            <full-stacktrace>
              <![CDATA[java.lang.AssertionError: expected [http://localhost/jianyuluntan_2.4.6/index.php/user/index/dislikedfollow.html] but found [http://localhost/jianyuluntan_2.4.6/index.php/post/1.html]
at org.testng.Assert.fail(Assert.java:99)
at org.testng.Assert.failNotEquals(Assert.java:1037)
at org.testng.Assert.assertEqualsImpl(Assert.java:140)
at org.testng.Assert.assertEquals(Assert.java:122)
at org.testng.Assert.assertEquals(Assert.java:629)
at org.testng.Assert.assertEquals(Assert.java:639)
at test.supeixian.demo.TestMyTracks.test23_into_details(TestMyTracks.java:431)
at java.base/jdk.internal.reflect.NativeMethodAccessorImpl.invoke0(Native Method)
at java.base/jdk.internal.reflect.NativeMethodAccessorImpl.invoke(NativeMethodAccessorImpl.java:62)
at java.base/jdk.internal.reflect.DelegatingMethodAccessorImpl.invoke(DelegatingMethodAccessorImpl.java:43)
at java.base/java.lang.reflect.Method.invoke(Method.java:566)
at org.testng.internal.MethodInvocationHelper.invokeMethod(MethodInvocationHelper.java:132)
at org.testng.internal.TestInvoker.invokeMethod(TestInvoker.java:599)
at org.testng.internal.TestInvoker.invokeTestMethod(TestInvoker.java:174)
at org.testng.internal.MethodRunner.runInSequence(MethodRunner.java:46)
at org.testng.internal.TestInvoker$MethodInvocationAgent.invoke(TestInvoker.java:822)
at org.testng.internal.TestInvoker.invokeTestMethods(TestInvoker.java:147)
at org.testng.internal.TestMethodWorker.invokeTestMethods(TestMethodWorker.java:146)
at org.testng.internal.TestMethodWorker.run(TestMethodWorker.java:128)
at java.base/java.util.ArrayList.forEach(ArrayList.java:1540)
at org.testng.TestRunner.privateRun(TestRunner.java:764)
at org.testng.TestRunner.run(TestRunner.java:585)
at org.testng.SuiteRunner.runTest(SuiteRunner.java:384)
at org.testng.SuiteRunner.runSequentially(SuiteRunner.java:378)
at org.testng.SuiteRunner.privateRun(SuiteRunner.java:337)
at org.testng.SuiteRunner.run(SuiteRunner.java:286)
at org.testng.SuiteRunnerWorker.runSuite(SuiteRunnerWorker.java:53)
at org.testng.SuiteRunnerWorker.run(SuiteRunnerWorker.java:96)
at org.testng.TestNG.runSuitesSequentially(TestNG.java:1218)
at org.testng.TestNG.runSuitesLocally(TestNG.java:1140)
at org.testng.TestNG.runSuites(TestNG.java:1069)
at org.testng.TestNG.run(TestNG.java:1037)
at org.testng.remote.AbstractRemoteTestNG.run(AbstractRemoteTestNG.java:115)
at org.testng.remote.RemoteTestNG.initAndRun(RemoteTestNG.java:251)
at org.testng.remote.RemoteTestNG.main(RemoteTestNG.java:77)
]]>
            </full-stacktrace>
          </exception> <!-- java.lang.AssertionError -->
          <reporter-output>
          </reporter-output>
        </test-method> <!-- test23_into_details -->
        <test-method is-config="true" signature="doBeforeClass()[pri:0, instance:test.supeixian.demo.TestMyTracks@6a6afff2]" started-at="2021-11-09T21:24:32 GMT+08:00" name="doBeforeClass" finished-at="2021-11-09T21:24:37 GMT+08:00" duration-ms="4700" status="PASS">
          <reporter-output>
          </reporter-output>
        </test-method> <!-- doBeforeClass -->
        <test-method signature="test24_dele_disliked_follows()[pri:0, instance:test.supeixian.demo.TestMyTracks@6a6afff2]" started-at="2021-11-09T21:24:37 GMT+08:00" name="test24_dele_disliked_follows" finished-at="2021-11-09T21:24:56 GMT+08:00" duration-ms="18960" status="PASS">
          <reporter-output>
          </reporter-output>
        </test-method> <!-- test24_dele_disliked_follows -->
        <test-method is-config="true" signature="doBeforeClass()[pri:0, instance:test.supeixian.demo.TestMyTracks@6a6afff2]" started-at="2021-11-09T21:24:56 GMT+08:00" name="doBeforeClass" finished-at="2021-11-09T21:25:01 GMT+08:00" duration-ms="4704" status="PASS">
          <reporter-output>
          </reporter-output>
        </test-method> <!-- doBeforeClass -->
        <test-method signature="test25_dele_disliked_follows_fail()[pri:0, instance:test.supeixian.demo.TestMyTracks@6a6afff2]" started-at="2021-11-09T21:25:01 GMT+08:00" name="test25_dele_disliked_follows_fail" finished-at="2021-11-09T21:25:19 GMT+08:00" duration-ms="18213" status="FAIL">
          <exception class="java.lang.AssertionError">
            <message>
              <![CDATA[expected [false] but found [true]]]>
            </message>
            <full-stacktrace>
              <![CDATA[java.lang.AssertionError: expected [false] but found [true]
at org.testng.Assert.fail(Assert.java:99)
at org.testng.Assert.failNotEquals(Assert.java:1037)
at org.testng.Assert.assertEqualsImpl(Assert.java:140)
at org.testng.Assert.assertEquals(Assert.java:122)
at org.testng.Assert.assertEquals(Assert.java:819)
at org.testng.Assert.assertEquals(Assert.java:829)
at test.supeixian.demo.TestMyTracks.test25_dele_disliked_follows_fail(TestMyTracks.java:464)
at java.base/jdk.internal.reflect.NativeMethodAccessorImpl.invoke0(Native Method)
at java.base/jdk.internal.reflect.NativeMethodAccessorImpl.invoke(NativeMethodAccessorImpl.java:62)
at java.base/jdk.internal.reflect.DelegatingMethodAccessorImpl.invoke(DelegatingMethodAccessorImpl.java:43)
at java.base/java.lang.reflect.Method.invoke(Method.java:566)
at org.testng.internal.MethodInvocationHelper.invokeMethod(MethodInvocationHelper.java:132)
at org.testng.internal.TestInvoker.invokeMethod(TestInvoker.java:599)
at org.testng.internal.TestInvoker.invokeTestMethod(TestInvoker.java:174)
at org.testng.internal.MethodRunner.runInSequence(MethodRunner.java:46)
at org.testng.internal.TestInvoker$MethodInvocationAgent.invoke(TestInvoker.java:822)
at org.testng.internal.TestInvoker.invokeTestMethods(TestInvoker.java:147)
at org.testng.internal.TestMethodWorker.invokeTestMethods(TestMethodWorker.java:146)
at org.testng.internal.TestMethodWorker.run(TestMethodWorker.java:128)
at java.base/java.util.ArrayList.forEach(ArrayList.java:1540)
at org.testng.TestRunner.privateRun(TestRunner.java:764)
at org.testng.TestRunner.run(TestRunner.java:585)
at org.testng.SuiteRunner.runTest(SuiteRunner.java:384)
at org.testng.SuiteRunner.runSequentially(SuiteRunner.java:378)
at org.testng.SuiteRunner.privateRun(SuiteRunner.java:337)
at org.testng.SuiteRunner.run(SuiteRunner.java:286)
at org.testng.SuiteRunnerWorker.runSuite(SuiteRunnerWorker.java:53)
at org.testng.SuiteRunnerWorker.run(SuiteRunnerWorker.java:96)
at org.testng.TestNG.runSuitesSequentially(TestNG.java:1218)
at org.testng.TestNG.runSuitesLocally(TestNG.java:1140)
at org.testng.TestNG.runSuites(TestNG.java:1069)
at org.testng.TestNG.run(TestNG.java:1037)
at org.testng.remote.AbstractRemoteTestNG.run(AbstractRemoteTestNG.java:115)
at org.testng.remote.RemoteTestNG.initAndRun(RemoteTestNG.java:251)
at org.testng.remote.RemoteTestNG.main(RemoteTestNG.java:77)
]]>
            </full-stacktrace>
          </exception> <!-- java.lang.AssertionError -->
          <reporter-output>
          </reporter-output>
        </test-method> <!-- test25_dele_disliked_follows_fail -->
        <test-method is-config="true" signature="doBeforeClass()[pri:0, instance:test.supeixian.demo.TestMyTracks@6a6afff2]" started-at="2021-11-09T21:25:19 GMT+08:00" name="doBeforeClass" finished-at="2021-11-09T21:25:24 GMT+08:00" duration-ms="5184" status="PASS">
          <reporter-output>
          </reporter-output>
        </test-method> <!-- doBeforeClass -->
        <test-method signature="test26_dislike_follows()[pri:0, instance:test.supeixian.demo.TestMyTracks@6a6afff2]" started-at="2021-11-09T21:25:24 GMT+08:00" name="test26_dislike_follows" finished-at="2021-11-09T21:25:49 GMT+08:00" duration-ms="24473" status="FAIL">
          <exception class="org.openqa.selenium.ElementClickInterceptedException">
            <message>
              <![CDATA[Element <a class="nav-link text-dark" href="/jianyuluntan_2.4.6/index.php/user/index/dislikedfollow.html"> is not clickable at point (118,710) because another element <div class="fixed-bottom text-right"> obscures it
Build info: version: '3.141.59', revision: 'e82be7d358', time: '2018-11-14T08:25:53'
System info: host: 'LAPTOP-MJQEULQN', ip: '169.254.17.14', os.name: 'Windows 10', os.arch: 'amd64', os.version: '10.0', java.version: '11.0.2'
Driver info: org.openqa.selenium.firefox.FirefoxDriver
Capabilities {acceptInsecureCerts: true, browserName: firefox, browserVersion: 86.0, javascriptEnabled: true, moz:accessibilityChecks: false, moz:buildID: 20210222142601, moz:geckodriverVersion: 0.29.0, moz:headless: false, moz:processID: 48464, moz:profile: C:\Users\苏培贤\AppData\Local\..., moz:shutdownTimeout: 60000, moz:useNonSpecCompliantPointerOrigin: false, moz:webdriverClick: true, pageLoadStrategy: normal, platform: WINDOWS, platformName: WINDOWS, platformVersion: 10.0, rotatable: false, setWindowRect: true, strictFileInteractability: false, timeouts: {implicit: 0, pageLoad: 300000, script: 30000}, unhandledPromptBehavior: dismiss and notify}
Session ID: 347d4e80-1f26-4965-8b1c-eaead6bc35f5]]>
            </message>
            <full-stacktrace>
              <![CDATA[org.openqa.selenium.ElementClickInterceptedException: Element <a class="nav-link text-dark" href="/jianyuluntan_2.4.6/index.php/user/index/dislikedfollow.html"> is not clickable at point (118,710) because another element <div class="fixed-bottom text-right"> obscures it
Build info: version: '3.141.59', revision: 'e82be7d358', time: '2018-11-14T08:25:53'
System info: host: 'LAPTOP-MJQEULQN', ip: '169.254.17.14', os.name: 'Windows 10', os.arch: 'amd64', os.version: '10.0', java.version: '11.0.2'
Driver info: org.openqa.selenium.firefox.FirefoxDriver
Capabilities {acceptInsecureCerts: true, browserName: firefox, browserVersion: 86.0, javascriptEnabled: true, moz:accessibilityChecks: false, moz:buildID: 20210222142601, moz:geckodriverVersion: 0.29.0, moz:headless: false, moz:processID: 48464, moz:profile: C:\Users\苏培贤\AppData\Local\..., moz:shutdownTimeout: 60000, moz:useNonSpecCompliantPointerOrigin: false, moz:webdriverClick: true, pageLoadStrategy: normal, platform: WINDOWS, platformName: WINDOWS, platformVersion: 10.0, rotatable: false, setWindowRect: true, strictFileInteractability: false, timeouts: {implicit: 0, pageLoad: 300000, script: 30000}, unhandledPromptBehavior: dismiss and notify}
Session ID: 347d4e80-1f26-4965-8b1c-eaead6bc35f5
at java.base/jdk.internal.reflect.NativeConstructorAccessorImpl.newInstance0(Native Method)
at java.base/jdk.internal.reflect.NativeConstructorAccessorImpl.newInstance(NativeConstructorAccessorImpl.java:62)
at java.base/jdk.internal.reflect.DelegatingConstructorAccessorImpl.newInstance(DelegatingConstructorAccessorImpl.java:45)
at java.base/java.lang.reflect.Constructor.newInstance(Constructor.java:490)
at org.openqa.selenium.remote.http.W3CHttpResponseCodec.createException(W3CHttpResponseCodec.java:187)
at org.openqa.selenium.remote.http.W3CHttpResponseCodec.decode(W3CHttpResponseCodec.java:122)
at org.openqa.selenium.remote.http.W3CHttpResponseCodec.decode(W3CHttpResponseCodec.java:49)
at org.openqa.selenium.remote.HttpCommandExecutor.execute(HttpCommandExecutor.java:158)
at org.openqa.selenium.remote.service.DriverCommandExecutor.execute(DriverCommandExecutor.java:83)
at org.openqa.selenium.remote.RemoteWebDriver.execute(RemoteWebDriver.java:552)
at org.openqa.selenium.remote.RemoteWebElement.execute(RemoteWebElement.java:285)
at org.openqa.selenium.remote.RemoteWebElement.click(RemoteWebElement.java:84)
at com.webtest.core.WebDriverEngine.click(WebDriverEngine.java:149)
at test.supeixian.demo.TestMyTracks.test26_dislike_follows(TestMyTracks.java:483)
at java.base/jdk.internal.reflect.NativeMethodAccessorImpl.invoke0(Native Method)
at java.base/jdk.internal.reflect.NativeMethodAccessorImpl.invoke(NativeMethodAccessorImpl.java:62)
at java.base/jdk.internal.reflect.DelegatingMethodAccessorImpl.invoke(DelegatingMethodAccessorImpl.java:43)
at java.base/java.lang.reflect.Method.invoke(Method.java:566)
at org.testng.internal.MethodInvocationHelper.invokeMethod(MethodInvocationHelper.java:132)
at org.testng.internal.TestInvoker.invokeMethod(TestInvoker.java:599)
at org.testng.internal.TestInvoker.invokeTestMethod(TestInvoker.java:174)
at org.testng.internal.MethodRunner.runInSequence(MethodRunner.java:46)
at org.testng.internal.TestInvoker$MethodInvocationAgent.invoke(TestInvoker.java:822)
at org.testng.internal.TestInvoker.invokeTestMethods(TestInvoker.java:147)
at org.testng.internal.TestMethodWorker.invokeTestMethods(TestMethodWorker.java:146)
at org.testng.internal.TestMethodWorker.run(TestMethodWorker.java:128)
at java.base/java.util.ArrayList.forEach(ArrayList.java:1540)
at org.testng.TestRunner.privateRun(TestRunner.java:764)
at org.testng.TestRunner.run(TestRunner.java:585)
at org.testng.SuiteRunner.runTest(SuiteRunner.java:384)
at org.testng.SuiteRunner.runSequentially(SuiteRunner.java:378)
at org.testng.SuiteRunner.privateRun(SuiteRunner.java:337)
at org.testng.SuiteRunner.run(SuiteRunner.java:286)
at org.testng.SuiteRunnerWorker.runSuite(SuiteRunnerWorker.java:53)
at org.testng.SuiteRunnerWorker.run(SuiteRunnerWorker.java:96)
at org.testng.TestNG.runSuitesSequentially(TestNG.java:1218)
at org.testng.TestNG.runSuitesLocally(TestNG.java:1140)
at org.testng.TestNG.runSuites(TestNG.java:1069)
at org.testng.TestNG.run(TestNG.java:1037)
at org.testng.remote.AbstractRemoteTestNG.run(AbstractRemoteTestNG.java:115)
at org.testng.remote.RemoteTestNG.initAndRun(RemoteTestNG.java:251)
at org.testng.remote.RemoteTestNG.main(RemoteTestNG.java:77)
]]>
            </full-stacktrace>
          </exception> <!-- org.openqa.selenium.ElementClickInterceptedException -->
          <reporter-output>
          </reporter-output>
        </test-method> <!-- test26_dislike_follows -->
        <test-method is-config="true" signature="doBeforeClass()[pri:0, instance:test.supeixian.demo.TestMyTracks@6a6afff2]" started-at="2021-11-09T21:25:49 GMT+08:00" name="doBeforeClass" finished-at="2021-11-09T21:25:54 GMT+08:00" duration-ms="5156" status="PASS">
          <reporter-output>
          </reporter-output>
        </test-method> <!-- doBeforeClass -->
        <test-method signature="test27_into_payment_history_page()[pri:0, instance:test.supeixian.demo.TestMyTracks@6a6afff2]" started-at="2021-11-09T21:25:54 GMT+08:00" name="test27_into_payment_history_page" finished-at="2021-11-09T21:26:16 GMT+08:00" duration-ms="21933" status="PASS">
          <reporter-output>
          </reporter-output>
        </test-method> <!-- test27_into_payment_history_page -->
        <test-method is-config="true" signature="doBeforeClass()[pri:0, instance:test.supeixian.demo.TestMyTracks@6a6afff2]" started-at="2021-11-09T21:26:16 GMT+08:00" name="doBeforeClass" finished-at="2021-11-09T21:26:21 GMT+08:00" duration-ms="4700" status="PASS">
          <reporter-output>
          </reporter-output>
        </test-method> <!-- doBeforeClass -->
        <test-method signature="test28_into_payment_page()[pri:0, instance:test.supeixian.demo.TestMyTracks@6a6afff2]" started-at="2021-11-09T21:26:21 GMT+08:00" name="test28_into_payment_page" finished-at="2021-11-09T21:26:42 GMT+08:00" duration-ms="21453" status="FAIL">
          <exception class="java.lang.AssertionError">
            <message>
              <![CDATA[expected [http://localhost/jianyuluntan_2.4.6/index.php/user/index/pointspaidposts.html] but found [http://localhost/jianyuluntan_2.4.6/index.php/post/22.html]]]>
            </message>
            <full-stacktrace>
              <![CDATA[java.lang.AssertionError: expected [http://localhost/jianyuluntan_2.4.6/index.php/user/index/pointspaidposts.html] but found [http://localhost/jianyuluntan_2.4.6/index.php/post/22.html]
at org.testng.Assert.fail(Assert.java:99)
at org.testng.Assert.failNotEquals(Assert.java:1037)
at org.testng.Assert.assertEqualsImpl(Assert.java:140)
at org.testng.Assert.assertEquals(Assert.java:122)
at org.testng.Assert.assertEquals(Assert.java:629)
at org.testng.Assert.assertEquals(Assert.java:639)
at test.supeixian.demo.TestMyTracks.test28_into_payment_page(TestMyTracks.java:513)
at java.base/jdk.internal.reflect.NativeMethodAccessorImpl.invoke0(Native Method)
at java.base/jdk.internal.reflect.NativeMethodAccessorImpl.invoke(NativeMethodAccessorImpl.java:62)
at java.base/jdk.internal.reflect.DelegatingMethodAccessorImpl.invoke(DelegatingMethodAccessorImpl.java:43)
at java.base/java.lang.reflect.Method.invoke(Method.java:566)
at org.testng.internal.MethodInvocationHelper.invokeMethod(MethodInvocationHelper.java:132)
at org.testng.internal.TestInvoker.invokeMethod(TestInvoker.java:599)
at org.testng.internal.TestInvoker.invokeTestMethod(TestInvoker.java:174)
at org.testng.internal.MethodRunner.runInSequence(MethodRunner.java:46)
at org.testng.internal.TestInvoker$MethodInvocationAgent.invoke(TestInvoker.java:822)
at org.testng.internal.TestInvoker.invokeTestMethods(TestInvoker.java:147)
at org.testng.internal.TestMethodWorker.invokeTestMethods(TestMethodWorker.java:146)
at org.testng.internal.TestMethodWorker.run(TestMethodWorker.java:128)
at java.base/java.util.ArrayList.forEach(ArrayList.java:1540)
at org.testng.TestRunner.privateRun(TestRunner.java:764)
at org.testng.TestRunner.run(TestRunner.java:585)
at org.testng.SuiteRunner.runTest(SuiteRunner.java:384)
at org.testng.SuiteRunner.runSequentially(SuiteRunner.java:378)
at org.testng.SuiteRunner.privateRun(SuiteRunner.java:337)
at org.testng.SuiteRunner.run(SuiteRunner.java:286)
at org.testng.SuiteRunnerWorker.runSuite(SuiteRunnerWorker.java:53)
at org.testng.SuiteRunnerWorker.run(SuiteRunnerWorker.java:96)
at org.testng.TestNG.runSuitesSequentially(TestNG.java:1218)
at org.testng.TestNG.runSuitesLocally(TestNG.java:1140)
at org.testng.TestNG.runSuites(TestNG.java:1069)
at org.testng.TestNG.run(TestNG.java:1037)
at org.testng.remote.AbstractRemoteTestNG.run(AbstractRemoteTestNG.java:115)
at org.testng.remote.RemoteTestNG.initAndRun(RemoteTestNG.java:251)
at org.testng.remote.RemoteTestNG.main(RemoteTestNG.java:77)
]]>
            </full-stacktrace>
          </exception> <!-- java.lang.AssertionError -->
          <reporter-output>
          </reporter-output>
        </test-method> <!-- test28_into_payment_page -->
        <test-method is-config="true" signature="doBeforeClass()[pri:0, instance:test.supeixian.demo.TestMyTracks@6a6afff2]" started-at="2021-11-09T21:26:42 GMT+08:00" name="doBeforeClass" finished-at="2021-11-09T21:26:47 GMT+08:00" duration-ms="5215" status="PASS">
          <reporter-output>
          </reporter-output>
        </test-method> <!-- doBeforeClass -->
        <test-method signature="test29_return_page()[pri:0, instance:test.supeixian.demo.TestMyTracks@6a6afff2]" started-at="2021-11-09T21:26:47 GMT+08:00" name="test29_return_page" finished-at="2021-11-09T21:27:09 GMT+08:00" duration-ms="22130" status="PASS">
          <reporter-output>
          </reporter-output>
        </test-method> <!-- test29_return_page -->
        <test-method is-config="true" signature="doBeforeClass()[pri:0, instance:test.supeixian.demo.TestMyTracks@6a6afff2]" started-at="2021-11-09T21:27:09 GMT+08:00" name="doBeforeClass" finished-at="2021-11-09T21:27:15 GMT+08:00" duration-ms="5185" status="PASS">
          <reporter-output>
          </reporter-output>
        </test-method> <!-- doBeforeClass -->
        <test-method signature="test30_scroll_banner()[pri:0, instance:test.supeixian.demo.TestMyTracks@6a6afff2]" started-at="2021-11-09T21:27:15 GMT+08:00" name="test30_scroll_banner" finished-at="2021-11-09T21:27:33 GMT+08:00" duration-ms="18783" status="PASS">
          <reporter-output>
          </reporter-output>
        </test-method> <!-- test30_scroll_banner -->
        <test-method is-config="true" signature="doBeforeClass()[pri:0, instance:test.supeixian.demo.TestMyTracks@6a6afff2]" started-at="2021-11-09T21:27:33 GMT+08:00" name="doBeforeClass" finished-at="2021-11-09T21:27:38 GMT+08:00" duration-ms="4699" status="PASS">
          <reporter-output>
          </reporter-output>
        </test-method> <!-- doBeforeClass -->
        <test-method signature="test31_cai_genteibyself()[pri:0, instance:test.supeixian.demo.TestMyTracks@6a6afff2]" started-at="2021-11-09T21:27:38 GMT+08:00" name="test31_cai_genteibyself" finished-at="2021-11-09T21:27:59 GMT+08:00" duration-ms="21229" status="PASS">
          <reporter-output>
          </reporter-output>
        </test-method> <!-- test31_cai_genteibyself -->
        <test-method is-config="true" signature="doBeforeClass()[pri:0, instance:test.supeixian.demo.TestMyTracks@6a6afff2]" started-at="2021-11-09T21:27:59 GMT+08:00" name="doBeforeClass" finished-at="2021-11-09T21:28:05 GMT+08:00" duration-ms="5170" status="PASS">
          <reporter-output>
          </reporter-output>
        </test-method> <!-- doBeforeClass -->
        <test-method signature="test32_after_delete_into_mainpage()[pri:0, instance:test.supeixian.demo.TestMyTracks@6a6afff2]" started-at="2021-11-09T21:28:05 GMT+08:00" name="test32_after_delete_into_mainpage" finished-at="2021-11-09T21:28:26 GMT+08:00" duration-ms="21406" status="PASS">
          <reporter-output>
          </reporter-output>
        </test-method> <!-- test32_after_delete_into_mainpage -->
        <test-method is-config="true" signature="doBeforeClass()[pri:0, instance:test.supeixian.demo.TestMyTracks@6a6afff2]" started-at="2021-11-09T21:28:26 GMT+08:00" name="doBeforeClass" finished-at="2021-11-09T21:28:31 GMT+08:00" duration-ms="5209" status="PASS">
          <reporter-output>
          </reporter-output>
        </test-method> <!-- doBeforeClass -->
        <test-method signature="test33_change_page()[pri:0, instance:test.supeixian.demo.TestMyTracks@6a6afff2]" started-at="2021-11-09T21:28:31 GMT+08:00" name="test33_change_page" finished-at="2021-11-09T21:28:53 GMT+08:00" duration-ms="21524" status="PASS">
          <reporter-output>
          </reporter-output>
        </test-method> <!-- test33_change_page -->
        <test-method is-config="true" signature="doBeforeClass()[pri:0, instance:test.supeixian.demo.TestMyTracks@6a6afff2]" started-at="2021-11-09T21:28:53 GMT+08:00" name="doBeforeClass" finished-at="2021-11-09T21:28:58 GMT+08:00" duration-ms="5222" status="PASS">
          <reporter-output>
          </reporter-output>
        </test-method> <!-- doBeforeClass -->
        <test-method signature="test34_visit_history()[pri:0, instance:test.supeixian.demo.TestMyTracks@6a6afff2]" started-at="2021-11-09T21:28:58 GMT+08:00" name="test34_visit_history" finished-at="2021-11-09T21:29:32 GMT+08:00" duration-ms="34090" status="FAIL">
          <exception class="java.lang.AssertionError">
            <message>
              <![CDATA[expected [false] but found [true]]]>
            </message>
            <full-stacktrace>
              <![CDATA[java.lang.AssertionError: expected [false] but found [true]
at org.testng.Assert.fail(Assert.java:99)
at org.testng.Assert.failNotEquals(Assert.java:1037)
at org.testng.Assert.assertEqualsImpl(Assert.java:140)
at org.testng.Assert.assertEquals(Assert.java:122)
at org.testng.Assert.assertEquals(Assert.java:819)
at org.testng.Assert.assertEquals(Assert.java:829)
at test.supeixian.demo.TestMyTracks.test34_visit_history(TestMyTracks.java:611)
at java.base/jdk.internal.reflect.NativeMethodAccessorImpl.invoke0(Native Method)
at java.base/jdk.internal.reflect.NativeMethodAccessorImpl.invoke(NativeMethodAccessorImpl.java:62)
at java.base/jdk.internal.reflect.DelegatingMethodAccessorImpl.invoke(DelegatingMethodAccessorImpl.java:43)
at java.base/java.lang.reflect.Method.invoke(Method.java:566)
at org.testng.internal.MethodInvocationHelper.invokeMethod(MethodInvocationHelper.java:132)
at org.testng.internal.TestInvoker.invokeMethod(TestInvoker.java:599)
at org.testng.internal.TestInvoker.invokeTestMethod(TestInvoker.java:174)
at org.testng.internal.MethodRunner.runInSequence(MethodRunner.java:46)
at org.testng.internal.TestInvoker$MethodInvocationAgent.invoke(TestInvoker.java:822)
at org.testng.internal.TestInvoker.invokeTestMethods(TestInvoker.java:147)
at org.testng.internal.TestMethodWorker.invokeTestMethods(TestMethodWorker.java:146)
at org.testng.internal.TestMethodWorker.run(TestMethodWorker.java:128)
at java.base/java.util.ArrayList.forEach(ArrayList.java:1540)
at org.testng.TestRunner.privateRun(TestRunner.java:764)
at org.testng.TestRunner.run(TestRunner.java:585)
at org.testng.SuiteRunner.runTest(SuiteRunner.java:384)
at org.testng.SuiteRunner.runSequentially(SuiteRunner.java:378)
at org.testng.SuiteRunner.privateRun(SuiteRunner.java:337)
at org.testng.SuiteRunner.run(SuiteRunner.java:286)
at org.testng.SuiteRunnerWorker.runSuite(SuiteRunnerWorker.java:53)
at org.testng.SuiteRunnerWorker.run(SuiteRunnerWorker.java:96)
at org.testng.TestNG.runSuitesSequentially(TestNG.java:1218)
at org.testng.TestNG.runSuitesLocally(TestNG.java:1140)
at org.testng.TestNG.runSuites(TestNG.java:1069)
at org.testng.TestNG.run(TestNG.java:1037)
at org.testng.remote.AbstractRemoteTestNG.run(AbstractRemoteTestNG.java:115)
at org.testng.remote.RemoteTestNG.initAndRun(RemoteTestNG.java:251)
at org.testng.remote.RemoteTestNG.main(RemoteTestNG.java:77)
]]>
            </full-stacktrace>
          </exception> <!-- java.lang.AssertionError -->
          <reporter-output>
          </reporter-output>
        </test-method> <!-- test34_visit_history -->
        <test-method is-config="true" signature="doBeforeClass()[pri:0, instance:test.supeixian.demo.TestMyTracks@6a6afff2]" started-at="2021-11-09T21:29:32 GMT+08:00" name="doBeforeClass" finished-at="2021-11-09T21:29:37 GMT+08:00" duration-ms="5204" status="PASS">
          <reporter-output>
          </reporter-output>
        </test-method> <!-- doBeforeClass -->
        <test-method signature="test35_payment_page()[pri:0, instance:test.supeixian.demo.TestMyTracks@6a6afff2]" started-at="2021-11-09T21:29:37 GMT+08:00" name="test35_payment_page" finished-at="2021-11-09T21:29:59 GMT+08:00" duration-ms="21440" status="PASS">
          <reporter-output>
          </reporter-output>
        </test-method> <!-- test35_payment_page -->
      </class> <!-- test.supeixian.demo.TestMyTracks -->
    </test> <!-- Default test -->
  </suite> <!-- Default suite -->
</testng-results>
