<?xml version="1.0" encoding="UTF-8"?>
<!-- Generated by org.testng.reporters.JUnitReportReporter -->
<testsuite skipped="34" hostname="LAPTOP-MJQEULQN" name="test.supeixian.demo.TestMyTracks" tests="36" failures="0" timestamp="2021-11-21T08:49:15 GMT+08:00" time="35.044" errors="1">
  <testcase name="test26_dislike_follows" time="4.735" classname="test.supeixian.demo.TestMyTracks">
    <skipped/>
  </testcase> <!-- test26_dislike_follows -->
  <system-out/>
  <testcase name="test05_collection_many" time="0.000" classname="test.supeixian.demo.TestMyTracks">
    <skipped/>
  </testcase> <!-- test05_collection_many -->
  <system-out/>
  <testcase name="test16_dele_dislike_post" time="0.000" classname="test.supeixian.demo.TestMyTracks">
    <skipped/>
  </testcase> <!-- test16_dele_dislike_post -->
  <system-out/>
  <testcase name="test25_dele_disliked_follows_fail" time="0.000" classname="test.supeixian.demo.TestMyTracks">
    <skipped/>
  </testcase> <!-- test25_dele_disliked_follows_fail -->
  <system-out/>
  <testcase name="test04_collection_delete_fail" time="0.000" classname="test.supeixian.demo.TestMyTracks">
    <skipped/>
  </testcase> <!-- test04_collection_delete_fail -->
  <system-out/>
  <testcase name="test10_fold" time="0.000" classname="test.supeixian.demo.TestMyTracks">
    <skipped/>
  </testcase> <!-- test10_fold -->
  <system-out/>
  <testcase name="test27_into_payment_history_page" time="0.000" classname="test.supeixian.demo.TestMyTracks">
    <skipped/>
  </testcase> <!-- test27_into_payment_history_page -->
  <system-out/>
  <testcase name="test13_dele_fabulous_record" time="0.000" classname="test.supeixian.demo.TestMyTracks">
    <skipped/>
  </testcase> <!-- test13_dele_fabulous_record -->
  <system-out/>
  <testcase name="test32_after_delete_into_mainpage" time="0.000" classname="test.supeixian.demo.TestMyTracks">
    <skipped/>
  </testcase> <!-- test32_after_delete_into_mainpage -->
  <system-out/>
  <testcase name="test07_collection_more" time="0.000" classname="test.supeixian.demo.TestMyTracks">
    <skipped/>
  </testcase> <!-- test07_collection_more -->
  <system-out/>
  <testcase name="test22_into_disliked_follow" time="0.000" classname="test.supeixian.demo.TestMyTracks">
    <skipped/>
  </testcase> <!-- test22_into_disliked_follow -->
  <system-out/>
  <testcase name="test11_fabulous" time="0.000" classname="test.supeixian.demo.TestMyTracks">
    <skipped/>
  </testcase> <!-- test11_fabulous -->
  <system-out/>
  <testcase name="test15_into_dislike_post" time="0.000" classname="test.supeixian.demo.TestMyTracks">
    <skipped/>
  </testcase> <!-- test15_into_dislike_post -->
  <system-out/>
  <testcase name="test12_zan_moretime" time="0.000" classname="test.supeixian.demo.TestMyTracks">
    <skipped/>
  </testcase> <!-- test12_zan_moretime -->
  <system-out/>
  <testcase name="test20_dele_like_follow_post" time="0.000" classname="test.supeixian.demo.TestMyTracks">
    <skipped/>
  </testcase> <!-- test20_dele_like_follow_post -->
  <system-out/>
  <testcase name="test03_collection_delete_success" time="0.000" classname="test.supeixian.demo.TestMyTracks">
    <skipped/>
  </testcase> <!-- test03_collection_delete_success -->
  <system-out/>
  <testcase name="test28_into_payment_page" time="0.000" classname="test.supeixian.demo.TestMyTracks">
    <skipped/>
  </testcase> <!-- test28_into_payment_page -->
  <system-out/>
  <testcase name="test06_collection_clicklong" time="0.000" classname="test.supeixian.demo.TestMyTracks">
    <skipped/>
  </testcase> <!-- test06_collection_clicklong -->
  <system-out/>
  <testcase name="test31_cai_genteibyself" time="0.000" classname="test.supeixian.demo.TestMyTracks">
    <skipped/>
  </testcase> <!-- test31_cai_genteibyself -->
  <system-out/>
  <testcase name="test01_collection" time="25.292" classname="test.supeixian.demo.TestMyTracks"/>
  <system-out/>
  <testcase name="test14_fabulous_success" time="0.000" classname="test.supeixian.demo.TestMyTracks">
    <skipped/>
  </testcase> <!-- test14_fabulous_success -->
  <system-out/>
  <testcase name="test17_dislike_success" time="0.000" classname="test.supeixian.demo.TestMyTracks">
    <skipped/>
  </testcase> <!-- test17_dislike_success -->
  <system-out/>
  <testcase name="test29_return_page" time="0.000" classname="test.supeixian.demo.TestMyTracks">
    <skipped/>
  </testcase> <!-- test29_return_page -->
  <system-out/>
  <testcase name="test09_visited_posts_enter_main" time="0.000" classname="test.supeixian.demo.TestMyTracks">
    <skipped/>
  </testcase> <!-- test09_visited_posts_enter_main -->
  <system-out/>
  <testcase name="test34_visit_history" time="0.000" classname="test.supeixian.demo.TestMyTracks">
    <skipped/>
  </testcase> <!-- test34_visit_history -->
  <system-out/>
  <testcase name="test33_change_page" time="0.000" classname="test.supeixian.demo.TestMyTracks">
    <skipped/>
  </testcase> <!-- test33_change_page -->
  <system-out/>
  <testcase name="test19_from_comment_into_post" time="0.000" classname="test.supeixian.demo.TestMyTracks">
    <skipped/>
  </testcase> <!-- test19_from_comment_into_post -->
  <system-out/>
  <testcase name="test21_like_follow_post_success" time="0.000" classname="test.supeixian.demo.TestMyTracks">
    <skipped/>
  </testcase> <!-- test21_like_follow_post_success -->
  <system-out/>
  <testcase name="test08_visited_posts" time="0.000" classname="test.supeixian.demo.TestMyTracks">
    <skipped/>
  </testcase> <!-- test08_visited_posts -->
  <system-out/>
  <testcase name="test30_scroll_banner" time="0.000" classname="test.supeixian.demo.TestMyTracks">
    <skipped/>
  </testcase> <!-- test30_scroll_banner -->
  <system-out/>
  <testcase name="test35_payment_page" time="0.000" classname="test.supeixian.demo.TestMyTracks">
    <skipped/>
  </testcase> <!-- test35_payment_page -->
  <system-out/>
  <testcase name="test23_into_details" time="0.000" classname="test.supeixian.demo.TestMyTracks">
    <skipped/>
  </testcase> <!-- test23_into_details -->
  <system-out/>
  <testcase name="test18_into_comment" time="0.000" classname="test.supeixian.demo.TestMyTracks">
    <skipped/>
  </testcase> <!-- test18_into_comment -->
  <system-out/>
  <testcase name="test02_collection_details" time="0.000" classname="test.supeixian.demo.TestMyTracks">
    <skipped/>
  </testcase> <!-- test02_collection_details -->
  <system-out/>
  <testcase name="test24_dele_disliked_follows" time="0.000" classname="test.supeixian.demo.TestMyTracks">
    <skipped/>
  </testcase> <!-- test24_dele_disliked_follows -->
  <system-out/>
  <testcase name="doBeforeMehod" time="5.017" classname="test.supeixian.demo.TestMyTracks">
    <error type="org.openqa.selenium.WebDriverException" message="Process unexpectedly closed with status 0
Build info: version: &#039;3.141.59&#039;, revision: &#039;e82be7d358&#039;, time: &#039;2018-11-14T08:25:53&#039;
System info: host: &#039;LAPTOP-MJQEULQN&#039;, ip: &#039;169.254.17.14&#039;, os.name: &#039;Windows 10&#039;, os.arch: &#039;amd64&#039;, os.version: &#039;10.0&#039;, java.version: &#039;1.8.0_144&#039;
Driver info: driver.version: FirefoxDriver
remote stacktrace: ">
      <![CDATA[org.openqa.selenium.WebDriverException: Process unexpectedly closed with status 0
Build info: version: '3.141.59', revision: 'e82be7d358', time: '2018-11-14T08:25:53'
System info: host: 'LAPTOP-MJQEULQN', ip: '169.254.17.14', os.name: 'Windows 10', os.arch: 'amd64', os.version: '10.0', java.version: '1.8.0_144'
Driver info: driver.version: FirefoxDriver
remote stacktrace: 
at sun.reflect.NativeConstructorAccessorImpl.newInstance0(Native Method)
at sun.reflect.NativeConstructorAccessorImpl.newInstance(NativeConstructorAccessorImpl.java:62)
at sun.reflect.DelegatingConstructorAccessorImpl.newInstance(DelegatingConstructorAccessorImpl.java:45)
at java.lang.reflect.Constructor.newInstance(Constructor.java:423)
at org.openqa.selenium.remote.W3CHandshakeResponse.lambda$errorHandler$0(W3CHandshakeResponse.java:62)
at org.openqa.selenium.remote.HandshakeResponse.lambda$getResponseFunction$0(HandshakeResponse.java:30)
at org.openqa.selenium.remote.ProtocolHandshake.lambda$createSession$0(ProtocolHandshake.java:126)
at java.util.stream.ReferencePipeline$3$1.accept(ReferencePipeline.java:193)
at java.util.Spliterators$ArraySpliterator.tryAdvance(Spliterators.java:958)
at java.util.stream.ReferencePipeline.forEachWithCancel(ReferencePipeline.java:126)
at java.util.stream.AbstractPipeline.copyIntoWithCancel(AbstractPipeline.java:498)
at java.util.stream.AbstractPipeline.copyInto(AbstractPipeline.java:485)
at java.util.stream.AbstractPipeline.wrapAndCopyInto(AbstractPipeline.java:471)
at java.util.stream.FindOps$FindOp.evaluateSequential(FindOps.java:152)
at java.util.stream.AbstractPipeline.evaluate(AbstractPipeline.java:234)
at java.util.stream.ReferencePipeline.findFirst(ReferencePipeline.java:464)
at org.openqa.selenium.remote.ProtocolHandshake.createSession(ProtocolHandshake.java:128)
at org.openqa.selenium.remote.ProtocolHandshake.createSession(ProtocolHandshake.java:74)
at org.openqa.selenium.remote.HttpCommandExecutor.execute(HttpCommandExecutor.java:136)
at org.openqa.selenium.remote.service.DriverCommandExecutor.execute(DriverCommandExecutor.java:83)
at org.openqa.selenium.remote.RemoteWebDriver.execute(RemoteWebDriver.java:552)
at org.openqa.selenium.remote.RemoteWebDriver.startSession(RemoteWebDriver.java:213)
at org.openqa.selenium.remote.RemoteWebDriver.<init>(RemoteWebDriver.java:131)
at org.openqa.selenium.firefox.FirefoxDriver.<init>(FirefoxDriver.java:147)
at org.openqa.selenium.firefox.FirefoxDriver.<init>(FirefoxDriver.java:125)
at com.webtest.core.BaseTest.newWebDriver(Unknown Source)
at test.supeixian.demo.TestMyTracks.doBeforeMehod(Unknown Source)
at sun.reflect.NativeMethodAccessorImpl.invoke0(Native Method)
at sun.reflect.NativeMethodAccessorImpl.invoke(NativeMethodAccessorImpl.java:62)
at sun.reflect.DelegatingMethodAccessorImpl.invoke(DelegatingMethodAccessorImpl.java:43)
at java.lang.reflect.Method.invoke(Method.java:498)
at org.testng.internal.MethodInvocationHelper.invokeMethod(MethodInvocationHelper.java:132)
at org.testng.internal.MethodInvocationHelper.invokeMethodConsideringTimeout(MethodInvocationHelper.java:61)
at org.testng.internal.ConfigInvoker.invokeConfigurationMethod(ConfigInvoker.java:366)
at org.testng.internal.ConfigInvoker.invokeConfigurations(ConfigInvoker.java:320)
at org.testng.internal.TestInvoker.runConfigMethods(TestInvoker.java:701)
at org.testng.internal.TestInvoker.invokeMethod(TestInvoker.java:527)
at org.testng.internal.TestInvoker.invokeTestMethod(TestInvoker.java:174)
at org.testng.internal.MethodRunner.runInSequence(MethodRunner.java:46)
at org.testng.internal.TestInvoker$MethodInvocationAgent.invoke(TestInvoker.java:822)
at org.testng.internal.TestInvoker.invokeTestMethods(TestInvoker.java:147)
at org.testng.internal.TestMethodWorker.invokeTestMethods(TestMethodWorker.java:146)
at org.testng.internal.TestMethodWorker.run(TestMethodWorker.java:128)
at java.util.ArrayList.forEach(ArrayList.java:1249)
at org.testng.TestRunner.privateRun(TestRunner.java:764)
at org.testng.TestRunner.run(TestRunner.java:585)
at org.testng.SuiteRunner.runTest(SuiteRunner.java:384)
at org.testng.SuiteRunner.runSequentially(SuiteRunner.java:378)
at org.testng.SuiteRunner.privateRun(SuiteRunner.java:337)
at org.testng.SuiteRunner.run(SuiteRunner.java:286)
at org.testng.SuiteRunnerWorker.runSuite(SuiteRunnerWorker.java:53)
at org.testng.SuiteRunnerWorker.run(SuiteRunnerWorker.java:96)
at org.testng.TestNG.runSuitesSequentially(TestNG.java:1218)
at org.testng.TestNG.runSuitesLocally(TestNG.java:1140)
at org.testng.TestNG.runSuites(TestNG.java:1069)
at org.testng.TestNG.run(TestNG.java:1037)
at org.testng.TestNG.privateMain(TestNG.java:1371)
at org.testng.TestNG.main(TestNG.java:1335)
]]>
    </error>
  </testcase> <!-- doBeforeMehod -->
  <system-out/>
</testsuite> <!-- test.supeixian.demo.TestMyTracks -->
